This is pdfTeX, Version 3.141592653-2.6-1.40.27 (MiKTeX 25.4) (preloaded format=pdflatex 2025.12.3)  6 DEC 2025 19:01
entering extended mode
 restricted \write18 enabled.
 %&-line parsing enabled.
**./refman.tex
(refman.tex
LaTeX2e <2025-11-01>
L3 programming layer <2025-11-06>
(C:\Users\User\AppData\Local\Programs\MiKTeX\tex/generic/iftex\iftex.sty
Package: iftex 2024/12/12 v1.0g TeX engine tests
)
(C:\Users\User\AppData\Local\Programs\MiKTeX\tex/latex/base\book.cls
Document Class: book 2025/01/22 v1.4n Standard LaTeX document class
(C:\Users\User\AppData\Local\Programs\MiKTeX\tex/latex/base\bk10.clo
File: bk10.clo 2025/01/22 v1.4n Standard LaTeX file (size option)
)
\c@part=\count275
\c@chapter=\count276
\c@section=\count277
\c@subsection=\count278
\c@subsubsection=\count279
\c@paragraph=\count280
\c@subparagraph=\count281
\c@figure=\count282
\c@table=\count283
\abovecaptionskip=\skip49
\belowcaptionskip=\skip50
\bibindent=\dimen148
)
(C:\Users\User\AppData\Local\Programs\MiKTeX\tex/generic/infwarerr\infwarerr.st
y
package info suppressed
) (doxygen.sty
Package: doxygen 

(C:\Users\User\AppData\Local\Programs\MiKTeX\tex/latex/base\alltt.sty
Package: alltt 2024/07/07 v2.0g defines alltt environment
)
(C:\Users\User\AppData\Local\Programs\MiKTeX\tex/latex/tools\array.sty
Package: array 2025/09/25 v2.6n Tabular extension package (FMi)
\col@sep=\dimen149
\ar@mcellbox=\box53
\extrarowheight=\dimen150
\NC@list=\toks17
\extratabsurround=\skip51
\backup@length=\skip52
\ar@cellbox=\box54
)
(C:\Users\User\AppData\Local\Programs\MiKTeX\tex/latex/tools\calc.sty
Package: calc 2025/03/01 v4.3b Infix arithmetic (KKT,FJ)
\calc@Acount=\count284
\calc@Bcount=\count285
\calc@Adimen=\dimen151
\calc@Bdimen=\dimen152
\calc@Askip=\skip53
\calc@Bskip=\skip54
LaTeX Info: Redefining \setlength on input line 86.
LaTeX Info: Redefining \addtolength on input line 87.
\calc@Ccount=\count286
\calc@Cskip=\skip55
)
(C:\Users\User\AppData\Local\Programs\MiKTeX\tex/latex/float\float.sty
Package: float 2001/11/08 v1.3d Float enhancements (AL)
\c@float@type=\count287
\float@exts=\toks18
\float@box=\box55
\@float@everytoks=\toks19
\@floatcapt=\box56
)
(C:\Users\User\AppData\Local\Programs\MiKTeX\tex/latex/base\ifthen.sty
Package: ifthen 2024/03/16 v1.1e Standard LaTeX ifthen package (DPC)
)
(C:\Users\User\AppData\Local\Programs\MiKTeX\tex/latex/tools\verbatim.sty
Package: verbatim 2024-01-22 v1.5x LaTeX2e package for verbatim enhancements
\every@verbatim=\toks20
\verbatim@line=\toks21
\verbatim@in@stream=\read2
)
(C:\Users\User\AppData\Local\Programs\MiKTeX\tex/latex/varwidth\varwidth.sty
Package: varwidth 2009/03/30 ver 0.92;  Variable-width minipages
\@vwid@box=\box57
\sift@deathcycles=\count288
\@vwid@loff=\dimen153
\@vwid@roff=\dimen154
)
==> First Aid for varwidth.sty applied!
(C:\Users\User\AppData\Local\Programs\MiKTeX\tex/latex/xcolor\xcolor.sty
Package: xcolor 2024/09/29 v3.02 LaTeX color extensions (UK)

(C:\Users\User\AppData\Local\Programs\MiKTeX\tex/latex/graphics-cfg\color.cfg
File: color.cfg 2016/01/02 v1.6 sample color configuration
)
Package xcolor Info: Driver file: pdftex.def on input line 274.

(C:\Users\User\AppData\Local\Programs\MiKTeX\tex/latex/graphics-def\pdftex.def
File: pdftex.def 2025/09/29 v1.2d Graphics/color driver for pdftex
) (C:\Users\User\AppData\Local\Programs\MiKTeX\tex/latex/graphics\mathcolor.ltx
)
Package xcolor Info: Model `cmy' substituted by `cmy0' on input line 1349.
Package xcolor Info: Model `hsb' substituted by `rgb' on input line 1353.
Package xcolor Info: Model `RGB' extended on input line 1365.
Package xcolor Info: Model `HTML' substituted by `rgb' on input line 1367.
Package xcolor Info: Model `Hsb' substituted by `hsb' on input line 1368.
Package xcolor Info: Model `tHsb' substituted by `hsb' on input line 1369.
Package xcolor Info: Model `HSB' substituted by `hsb' on input line 1370.
Package xcolor Info: Model `Gray' substituted by `gray' on input line 1371.
Package xcolor Info: Model `wave' substituted by `hsb' on input line 1372.
) (C:\Users\User\AppData\Local\Programs\MiKTeX\tex/latex/colortbl\colortbl.sty
Package: colortbl 2024/10/29 v1.0k Color table columns (DPC)
\everycr=\toks22
\minrowclearance=\skip56
\rownum=\count289
) (C:\Users\User\AppData\Local\Programs\MiKTeX\tex/latex/tools\longtable.sty
Package: longtable 2025-10-13 v4.24 Multi-page Table package (DPC)
\LTleft=\skip57
\LTright=\skip58
\LTpre=\skip59
\LTpost=\skip60
\LTchunksize=\count290
\LTcapwidth=\dimen155
\LT@head=\box58
\LT@firsthead=\box59
\LT@foot=\box60
\LT@lastfoot=\box61
\LT@gbox=\box62
\LT@cols=\count291
\LT@rows=\count292
\c@LT@tables=\count293
\c@LT@chunks=\count294
\LT@p@ftn=\toks23
)
(C:\Users\User\AppData\Local\Programs\MiKTeX\tex/latex/xltabular\xltabular.sty
Package: xltabular 2025/02/28 v0.2i `xltabular' package (hv,RN)

(C:\Users\User\AppData\Local\Programs\MiKTeX\tex/latex/tools\tabularx.sty
Package: tabularx 2023/12/11 v2.12a `tabularx' package (DPC)
\TX@col@width=\dimen156
\TX@old@table=\dimen157
\TX@old@col=\dimen158
\TX@target=\dimen159
\TX@delta=\dimen160
\TX@cols=\count295
\TX@ftn=\toks24
)
(C:\Users\User\AppData\Local\Programs\MiKTeX\tex/latex/etoolbox\etoolbox.sty
Package: etoolbox 2025/10/02 v2.5m e-TeX tools for LaTeX (JAW)
\etb@tempcnta=\count296
)
(C:\Users\User\AppData\Local\Programs\MiKTeX\tex/latex/ltablex\ltablex.sty
Package: ltablex 2014/08/13 v1.1 Modified tabularx
))
(C:\Users\User\AppData\Local\Programs\MiKTeX\tex/latex/tabularray\tabularray.st
y
Package: tabularray 2025-08-29 v2025B Typeset tabulars and arrays with LaTeX3

(C:\Users\User\AppData\Local\Programs\MiKTeX\tex/latex/ninecolors\ninecolors.st
y
Package: ninecolors 2022-02-13 v2022D Select colors with proper color contrast

(C:\Users\User\AppData\Local\Programs\MiKTeX\tex/latex/l3packages/xparse\xparse
.sty (C:\Users\User\AppData\Local\Programs\MiKTeX\tex/latex/l3kernel\expl3.sty
Package: expl3 2025-11-06 L3 programming layer (loader) 

(C:\Users\User\AppData\Local\Programs\MiKTeX\tex/latex/l3backend\l3backend-pdft
ex.def
File: l3backend-pdftex.def 2025-10-09 L3 backend support: PDF output (pdfTeX)
\l__color_backend_stack_int=\count297
))
Package: xparse 2025-10-09 L3 Experimental document command parser
))
\l__tblr_a_int=\count298
\l__tblr_c_int=\count299
\l__tblr_r_int=\count300
\l__tblr_d_dim=\dimen161
\l__tblr_h_dim=\dimen162
\l__tblr_o_dim=\dimen163
\l__tblr_p_dim=\dimen164
\l__tblr_q_dim=\dimen165
\l__tblr_r_dim=\dimen166
\l__tblr_s_dim=\dimen167
\l__tblr_t_dim=\dimen168
\l__tblr_v_dim=\dimen169
\l__tblr_w_dim=\dimen170
\l__tblr_a_box=\box63
\l__tblr_b_box=\box64
\l__tblr_c_box=\box65
\l__tblr_d_box=\box66
\c@tblrcount=\count301
\c@colnum=\count302
\c@rowcount=\count303
\c@colcount=\count304
\abovesep=\dimen171
\belowsep=\dimen172
\leftsep=\dimen173
\rightsep=\dimen174
\gTblrLevelInt=\count305
\g__tblr_data_row_key_count_int=\count306
\g__tblr_data_column_key_count_int=\count307
\g__tblr_data_cell_key_count_int=\count308
\g__tblr_array_int=\count309
\l__tblr_key_count_int=\count310
\l__tblr_key_quotient_int=\count311
\l__tblr_key_quotient_two_int=\count312
\l__tblr_key_remainder_int=\count313
\g__tblr_data_str_value_count_int=\count314
\lTblrChildTotalInt=\count315
\lTblrChildHtotalInt=\count316
\lTblrChildVtotalInt=\count317
\l__child_diff_h_int=\count318
\l__child_diff_v_int=\count319
\l__child_sign_h_int=\count320
\l__child_sign_v_int=\count321
\l__child_step_int=\count322
\lTblrDefaultHruleWidthDim=\dimen175
\lTblrDefaultVruleWidthDim=\dimen176
\l__tblr_split_balance_int=\count323
\l__tblr_strut_dp_dim=\dimen177
\l__tblr_strut_ht_dim=\dimen178
\g__tblr_cell_wd_dim=\dimen179
\g__tblr_cell_ht_dim=\dimen180
\g__tblr_cell_head_dim=\dimen181
\g__tblr_cell_foot_dim=\dimen182
\l__tblr_measured_cell_box=\box67
\g__tblr_last_box=\box68
\l__tblr_temp_box=\box69
\l__tblr_column_target_dim=\dimen183
\l__tblr_hfuzz_dim=\dimen184
\l__tblr_caption_box=\box70
\l__tblr_caption_left_box=\box71
\lTblrRowHeadInt=\count324
\lTblrRowFootInt=\count325
\l__tblr_row_head_box=\box72
\l__tblr_row_foot_box=\box73
\l__tblr_row_head_foot_dim=\dimen185
\lTblrTableWidthDim=\dimen186
\l__tblr_table_firsthead_box=\box74
\l__tblr_table_middlehead_box=\box75
\l__tblr_table_lasthead_box=\box76
\l__tblr_table_firstfoot_box=\box77
\l__tblr_table_middlefoot_box=\box78
\l__tblr_table_lastfoot_box=\box79
\l__tblr_remain_height_dim=\dimen187
\l__tblr_long_from_int=\count326
\l__tblr_long_to_int=\count327
\l__tblr_curr_i_int=\count328
\l__tblr_prev_i_int=\count329
\lTblrTablePageInt=\count330
\l__tblr_table_head_box=\box80
\l__tblr_table_foot_box=\box81
\l__tblr_table_head_foot_dim=\dimen188
\l__tblr_table_head_body_foot_dim=\dimen189
\l__tblr_table_box=\box82
\lTblrRowFirstInt=\count331
\lTblrRowLastInt=\count332
\l__tblr_table_hlines_box=\box83
\l__tblr_hline_box=\box84
\l__tblr_row_box=\box85
\l__tblr_col_o_wd_dim=\dimen190
\l__tblr_col_b_wd_dim=\dimen191
\l__tblr_hline_leftskip_dim=\dimen192
\l__tblr_hline_rightskip_dim=\dimen193
\l__tblr_row_ht_dim=\dimen194
\l__tblr_row_dp_dim=\dimen195
\l__tblr_row_abovesep_dim=\dimen196
\l__tblr_row_belowsep_dim=\dimen197
\l__tblr_row_vlines_box=\box86
\l__tblr_vline_box=\box87
\l__tblr_cell_box=\box88
\l__tblr_row_upper_dim=\dimen198
\l__tblr_row_lower_dim=\dimen199
\l__tblr_row_vpace_dim=\dimen256
\l__tblr_vline_aboveskip_dim=\dimen257
\l__tblr_vline_belowskip_dim=\dimen258
\lTblrCellRowSpanInt=\count333
\lTblrCellColSpanInt=\count334
\l__tblr_cell_wd_dim=\dimen259
\l__tblr_cell_ht_dim=\dimen260
\lTblrCellAboveBorderWidthDim=\dimen261
\lTblrCellBelowBorderWidthDim=\dimen262
\lTblrCellLeftBorderWidthDim=\dimen263
\lTblrCellRightBorderWidthDim=\dimen264
\l__tblr_diag_box=\box89
\l__tblr_cell_inner_wd_dim=\dimen265
\l__tblr_cell_inner_dp_dim=\dimen266
\l__tblr_cell_hanchor_dim=\dimen267
\l__tblr_last_cell_table_ht_dim=\dimen268
\l__tblr_last_cell_table_dp_dim=\dimen269
\l__tblr_last_vline_wd_dim=\dimen270
\l__tblr_tikz_node_box=\box90
)
\g__doxy_nohyper_int=\count335

(C:\Users\User\AppData\Local\Programs\MiKTeX\tex/latex/fancyvrb\fancyvrb.sty
Package: fancyvrb 2025/07/28 4.6 verbatim text (tvz,hv)

(C:\Users\User\AppData\Local\Programs\MiKTeX\tex/latex/graphics\keyval.sty
Package: keyval 2022/05/29 v1.15 key=value parser (DPC)
\KV@toks@=\toks25
)
\FV@CodeLineNo=\count336
\FV@InFile=\read3
\FV@TabBox=\box91
\c@FancyVerbLine=\count337
\FV@StepNumber=\count338
\FV@OutFile=\write3
)
(C:\Users\User\AppData\Local\Programs\MiKTeX\tex/latex/tools\multicol.sty
Package: multicol 2025/10/21 v2.0b multicolumn formatting (FMi)
\c@tracingmulticols=\count339
\mult@box=\box92
\multicol@leftmargin=\dimen271
\c@unbalance=\count340
\c@collectmore=\count341
\doublecol@number=\count342
\multicoltolerance=\count343
\multicolpretolerance=\count344
\full@width=\dimen272
\page@free=\dimen273
\premulticols=\dimen274
\postmulticols=\dimen275
\multicolsep=\skip61
\multicolbaselineskip=\skip62
\partial@page=\box93
\last@line=\box94
\mc@boxedresult=\box95
\maxbalancingoverflow=\dimen276
\mult@rightbox=\box96
\mult@grightbox=\box97
\mult@firstbox=\box98
\mult@gfirstbox=\box99
\@tempa=\box100
\@tempa=\box101
\@tempa=\box102
\@tempa=\box103
\@tempa=\box104
\@tempa=\box105
\@tempa=\box106
\@tempa=\box107
\@tempa=\box108
\@tempa=\box109
\@tempa=\box110
\@tempa=\box111
\@tempa=\box112
\@tempa=\box113
\@tempa=\box114
\@tempa=\box115
\@tempa=\box116
\@tempa=\box117
\@tempa=\box118
\@tempa=\box119
\@tempa=\box120
\@tempa=\box121
\@tempa=\box122
\@tempa=\box123
\@tempa=\box124
\@tempa=\box125
\@tempa=\box126
\@tempa=\box127
\@tempa=\box128
\@tempa=\box129
\@tempa=\box130
\@tempa=\box131
\@tempa=\box132
\@tempa=\box133
\@tempa=\box134
\@tempa=\box135
\c@minrows=\count345
\c@columnbadness=\count346
\c@finalcolumnbadness=\count347
\last@try=\dimen277
\multicolovershoot=\dimen278
\multicolundershoot=\dimen279
\mult@nat@firstbox=\box136
\colbreak@box=\box137
\mc@col@check@num=\count348
\g__mc_curr_col_int=\count349
)
(C:\Users\User\AppData\Local\Programs\MiKTeX\tex/latex/multirow\multirow.sty
Package: multirow 2024/11/12 v2.9 Span multiple rows of a table
\multirow@colwidth=\skip63
\multirow@cntb=\count350
\multirow@dima=\skip64
\bigstrutjot=\dimen280
)
(C:\Users\User\AppData\Local\Programs\MiKTeX\tex/latex/hanging\hanging.sty
Package: hanging 2009/09/02 v1.2b hanging paragraphs and punctuation
\h@ngcommawd=\skip65
\h@ngfstopwd=\skip66
\h@ngquotewd=\skip67
\h@ngdquotewd=\skip68
\h@ngquerywd=\skip69
\h@ngexclwd=\skip70
\h@ngcolonwd=\skip71
\h@ngscolonwd=\skip72
)
(C:\Users\User\AppData\Local\Programs\MiKTeX\tex/generic/iftex\ifpdf.sty
Package: ifpdf 2019/10/25 v3.4 ifpdf legacy package. Use iftex instead.
)
(C:\Users\User\AppData\Local\Programs\MiKTeX\tex/latex/adjustbox\adjustbox.sty
Package: adjustbox 2025/02/26 v1.3c Adjusting TeX boxes (trim, clip, ...)

(C:\Users\User\AppData\Local\Programs\MiKTeX\tex/latex/xkeyval\xkeyval.sty
Package: xkeyval 2022/06/16 v2.9 package option processing (HA)

(C:\Users\User\AppData\Local\Programs\MiKTeX\tex/generic/xkeyval\xkeyval.tex
(C:\Users\User\AppData\Local\Programs\MiKTeX\tex/generic/xkeyval\xkvutils.tex
\XKV@toks=\toks26
\XKV@tempa@toks=\toks27
)
\XKV@depth=\count351
File: xkeyval.tex 2014/12/03 v2.7a key=value parser (HA)
)) (C:\Users\User\AppData\Local\Programs\MiKTeX\tex/latex/adjustbox\adjcalc.sty
Package: adjcalc 2012/05/16 v1.1 Provides advanced setlength with multiple back
-ends (calc, etex, pgfmath)
) (C:\Users\User\AppData\Local\Programs\MiKTeX\tex/latex/adjustbox\trimclip.sty
Package: trimclip 2025/02/21 v1.2a Trim and clip general TeX material

(C:\Users\User\AppData\Local\Programs\MiKTeX\tex/latex/graphics\graphicx.sty
Package: graphicx 2024/12/31 v1.2e Enhanced LaTeX Graphics (DPC,SPQR)

(C:\Users\User\AppData\Local\Programs\MiKTeX\tex/latex/graphics\graphics.sty
Package: graphics 2024/08/06 v1.4g Standard LaTeX Graphics (DPC,SPQR)

(C:\Users\User\AppData\Local\Programs\MiKTeX\tex/latex/graphics\trig.sty
Package: trig 2023/12/02 v1.11 sin cos tan (DPC)
)
(C:\Users\User\AppData\Local\Programs\MiKTeX\tex/latex/graphics-cfg\graphics.cf
g
File: graphics.cfg 2016/06/04 v1.11 sample graphics configuration
)
Package graphics Info: Driver file: pdftex.def on input line 106.
)
\Gin@req@height=\dimen281
\Gin@req@width=\dimen282
)
(C:\Users\User\AppData\Local\Programs\MiKTeX\tex/latex/collectbox\collectbox.st
y
Package: collectbox 2022/10/17 v0.4c Collect macro arguments as boxes
\collectedbox=\box138
)
\tc@llx=\dimen283
\tc@lly=\dimen284
\tc@urx=\dimen285
\tc@ury=\dimen286
Package trimclip Info: Using driver 'tc-pdftex.def'.

(C:\Users\User\AppData\Local\Programs\MiKTeX\tex/latex/adjustbox\tc-pdftex.def
File: tc-pdftex.def 2025/02/26 v2.3 Clipping driver for pdftex
))
\adjbox@Width=\dimen287
\adjbox@Height=\dimen288
\adjbox@Depth=\dimen289
\adjbox@Totalheight=\dimen290
\adjbox@pwidth=\dimen291
\adjbox@pheight=\dimen292
\adjbox@pdepth=\dimen293
\adjbox@ptotalheight=\dimen294

(C:\Users\User\AppData\Local\Programs\MiKTeX\tex/latex/ifoddpage\ifoddpage.sty
Package: ifoddpage 2022/10/18 v1.2 Conditionals for odd/even page detection
\c@checkoddpage=\count352
)) (C:\Users\User\AppData\Local\Programs\MiKTeX\tex/latex/amsfonts\amssymb.sty
Package: amssymb 2013/01/14 v3.01 AMS font symbols

(C:\Users\User\AppData\Local\Programs\MiKTeX\tex/latex/amsfonts\amsfonts.sty
Package: amsfonts 2013/01/14 v3.01 Basic AMSFonts support
\@emptytoks=\toks28
\symAMSa=\mathgroup4
\symAMSb=\mathgroup5
LaTeX Font Info:    Redeclaring math symbol \hbar on input line 98.
LaTeX Font Info:    Overwriting math alphabet `\mathfrak' in version `bold'
(Font)                  U/euf/m/n --> U/euf/b/n on input line 106.
))
(C:\Users\User\AppData\Local\Programs\MiKTeX\tex/latex/stackengine\stackengine.
sty
Package: stackengine 2021/07/22 v4.11\ Stacking text and objects in convenient 
ways

(C:\Users\User\AppData\Local\Programs\MiKTeX\tex/latex/listofitems\listofitems.
sty
(C:\Users\User\AppData\Local\Programs\MiKTeX\tex/generic/listofitems\listofitem
s.tex
\loi_cnt_foreach_nest=\count353
\loi_nestcnt=\count354
)
Package: listofitems 2024/03/09 v1.65 Grab items in lists using user-specified 
sep char (CT)
)
\c@@stackindex=\count355
\@boxshift=\skip73
\stack@tmplength=\skip74
\temp@stkl=\skip75
\@stackedboxwidth=\skip76
\@addedbox=\box139
\@anchorbox=\box140
\@insetbox=\box141
\se@backgroundbox=\box142
\stackedbox=\box143
\@centerbox=\box144
\c@ROWcellindex@=\count356
)
(C:\Users\User\AppData\Local\Programs\MiKTeX\tex/latex/enumitem\enumitem.sty
Package: enumitem 2025/02/06 v3.11 Customized lists
\labelindent=\skip77
\enit@outerparindent=\dimen295
\enit@toks=\toks29
\enit@inbox=\box145
\enit@count@id=\count357
\enitdp@description=\count358
)
(C:\Users\User\AppData\Local\Programs\MiKTeX\tex/generic/alphalph\alphalph.sty
Package: alphalph 2019/12/09 v2.6 Convert numbers to letters (HO)

(C:\Users\User\AppData\Local\Programs\MiKTeX\tex/generic/intcalc\intcalc.sty
Package: intcalc 2019/12/15 v1.3 Expandable calculations with integers (HO)
))
(C:\Users\User\AppData\Local\Programs\MiKTeX\tex/latex/ulem\ulem.sty
\UL@box=\box146
\UL@hyphenbox=\box147
\UL@skip=\skip78
\UL@hook=\toks30
\UL@height=\dimen296
\UL@pe=\count359
\UL@pixel=\dimen297
\ULC@box=\box148
Package: ulem 2019/11/18
\ULdepth=\dimen298
)
\xrefbox=\box149
\xreflength=\skip79
\CodeWidthChar=\skip80
\CodeHeightChar=\skip81
\DoxyCodeWidth=\skip82
\c@DoxyEnumeratei=\count360
\c@DoxyEnumerateii=\count361
\c@DoxyEnumerateiii=\count362
\c@DoxyEnumerateiv=\count363
\c@DoxyEnumeratev=\count364
\c@DoxyEnumeratevi=\count365
\c@DoxyEnumeratevii=\count366
\c@DoxyEnumerateviii=\count367
\c@DoxyEnumerateix=\count368
\c@DoxyEnumeratex=\count369
\c@DoxyEnumeratexi=\count370
\c@DoxyEnumeratexii=\count371
\enitdp@DoxyEnumerate=\count372
\enitdp@DoxyItemize=\count373
\c@subsubsubsection=\count374
\c@subsubsubsubsection=\count375
\c@subsubsubsubsubsection=\count376
\c@subsubsubsubsubsubsection=\count377
)
(C:\Users\User\AppData\Local\Programs\MiKTeX\tex/latex/base\inputenc.sty
Package: inputenc 2024/02/08 v1.3d Input encoding file
\inpenc@prehook=\toks31
\inpenc@posthook=\toks32
)
(C:\Users\User\AppData\Local\Programs\MiKTeX\tex/latex/base\makeidx.sty
Package: makeidx 2021/10/04 v1.0m Standard LaTeX package
)
(C:\Users\User\AppData\Local\Programs\MiKTeX\tex/latex/base\textcomp.sty
Package: textcomp 2024/04/24 v2.1b Standard LaTeX package
)
(C:\Users\User\AppData\Local\Programs\MiKTeX\tex/latex/wasysym\wasysym.sty
Package: wasysym 2020/01/19 v2.4 Wasy-2 symbol support package
\symwasy=\mathgroup6
LaTeX Font Info:    Overwriting symbol font `wasy' in version `bold'
(Font)                  U/wasy/m/n --> U/wasy/b/n on input line 93.
)
(C:\Users\User\AppData\Local\Programs\MiKTeX\tex/generic/iftex\ifxetex.sty
Package: ifxetex 2019/10/25 v0.7 ifxetex legacy package. Use iftex instead.
)
(C:\Users\User\AppData\Local\Programs\MiKTeX\tex/generic/babel\babel.sty
Package: babel 2025/11/09 v25.15 The multilingual framework for LuaLaTeX, pdfLa
TeX and XeLaTeX
\babel@savecnt=\count378
LaTeX Encoding Info:    Redeclaring text command \ij (encoding OT1) on input li
ne 2050.
LaTeX Encoding Info:    Redeclaring text command \IJ (encoding OT1) on input li
ne 2052.
LaTeX Encoding Info:    Redeclaring text command \ij (encoding T1) on input lin
e 2054.
LaTeX Encoding Info:    Redeclaring text command \IJ (encoding T1) on input lin
e 2055.
LaTeX Encoding Info:    Ignoring declaration for text command \ij (encoding ?) 
on input line 2056.
LaTeX Encoding Info:    Ignoring declaration for text command \IJ (encoding ?) 
on input line 2058.
LaTeX Encoding Info:    Ignoring declaration for text command \SS (encoding ?) 
on input line 2083.
\U@D=\dimen299
\l@unhyphenated=\language79

(C:\Users\User\AppData\Local\Programs\MiKTeX\tex/generic/babel\txtbabel.def)
\bbl@readstream=\read4
\bbl@dirlevel=\count379
Package babel Info: Configuration files are deprecated, as
(babel)             they can break document portability.
(babel)             Reported on input line 4175.

*************************************
* Local config file bblopts.cfg used
*
(C:\Users\User\AppData\Local\Programs\MiKTeX\tex/latex/arabi\bblopts.cfg
File: bblopts.cfg 2005/09/08 v0.1 add Arabic and Farsi to "declared" options of
 babel
)
(C:\Users\User\AppData\Local\Programs\MiKTeX\tex/generic/babel/locale/es\babel-
spanish.tex)
Package babel Info: Importing font and identification data for spanish
(babel)             from babel-es.ini. Reported on input line 4298.

(C:\Users\User\AppData\Local\Programs\MiKTeX\tex/latex/babel-spanish\spanish.ld
f
Language: spanish.ldf 2021/05/27 v5.0q Spanish support from the babel system
\es@quottoks=\toks33
\es@quotdepth=\count380
))
LaTeX Encoding Info:    Redeclaring text command \guillemotleft (encoding OT1) 
on input line 47.
LaTeX Encoding Info:    Redeclaring text command \guillemotright (encoding OT1)
 on input line 47.
 (C:\Users\User\AppData\Local\Programs\MiKTeX\tex/latex/base\fontenc.sty
Package: fontenc 2025/07/18 v2.1d Standard LaTeX package
)
(C:\Users\User\AppData\Local\Programs\MiKTeX\tex/latex/psnfss\helvet.sty
Package: helvet 2020/03/25 PSNFSS-v9.3 (WaS) 
)
(C:\Users\User\AppData\Local\Programs\MiKTeX\tex/latex/psnfss\courier.sty
Package: courier 2020/03/25 PSNFSS-v9.3 (WaS) 
)
(C:\Users\User\AppData\Local\Programs\MiKTeX\tex/latex/geometry\geometry.sty
Package: geometry 2020/01/02 v5.9 Page Geometry

(C:\Users\User\AppData\Local\Programs\MiKTeX\tex/generic/iftex\ifvtex.sty
Package: ifvtex 2019/10/25 v1.7 ifvtex legacy package. Use iftex instead.
)
\Gm@cnth=\count381
\Gm@cntv=\count382
\c@Gm@tempcnt=\count383
\Gm@bindingoffset=\dimen300
\Gm@wd@mp=\dimen301
\Gm@odd@mp=\dimen302
\Gm@even@mp=\dimen303
\Gm@layoutwidth=\dimen304
\Gm@layoutheight=\dimen305
\Gm@layouthoffset=\dimen306
\Gm@layoutvoffset=\dimen307
\Gm@dimlist=\toks34

(C:\Users\User\AppData\Local\Programs\MiKTeX\tex/latex/geometry\geometry.cfg))
(C:\Users\User\AppData\Local\Programs\MiKTeX\tex/latex/changepage\changepage.st
y
Package: changepage 2009/10/20 v1.0c check page and change page layout
\c@cp@cntr=\count384
\cp@tempcnt=\count385
LaTeX Info: Redefining \checkoddpage on input line 59.
) (C:\Users\User\AppData\Local\Programs\MiKTeX\tex/latex/fancyhdr\fancyhdr.sty
Package: fancyhdr 2025/02/07 v5.2 Extensive control of page headers and footers

\f@nch@headwidth=\skip83
\f@nch@offset@elh=\skip84
\f@nch@offset@erh=\skip85
\f@nch@offset@olh=\skip86
\f@nch@offset@orh=\skip87
\f@nch@offset@elf=\skip88
\f@nch@offset@erf=\skip89
\f@nch@offset@olf=\skip90
\f@nch@offset@orf=\skip91
\f@nch@height=\skip92
\f@nch@footalignment=\skip93
\f@nch@widthL=\skip94
\f@nch@widthC=\skip95
\f@nch@widthR=\skip96
\@temptokenb=\toks35
) (C:\Users\User\AppData\Local\Programs\MiKTeX\tex/latex/natbib\natbib.sty
Package: natbib 2010/09/13 8.31b (PWD, AO)
\bibhang=\skip97
\bibsep=\skip98
LaTeX Info: Redefining \cite on input line 694.
\c@NAT@ctr=\count386
)
(C:\Users\User\AppData\Local\Programs\MiKTeX\tex/latex/tocloft\tocloft.sty
Package: tocloft 2017/08/31 v2.3i parameterised ToC, etc., typesetting
Package tocloft Info: The document has chapter divisions on input line 51.
\cftparskip=\skip99
\cftbeforetoctitleskip=\skip100
\cftaftertoctitleskip=\skip101
\cftbeforepartskip=\skip102
\cftpartnumwidth=\skip103
\cftpartindent=\skip104
\cftbeforechapskip=\skip105
\cftchapindent=\skip106
\cftchapnumwidth=\skip107
\cftbeforesecskip=\skip108
\cftsecindent=\skip109
\cftsecnumwidth=\skip110
\cftbeforesubsecskip=\skip111
\cftsubsecindent=\skip112
\cftsubsecnumwidth=\skip113
\cftbeforesubsubsecskip=\skip114
\cftsubsubsecindent=\skip115
\cftsubsubsecnumwidth=\skip116
\cftbeforeparaskip=\skip117
\cftparaindent=\skip118
\cftparanumwidth=\skip119
\cftbeforesubparaskip=\skip120
\cftsubparaindent=\skip121
\cftsubparanumwidth=\skip122
\cftbeforeloftitleskip=\skip123
\cftafterloftitleskip=\skip124
\cftbeforefigskip=\skip125
\cftfigindent=\skip126
\cftfignumwidth=\skip127
\c@lofdepth=\count387
\c@lotdepth=\count388
\cftbeforelottitleskip=\skip128
\cftafterlottitleskip=\skip129
\cftbeforetabskip=\skip130
\cfttabindent=\skip131
\cfttabnumwidth=\skip132
)
\@indexfile=\write4
\openout4 = `refman.idx'.


Writing index file refman.idx

(C:\Users\User\AppData\Local\Programs\MiKTeX\tex/latex/newunicodechar\newunicod
echar.sty
Package: newunicodechar 2018/04/08 v1.2 Defining Unicode characters
)
(C:\Users\User\AppData\Local\Programs\MiKTeX\tex/latex/hyperref\hyperref.sty
Package: hyperref 2025-07-12 v7.01o Hypertext links for LaTeX

(C:\Users\User\AppData\Local\Programs\MiKTeX\tex/latex/kvsetkeys\kvsetkeys.sty
Package: kvsetkeys 2022-10-05 v1.19 Key value parser (HO)
)
(C:\Users\User\AppData\Local\Programs\MiKTeX\tex/generic/kvdefinekeys\kvdefinek
eys.sty
Package: kvdefinekeys 2019-12-19 v1.6 Define keys (HO)
)
(C:\Users\User\AppData\Local\Programs\MiKTeX\tex/generic/pdfescape\pdfescape.st
y
Package: pdfescape 2019/12/09 v1.15 Implements pdfTeX's escape features (HO)
 (C:\Users\User\AppData\Local\Programs\MiKTeX\tex/generic/ltxcmds\ltxcmds.sty
Package: ltxcmds 2023-12-04 v1.26 LaTeX kernel commands for general use (HO)
)
(C:\Users\User\AppData\Local\Programs\MiKTeX\tex/generic/pdftexcmds\pdftexcmds.
sty
Package: pdftexcmds 2020-06-27 v0.33 Utility functions of pdfTeX for LuaTeX (HO
)
Package pdftexcmds Info: \pdf@primitive is available.
Package pdftexcmds Info: \pdf@ifprimitive is available.
Package pdftexcmds Info: \pdfdraftmode found.
))
(C:\Users\User\AppData\Local\Programs\MiKTeX\tex/latex/hycolor\hycolor.sty
Package: hycolor 2020-01-27 v1.10 Color options for hyperref/bookmark (HO)
)
(C:\Users\User\AppData\Local\Programs\MiKTeX\tex/latex/hyperref\nameref.sty
Package: nameref 2025-06-21 v2.57 Cross-referencing by name of section

(C:\Users\User\AppData\Local\Programs\MiKTeX\tex/latex/refcount\refcount.sty
Package: refcount 2019/12/15 v3.6 Data extraction from label references (HO)
)
(C:\Users\User\AppData\Local\Programs\MiKTeX\tex/generic/gettitlestring\gettitl
estring.sty
Package: gettitlestring 2019/12/15 v1.6 Cleanup title references (HO)

(C:\Users\User\AppData\Local\Programs\MiKTeX\tex/latex/kvoptions\kvoptions.sty
Package: kvoptions 2022-06-15 v3.15 Key value format for package options (HO)
))
\c@section@level=\count389
)
(C:\Users\User\AppData\Local\Programs\MiKTeX\tex/generic/stringenc\stringenc.st
y
Package: stringenc 2019/11/29 v1.12 Convert strings between diff. encodings (HO
)
)
\@linkdim=\dimen308
\Hy@linkcounter=\count390
\Hy@pagecounter=\count391
 (C:\Users\User\AppData\Local\Programs\MiKTeX\tex/latex/hyperref\pd1enc.def
File: pd1enc.def 2025-07-12 v7.01o Hyperref: PDFDocEncoding definition (HO)
Now handling font encoding PD1 ...
... no UTF-8 mapping file for font encoding PD1
)
\Hy@SavedSpaceFactor=\count392

(C:\Users\User\AppData\Local\Programs\MiKTeX\tex/latex/hyperref\puenc.def
File: puenc.def 2025-07-12 v7.01o Hyperref: PDF Unicode definition (HO)
Now handling font encoding PU ...
... no UTF-8 mapping file for font encoding PU
)
Package hyperref Info: Hyper figures OFF on input line 4195.
Package hyperref Info: Link nesting OFF on input line 4200.
Package hyperref Info: Hyper index ON on input line 4203.
Package hyperref Info: Plain pages OFF on input line 4210.
Package hyperref Info: Backreferencing ON on input line 4213.
Package hyperref Info: Implicit mode ON; LaTeX internals redefined.
Package hyperref Info: Bookmarks ON on input line 4462.

(C:\Users\User\AppData\Local\Programs\MiKTeX\tex/latex/hyperref\backref.sty
Package: backref 2025-06-21 v1.45 Bibliographical back referencing

(C:\Users\User\AppData\Local\Programs\MiKTeX\tex/latex/rerunfilecheck\rerunfile
check.sty
Package: rerunfilecheck 2025-06-21 v1.11 Rerun checks for auxiliary files (HO)

(C:\Users\User\AppData\Local\Programs\MiKTeX\tex/generic/uniquecounter\uniqueco
unter.sty
Package: uniquecounter 2019/12/15 v1.4 Provide unlimited unique counter (HO)

(C:\Users\User\AppData\Local\Programs\MiKTeX\tex/generic/bigintcalc\bigintcalc.
sty
Package: bigintcalc 2019/12/15 v1.5 Expandable calculations on big integers (HO
)
))
Package uniquecounter Info: New unique counter `rerunfilecheck' on input line 2
84.
))
\c@Hy@tempcnt=\count393
 (C:\Users\User\AppData\Local\Programs\MiKTeX\tex/latex/url\url.sty
\Urlmuskip=\muskip17
Package: url 2013/09/16  ver 3.4  Verb mode for urls, etc.
)
LaTeX Info: Redefining \url on input line 4801.
\XeTeXLinkMargin=\dimen309

(C:\Users\User\AppData\Local\Programs\MiKTeX\tex/generic/bitset\bitset.sty
Package: bitset 2019/12/09 v1.3 Handle bit-vector datatype (HO)
)
\Fld@menulength=\count394
\Field@Width=\dimen310
\Fld@charsize=\dimen311
Package hyperref Info: Hyper figures OFF on input line 6078.
Package hyperref Info: Link nesting OFF on input line 6083.
Package hyperref Info: Hyper index ON on input line 6086.
Package hyperref Info: backreferencing ON on input line 6091.
Package hyperref Info: Link coloring OFF on input line 6098.
Package hyperref Info: Link coloring with OCG OFF on input line 6103.
Package hyperref Info: PDF/A mode OFF on input line 6108.
\Hy@abspage=\count395
\c@Item=\count396
\c@Hfootnote=\count397
)
Package hyperref Info: Driver: hpdftex.

(C:\Users\User\AppData\Local\Programs\MiKTeX\tex/latex/hyperref\hpdftex.def
File: hpdftex.def 2025-07-12 v7.01o Hyperref driver for pdfTeX
\Fld@listcount=\count398
\c@bookmark@seq@number=\count399
\Hy@SectionHShift=\skip133
)
Package hyperref Info: Option `colorlinks' set `true' on input line 180.
Package hyperref Info: Option `unicode' set `true' on input line 180.

(C:\Users\User\AppData\Local\Programs\MiKTeX\tex/latex/caption\caption.sty
Package: caption 2023/08/05 v3.6o Customizing captions (AR)

(C:\Users\User\AppData\Local\Programs\MiKTeX\tex/latex/caption\caption3.sty
Package: caption3 2023/07/31 v2.4d caption3 kernel (AR)
\caption@tempdima=\dimen312
\captionmargin=\dimen313
\caption@leftmargin=\dimen314
\caption@rightmargin=\dimen315
\caption@width=\dimen316
\caption@indent=\dimen317
\caption@parindent=\dimen318
\caption@hangindent=\dimen319
Package caption Info: Standard document class detected.
)
\c@caption@flags=\count400
\c@continuedfloat=\count401
Package caption Info: changepage package is loaded.
\caption@adjustwidth@hsize=\dimen320
\caption@adjustwidth@linewidth=\dimen321
Package caption Info: float package is loaded.
Package caption Info: hyperref package is loaded.
Package caption Info: longtable package is loaded.

(C:\Users\User\AppData\Local\Programs\MiKTeX\tex/latex/caption\ltcaption.sty
Package: ltcaption 2021/01/08 v1.4c longtable captions (AR)
))
(C:\Users\User\AppData\Local\Programs\MiKTeX\tex/latex/etoc\etoc.sty
Package: etoc 2023/10/29 v1.2d Completely customisable TOCs (JFB)
\Etoc@toctoks=\toks36
\c@etoc@tocid=\count402
\etoc@framed@titlebox=\box150
\etoc@framed@contentsbox=\box151
)
LaTeX Font Info:    Trying to load font information for T1+phv on input line 20
2.

(C:\Users\User\AppData\Local\Programs\MiKTeX\tex/latex/psnfss\t1phv.fd
File: t1phv.fd 2020/03/25 scalable font definitions for T1/phv.
)
LaTeX Font Info:    Font shape `T1/phv/m/n' will be
(Font)              scaled to size 8.99994pt on input line 202.

(refman.aux
LaTeX Info: Redefining \. on input line 9.
LaTeX Info: Redefining \% on input line 9.
Package babel Info: 'spanish' activates 'spanish' shorthands.
(babel)             Reported on input line 9.


LaTeX Warning: Label `doc-variable-members' multiply defined.


LaTeX Warning: Label `doc-variable-members' multiply defined.


LaTeX Warning: Label `doc-variable-members' multiply defined.


LaTeX Warning: Label `doc-variable-members' multiply defined.


LaTeX Warning: Label `doc-variable-members' multiply defined.


LaTeX Warning: Label `doc-variable-members' multiply defined.


LaTeX Warning: Label `doc-variable-members' multiply defined.


LaTeX Warning: Label `doc-variable-members' multiply defined.


LaTeX Warning: Label `doc-variable-members' multiply defined.


LaTeX Warning: Label `doc-variable-members' multiply defined.


LaTeX Warning: Label `doc-variable-members' multiply defined.


LaTeX Warning: Label `doc-variable-members' multiply defined.


LaTeX Warning: Label `doc-variable-members' multiply defined.


LaTeX Warning: Label `doc-variable-members' multiply defined.


LaTeX Warning: Label `doc-variable-members' multiply defined.


LaTeX Warning: Label `doc-variable-members' multiply defined.


LaTeX Warning: Label `doc-variable-members' multiply defined.


LaTeX Warning: Label `doc-variable-members' multiply defined.


LaTeX Warning: Label `doc-variable-members' multiply defined.


LaTeX Warning: Label `doc-variable-members' multiply defined.


LaTeX Warning: Label `doc-variable-members' multiply defined.


LaTeX Warning: Label `doc-func-members' multiply defined.


LaTeX Warning: Label `doc-define-members' multiply defined.


LaTeX Warning: Label `doc-func-members' multiply defined.


LaTeX Warning: Label `doc-var-members' multiply defined.


LaTeX Warning: Label `doc-func-members' multiply defined.


LaTeX Warning: Label `doc-func-members' multiply defined.


LaTeX Warning: Label `doc-var-members' multiply defined.


LaTeX Warning: Label `doc-typedef-members' multiply defined.


LaTeX Warning: Label `doc-func-members' multiply defined.


LaTeX Warning: Label `doc-define-members' multiply defined.


LaTeX Warning: Label `doc-func-members' multiply defined.


LaTeX Warning: Label `doc-enum-members' multiply defined.


LaTeX Warning: Label `doc-func-members' multiply defined.


LaTeX Warning: Label `doc-define-members' multiply defined.


LaTeX Warning: Label `doc-func-members' multiply defined.


LaTeX Warning: Label `doc-var-members' multiply defined.


LaTeX Warning: Label `doc-func-members' multiply defined.


LaTeX Warning: Label `doc-define-members' multiply defined.


LaTeX Warning: Label `doc-func-members' multiply defined.


LaTeX Warning: Label `doc-var-members' multiply defined.


LaTeX Warning: Label `doc-func-members' multiply defined.


LaTeX Warning: Label `doc-define-members' multiply defined.


LaTeX Warning: Label `doc-enum-members' multiply defined.


LaTeX Warning: Label `doc-define-members' multiply defined.


LaTeX Warning: Label `doc-typedef-members' multiply defined.


LaTeX Warning: Label `doc-enum-members' multiply defined.


LaTeX Warning: Label `doc-func-members' multiply defined.


LaTeX Warning: Label `doc-var-members' multiply defined.


LaTeX Warning: Label `doc-define-members' multiply defined.


LaTeX Warning: Label `doc-func-members' multiply defined.


LaTeX Warning: Label `doc-var-members' multiply defined.


LaTeX Warning: Label `doc-func-members' multiply defined.


LaTeX Warning: Label `doc-func-members' multiply defined.


LaTeX Warning: Label `doc-var-members' multiply defined.


LaTeX Warning: Label `doc-func-members' multiply defined.


LaTeX Warning: Label `doc-func-members' multiply defined.


LaTeX Warning: Label `doc-var-members' multiply defined.


LaTeX Warning: Label `doc-func-members' multiply defined.


LaTeX Warning: Label `doc-define-members' multiply defined.


LaTeX Warning: Label `doc-func-members' multiply defined.


LaTeX Warning: Label `doc-var-members' multiply defined.


LaTeX Warning: Label `doc-enum-members' multiply defined.


LaTeX Warning: Label `doc-func-members' multiply defined.


LaTeX Warning: Label `doc-var-members' multiply defined.


LaTeX Warning: Label `doc-var-members' multiply defined.


LaTeX Warning: Label `doc-func-members' multiply defined.


LaTeX Warning: Label `doc-var-members' multiply defined.


LaTeX Warning: Label `doc-func-members' multiply defined.

)
\openout1 = `refman.aux'.

LaTeX Font Info:    Checking defaults for OML/cmm/m/it on input line 202.
LaTeX Font Info:    ... okay on input line 202.
LaTeX Font Info:    Checking defaults for OMS/cmsy/m/n on input line 202.
LaTeX Font Info:    ... okay on input line 202.
LaTeX Font Info:    Checking defaults for OT1/cmr/m/n on input line 202.
LaTeX Font Info:    ... okay on input line 202.
LaTeX Font Info:    Checking defaults for T1/cmr/m/n on input line 202.
LaTeX Font Info:    ... okay on input line 202.
LaTeX Font Info:    Checking defaults for TS1/cmr/m/n on input line 202.
LaTeX Font Info:    ... okay on input line 202.
LaTeX Font Info:    Checking defaults for OMX/cmex/m/n on input line 202.
LaTeX Font Info:    ... okay on input line 202.
LaTeX Font Info:    Checking defaults for U/cmr/m/n on input line 202.
LaTeX Font Info:    ... okay on input line 202.
LaTeX Font Info:    Checking defaults for PD1/pdf/m/n on input line 202.
LaTeX Font Info:    ... okay on input line 202.
LaTeX Font Info:    Checking defaults for PU/pdf/m/n on input line 202.
LaTeX Font Info:    ... okay on input line 202.

(C:\Users\User\AppData\Local\Programs\MiKTeX\tex/context/base/mkii\supp-pdf.mki
i
[Loading MPS to PDF converter (version 2006.09.02).]
\scratchcounter=\count403
\scratchdimen=\dimen322
\scratchbox=\box152
\nofMPsegments=\count404
\nofMParguments=\count405
\everyMPshowfont=\toks37
\MPscratchCnt=\count406
\MPscratchDim=\dimen323
\MPnumerator=\count407
\makeMPintoPDFobject=\count408
\everyMPtoPDFconversion=\toks38
)
(C:\Users\User\AppData\Local\Programs\MiKTeX\tex/latex/epstopdf-pkg\epstopdf-ba
se.sty
Package: epstopdf-base 2020-01-24 v2.11 Base part for package epstopdf
Package epstopdf-base Info: Redefining graphics rule for `.eps' on input line 4
85.

(C:\Users\User\AppData\Local\Programs\MiKTeX\tex/latex/00miktex\epstopdf-sys.cf
g
File: epstopdf-sys.cfg 2021/03/18 v2.0 Configuration of epstopdf for MiKTeX
))
LaTeX Info: Redefining \. on input line 202.
LaTeX Info: Redefining \% on input line 202.

*geometry* driver: auto-detecting
*geometry* detected driver: pdftex
*geometry* verbose mode - [ preamble ] result:
* driver: pdftex
* paper: a4paper
* layout: <same size as paper>
* layoutoffset:(h,v)=(0.0pt,0.0pt)
* modes: twoside 
* h-part:(L,W,R)=(71.13188pt, 455.24411pt, 71.13188pt)
* v-part:(T,H,B)=(71.13188pt, 702.78308pt, 71.13188pt)
* \paperwidth=597.50787pt
* \paperheight=845.04684pt
* \textwidth=455.24411pt
* \textheight=702.78308pt
* \oddsidemargin=-1.1381pt
* \evensidemargin=-1.1381pt
* \topmargin=-31.2056pt
* \headheight=12.0pt
* \headsep=18.06749pt
* \topskip=10.0pt
* \footskip=25.29494pt
* \marginparwidth=125.0pt
* \marginparsep=7.0pt
* \columnsep=10.0pt
* \skip\footins=9.0pt plus 4.0pt minus 2.0pt
* \hoffset=0.0pt
* \voffset=0.0pt
* \mag=1000
* \@twocolumnfalse
* \@twosidetrue
* \@mparswitchtrue
* \@reversemarginfalse
* (1in=72.27pt=25.4mm, 1cm=28.453pt)

Package backref Info: ** backref set up for natbib ** on input line 202.
Package hyperref Info: Link coloring ON on input line 202.
(refman.out) (refman.out)
\@outlinefile=\write5
\openout5 = `refman.out'.

Package caption Info: Begin \AtBeginDocument code.
Package caption Info: End \AtBeginDocument code.
\Etoc@tf=\read5
Package hyperref Info: Option `pageanchor' set `false' on input line 210.
Package hyperref Info: Option `bookmarksnumbered' set `true' on input line 210.

Package hyperref Info: Option `unicode' set `true' on input line 210.
LaTeX Font Info:    Font shape `T1/phv/m/n' will be
(Font)              scaled to size 12.9599pt on input line 215.
LaTeX Font Info:    Font shape `T1/phv/m/n' will be
(Font)              scaled to size 10.79993pt on input line 216.
LaTeX Font Info:    Font shape `T1/phv/m/n' will be
(Font)              scaled to size 6.29996pt on input line 216.
LaTeX Font Info:    Trying to load font information for U+msa on input line 216
.

(C:\Users\User\AppData\Local\Programs\MiKTeX\tex/latex/amsfonts\umsa.fd
File: umsa.fd 2013/01/14 v3.01 AMS symbols A
)
LaTeX Font Info:    Trying to load font information for U+msb on input line 216
.

(C:\Users\User\AppData\Local\Programs\MiKTeX\tex/latex/amsfonts\umsb.fd
File: umsb.fd 2013/01/14 v3.01 AMS symbols B
)
LaTeX Font Info:    Trying to load font information for U+wasy on input line 21
6.

(C:\Users\User\AppData\Local\Programs\MiKTeX\tex/latex/wasysym\uwasy.fd
File: uwasy.fd 2020/01/19 v2.4 Wasy-2 symbol font definitions
)
[1


{C:/Users/User/AppData/Local/MiKTeX/fonts/map/pdftex/pdftex.map}{C:/Users/User/
AppData/Local/Programs/MiKTeX/fonts/enc/dvips/base/8r.enc}] [2

]
\tf@toc=\write6
\openout6 = `refman.toc'.

LaTeX Info: Redefining \. on input line 224.
LaTeX Info: Redefining \% on input line 224.
LaTeX Font Info:    Font shape `T1/phv/b/n' will be
(Font)              scaled to size 8.99994pt on input line 224.
LaTeX Font Info:    Font shape `T1/phv/b/sc' will be
(Font)              scaled to size 8.99994pt on input line 224.
LaTeX Font Info:    Font shape `T1/phv/b/n' will be
(Font)              scaled to size 6.29996pt on input line 224.
 [1] [2]
[3] [4] [5] [6] [7] [8] [9] [10] [11] [12] [13] [14] [15] [16] [17] [18]
[19] [20

]
Package hyperref Info: Option `pageanchor' set `true' on input line 227.
 (todo.tex
Cap\'{\i }tulo 1.
LaTeX Font Info:    Font shape `T1/phv/m/n' will be
(Font)              scaled to size 18.66588pt on input line 1.
LaTeX Font Info:    Font shape `T1/phv/b/n' will be
(Font)              scaled to size 18.66588pt on input line 1.
LaTeX Font Info:    Font shape `T1/phv/b/n' will be
(Font)              scaled to size 22.39185pt on input line 1.

Underfull \hbox (badness 10000) in paragraph at lines 5--9

 []

) [1

]
LaTeX Info: Redefining \. on input line 230.
LaTeX Info: Redefining \% on input line 230.
Package babel Info: 'spanish' activates 'spanish' shorthands.
(babel)             Reported on input line 230.
 [2

]
Cap\'{\i }tulo 2.
(dirs.tex
LaTeX Font Info:    Font shape `T1/phv/b/n' will be
(Font)              scaled to size 12.9599pt on input line 1.
 [3])
LaTeX Info: Redefining \. on input line 232.
LaTeX Info: Redefining \% on input line 232.
 [4]
Cap\'{\i }tulo 3.
(annotated.tex) [5

]
LaTeX Info: Redefining \. on input line 234.
LaTeX Info: Redefining \% on input line 234.
 [6

]
Cap\'{\i }tulo 4.
(files.tex [7])
LaTeX Info: Redefining \. on input line 236.
LaTeX Info: Redefining \% on input line 236.
 [8]
Cap\'{\i }tulo 5.
(dir_4fddad3309642be78b149daae17beced.tex
LaTeX Font Info:    Font shape `T1/phv/m/n' will be
(Font)              scaled to size 8.09995pt on input line 7.
LaTeX Font Info:    Font shape `T1/phv/m/it' in size <9> not available
(Font)              Font shape `T1/phv/m/sl' tried instead on input line 7.
LaTeX Font Info:    Font shape `T1/phv/m/sl' will be
(Font)              scaled to size 8.09995pt on input line 7.
)
(dir_5898438c66b62807cbfcea68fbed40da.tex)
(dir_74b0ef7cdd309c64af379d299ad1d7fe.tex [9

])
(dir_5c982d53a68cdbcd421152b4020263a9.tex)
(dir_ff79468534f4d57a62dcb8879a1832de.tex)
(dir_8483d28aae4c613ef01d5dc505e1dd03.tex
LaTeX Info: Redefining \. on input line 9.
LaTeX Info: Redefining \% on input line 9.
 [10])
(dir_4ebdb2553a3894a04487b5c1cfb0e048.tex)
(dir_eefee35c6ab380d7209ec05948f73f5c.tex)
LaTeX Info: Redefining \. on input line 245.
LaTeX Info: Redefining \% on input line 245.
 [11]
LaTeX Info: Redefining \. on input line 245.
LaTeX Info: Redefining \% on input line 245.
 [12

]
Cap\'{\i }tulo 6.
(structbitmap__t.tex
LaTeX Font Info:    Font shape `T1/phv/b/n' will be
(Font)              scaled to size 10.79993pt on input line 23.
LaTeX Font Info:    Font shape `T1/phv/m/n' will be
(Font)              scaled to size 7.19995pt on input line 36.
LaTeX Font Info:    Trying to load font information for T1+pcr on input line 36
.

(C:\Users\User\AppData\Local\Programs\MiKTeX\tex/latex/psnfss\t1pcr.fd
File: t1pcr.fd 2001/06/04 font definitions for T1/pcr.
)
[13]) (structfrequency__settings___s_h1106__t.tex
LaTeX Info: Redefining \. on input line 50.
LaTeX Info: Redefining \% on input line 50.
 [14])
(structfrequency__settings__t.tex
LaTeX Info: Redefining \. on input line 38.
LaTeX Info: Redefining \% on input line 38.
 [15]) (union_m_c_p23017___d_e_f_v_a_l__t.tex
LaTeX Info: Redefining \. on input line 25.
LaTeX Info: Redefining \% on input line 25.

[16]
LaTeX Info: Redefining \. on input line 92.
LaTeX Info: Redefining \% on input line 92.
 [17]) (union_m_c_p23017___g_p_i_n_t_e_n__t.tex
LaTeX Info: Redefining \. on input line 19.
LaTeX Info: Redefining \% on input line 19.
 [18]
LaTeX Info: Redefining \. on input line 90.
LaTeX Info: Redefining \% on input line 90.
 [19])
(union_m_c_p23017___g_p_i_o__t.tex
LaTeX Info: Redefining \. on input line 12.
LaTeX Info: Redefining \% on input line 12.
 [20]
LaTeX Info: Redefining \. on input line 70.
LaTeX Info: Redefining \% on input line 70.
 [21]
LaTeX Info: Redefining \. on input line 138.
LaTeX Info: Redefining \% on input line 138.
 [22])
(union_m_c_p23017___g_p_p_u__t.tex
LaTeX Info: Redefining \. on input line 60.
LaTeX Info: Redefining \% on input line 60.
 [23]
LaTeX Info: Redefining \. on input line 132.
LaTeX Info: Redefining \% on input line 132.
 [24])
(union_m_c_p23017___i_n_t_c_a_p__t.tex
LaTeX Info: Redefining \. on input line 56.
LaTeX Info: Redefining \% on input line 56.
 [25]
LaTeX Info: Redefining \. on input line 112.
LaTeX Info: Redefining \% on input line 112.
 [26])
(union_m_c_p23017___i_n_t_c_o_n__t.tex
LaTeX Info: Redefining \. on input line 44.
LaTeX Info: Redefining \% on input line 44.
 [27]
LaTeX Info: Redefining \. on input line 112.
LaTeX Info: Redefining \% on input line 112.
 [28])
(union_m_c_p23017___i_n_t_f__t.tex
LaTeX Info: Redefining \. on input line 44.
LaTeX Info: Redefining \% on input line 44.
 [29]
LaTeX Info: Redefining \. on input line 112.
LaTeX Info: Redefining \% on input line 112.
 [30])
(union_m_c_p23017___i_o_c_o_n__t.tex
LaTeX Info: Redefining \. on input line 44.
LaTeX Info: Redefining \% on input line 44.
 [31]
LaTeX Info: Redefining \. on input line 112.
LaTeX Info: Redefining \% on input line 112.
 [32])
(union_m_c_p23017___i_o_d_i_r__t.tex
LaTeX Info: Redefining \. on input line 44.
LaTeX Info: Redefining \% on input line 44.
 [33]
LaTeX Info: Redefining \. on input line 112.
LaTeX Info: Redefining \% on input line 112.
 [34])
(union_m_c_p23017___i_p_o_l__t.tex
LaTeX Info: Redefining \. on input line 44.
LaTeX Info: Redefining \% on input line 44.
 [35]
LaTeX Info: Redefining \. on input line 112.
LaTeX Info: Redefining \% on input line 112.
 [36])
(union_m_c_p23017___o_l_a_t__t.tex
LaTeX Info: Redefining \. on input line 44.
LaTeX Info: Redefining \% on input line 44.
 [37]
LaTeX Info: Redefining \. on input line 112.
LaTeX Info: Redefining \% on input line 112.
 [38]) (structrtc__alarms__t.tex
LaTeX Info: Redefining \. on input line 46.
LaTeX Info: Redefining \% on input line 46.

[39]) (structseccurity__settings___s_h1106__t.tex
LaTeX Info: Redefining \. on input line 80.
LaTeX Info: Redefining \% on input line 80.
 [40])
(structseccurity__settings__t.tex) (structsh1106__t.tex
LaTeX Info: Redefining \. on input line 7.
LaTeX Info: Redefining \% on input line 7.
 [41]
LaTeX Info: Redefining \. on input line 74.
LaTeX Info: Redefining \% on input line 74.
 [42])
(structspi__cmd__item__t.tex
LaTeX Font Info:    Font shape `T1/phv/bc/n' will be
(Font)              scaled to size 8.99994pt on input line 26.

Underfull \hbox (badness 10000) detected at line 26
[][][]
 []

LaTeX Info: Redefining \. on input line 72.
LaTeX Info: Redefining \% on input line 72.
[43]) (structsystem__status__t.tex
LaTeX Info: Redefining \. on input line 81.
LaTeX Info: Redefining \% on input line 81.
 [44]) (structtime__settings___s_h1106__t.tex
LaTeX Info: Redefining \. on input line 31.
LaTeX Info: Redefining \% on input line 31.
[45]) (structtime__settings__t.tex
LaTeX Info: Redefining \. on input line 12.
LaTeX Info: Redefining \% on input line 12.
 [46])
LaTeX Info: Redefining \. on input line 268.
LaTeX Info: Redefining \% on input line 268.
 [47]
LaTeX Info: Redefining \. on input line 268.
LaTeX Info: Redefining \% on input line 268.
 [48

]
Cap\'{\i }tulo 7.
(adc_8c.tex
Underfull \hbox (badness 10000) in paragraph at lines 8--22

 []

[49]
Underfull \hbox (badness 10000) detected at line 80
[][][]
 []


Underfull \hbox (badness 10000) detected at line 83
[][][]
 []


Underfull \hbox (badness 10000) detected at line 86
[][][]
 []

LaTeX Info: Redefining \. on input line 150.
LaTeX Info: Redefining \% on input line 150.
[50]
LaTeX Font Info:    Font shape `T1/phv/m/it' in size <10> not available
(Font)              Font shape `T1/phv/m/sl' tried instead on input line 158.
LaTeX Font Info:    Font shape `T1/phv/m/sl' will be
(Font)              scaled to size 8.99994pt on input line 158.
LaTeX Font Info:    Trying to load font information for TS1+phv on input line 1
67.
 (C:\Users\User\AppData\Local\Programs\MiKTeX\tex/latex/psnfss\ts1phv.fd
File: ts1phv.fd 2020/03/25 scalable font definitions for TS1/phv.
)
LaTeX Font Info:    Font shape `TS1/phv/m/n' will be
(Font)              scaled to size 8.99994pt on input line 167.
LaTeX Font Info:    Font shape `T1/pcr/m/it' in size <8> not available
(Font)              Font shape `T1/pcr/m/sl' tried instead on input line 191.
LaTeX Info: Redefining \. on input line 209.
LaTeX Info: Redefining \% on input line 209.

[51]
LaTeX Info: Redefining \. on input line 209.
LaTeX Info: Redefining \% on input line 209.
 [52]
LaTeX Info: Redefining \. on input line 272.
LaTeX Info: Redefining \% on input line 272.
 [53]
LaTeX Info: Redefining \. on input line 272.
LaTeX Info: Redefining \% on input line 272.
 [54]
LaTeX Info: Redefining \. on input line 370.
LaTeX Info: Redefining \% on input line 370.
 [55]) (adc_8c_source.tex
LaTeX Info: Redefining \. on input line 43.
LaTeX Info: Redefining \% on input line 43.
 [56]
LaTeX Info: Redefining \. on input line 111.
LaTeX Info: Redefining \% on input line 111.
 [57]
LaTeX Info: Redefining \. on input line 193.
LaTeX Info: Redefining \% on input line 193.
 [58]) (adc_8h.tex
Underfull \hbox (badness 10000) in paragraph at lines 8--9

 []


Underfull \hbox (badness 10000) detected at line 23
[][][]
 []


Underfull \hbox (badness 10000) detected at line 26
[][][]
 []


Underfull \hbox (badness 10000) detected at line 29
[][][]
 []

LaTeX Info: Redefining \. on input line 46.
LaTeX Info: Redefining \% on input line 46.
[59]) (adc_8h_source.tex) (display_8c.tex
LaTeX Info: Redefining \. on input line 8.
LaTeX Info: Redefining \% on input line 8.
 [60]
Underfull \hbox (badness 10000) in paragraph at lines 8--26

 []

LaTeX Info: Redefining \. on input line 61.
LaTeX Info: Redefining \% on input line 61.
[61]
LaTeX Font Info:    Font shape `T1/phv/m/it' in size <7> not available
(Font)              Font shape `T1/phv/m/sl' tried instead on input line 97.
LaTeX Font Info:    Font shape `T1/phv/m/sl' will be
(Font)              scaled to size 6.29996pt on input line 97.
LaTeX Info: Redefining \. on input line 119.
LaTeX Info: Redefining \% on input line 119.
 [62]
Underfull \hbox (badness 10000) detected at line 150
[][][]
 []


Underfull \hbox (badness 10000) detected at line 153
[][][]
 []


Underfull \hbox (badness 10000) detected at line 156
[][][]
 []

LaTeX Info: Redefining \. on input line 196.
LaTeX Info: Redefining \% on input line 196.
[63]
LaTeX Info: Redefining \. on input line 286.
LaTeX Info: Redefining \% on input line 286.
 [64]
LaTeX Info: Redefining \. on input line 366.
LaTeX Info: Redefining \% on input line 366.
 [65]
LaTeX Info: Redefining \. on input line 424.
LaTeX Info: Redefining \% on input line 424.
 [66]
LaTeX Info: Redefining \. on input line 505.
LaTeX Info: Redefining \% on input line 505.
 [67]
LaTeX Info: Redefining \. on input line 598.
LaTeX Info: Redefining \% on input line 598.
 [68]
LaTeX Info: Redefining \. on input line 647.
LaTeX Info: Redefining \% on input line 647.
 [69]
LaTeX Font Info:    Font shape `T1/pcr/m/it' in size <7> not available
(Font)              Font shape `T1/pcr/m/sl' tried instead on input line 708.
LaTeX Info: Redefining \. on input line 719.
LaTeX Info: Redefining \% on input line 719.
 [70]
Underfull \hbox (badness 10000) detected at line 730
[][][]
 []

LaTeX Info: Redefining \. on input line 779.
LaTeX Info: Redefining \% on input line 779.
[71]
LaTeX Info: Redefining \. on input line 862.
LaTeX Info: Redefining \% on input line 862.
 [72]) (display_8c_source.tex
LaTeX Info: Redefining \. on input line 47.
LaTeX Info: Redefining \% on input line 47.
 [73]
LaTeX Info: Redefining \. on input line 110.
LaTeX Info: Redefining \% on input line 110.
 [74]
LaTeX Info: Redefining \. on input line 195.
LaTeX Info: Redefining \% on input line 195.
 [75]
LaTeX Info: Redefining \. on input line 277.
LaTeX Info: Redefining \% on input line 277.
 [76]
LaTeX Info: Redefining \. on input line 364.
LaTeX Info: Redefining \% on input line 364.
 [77]
LaTeX Info: Redefining \. on input line 444.
LaTeX Info: Redefining \% on input line 444.
 [78]
LaTeX Info: Redefining \. on input line 528.
LaTeX Info: Redefining \% on input line 528.
 [79]
LaTeX Info: Redefining \. on input line 601.
LaTeX Info: Redefining \% on input line 601.
 [80]
LaTeX Info: Redefining \. on input line 682.
LaTeX Info: Redefining \% on input line 682.

[81]
LaTeX Info: Redefining \. on input line 761.
LaTeX Info: Redefining \% on input line 761.
 [82]) (display_8h.tex
LaTeX Info: Redefining \. on input line 8.
LaTeX Info: Redefining \% on input line 8.
 [83]
Underfull \hbox (badness 10000) in paragraph at lines 8--11

 []


Underfull \hbox (badness 10000) detected at line 33
[][][]
 []


Underfull \hbox (badness 10000) detected at line 36
[][][]
 []


Underfull \hbox (badness 10000) detected at line 39
[][][]
 []

LaTeX Info: Redefining \. on input line 65.
LaTeX Info: Redefining \% on input line 65.
[84]
LaTeX Info: Redefining \. on input line 65.
LaTeX Info: Redefining \% on input line 65.
 [85]
LaTeX Info: Redefining \. on input line 141.
LaTeX Info: Redefining \% on input line 141.
 [86]
Underfull \hbox (badness 10000) detected at line 172
[][][]
 []

LaTeX Info: Redefining \. on input line 193.
LaTeX Info: Redefining \% on input line 193.
[87]) (display_8h_source.tex) (sh1106__graphics_8c.tex
Underfull \hbox (badness 10000) in paragraph at lines 8--12

 []

LaTeX Info: Redefining \. on input line 42.
LaTeX Info: Redefining \% on input line 42.
[88]
Overfull \hbox (49.01695pt too wide) in paragraph at lines 48--50
[]\T1/phv/m/n/10 static const un-sig-ned char [] []$ $[] = {0x00,0x20,0x00,0x30
,0x00,0x38,0x1F,0x[]FC,0x00,0x38,0x00,0x30,0x00,0x20} 
 []


Overfull \hbox (45.97289pt too wide) in paragraph at lines 52--54
[]\T1/phv/m/n/10 static const uint8[]_[]t [] []14[] = {0x00,0x00,0x00,0x00,0x00
,0x00,0x00,0x00,0x00,0x00,0x00,0x00,0x00,0x00} 
 []


Overfull \hbox (66.31236pt too wide) in paragraph at lines 56--58
[]\T1/phv/m/n/10 static const uint8[]_[]t [] []14[] = {0x00,0x38,0x38,0x38,0x00
,0x00,0x00,0x00,0x00,0x38,0x38,0x38,0x00,0x00} 
 []


Overfull \hbox (34.47093pt too wide) in paragraph at lines 60--62
[]\T1/phv/m/n/10 static const uint8[]_[]t [] []14[] = {0x00,0x00,0x00,0x00,0x00
,0x00,0x00,0x00,0x00,0x00,0x00,0x00,0x38,0x38} 
 []


Overfull \hbox (51.46281pt too wide) in paragraph at lines 64--66
[]\T1/phv/m/n/10 static const uint8[]_[]t [] []14[] = {0x00,0x00,0x00,0x00,0x00
,0x00,0x00,0x00,0x00,0x00,0x00,0x38,0x38,0x70} 
 []


Overfull \hbox (74.88072pt too wide) in paragraph at lines 68--70
[]\T1/phv/m/n/10 static const uint8[]_[]t [] []14[] = {0x3C,0x3C,0x66,0x66,0x06
,0x06,0x0C,0x0C,0x18,0x18,0x00,0x00,0x18,0x18} 
 []


Overfull \hbox (63.7027pt too wide) in paragraph at lines 72--74
[]\T1/phv/m/n/10 static const uint8[]_[]t [] []14[] = {0x18,0x18,0x18,0x18,0x18
,0x18,0x18,0x18,0x18,0x18,0x00,0x00,0x18,0x18} 
 []


Overfull \hbox (47.87183pt too wide) in paragraph at lines 76--78
[]\T1/phv/m/n/10 static const uint8[]_[]t [] []14[] = {0x00,0x00,0x00,0x00,0x00
,0x00,0x7E,0x7E,0x00,0x00,0x00,0x00,0x00,0x00} 
 []


Underfull \hbox (badness 10000) detected at line 95
[][][]
 []


Underfull \hbox (badness 10000) detected at line 98
[][][]
 []


Underfull \hbox (badness 10000) detected at line 101
[][][]
 []

LaTeX Info: Redefining \. on input line 123.
LaTeX Info: Redefining \% on input line 123.
[89]
LaTeX Info: Redefining \. on input line 180.
LaTeX Info: Redefining \% on input line 180.
 [90]
LaTeX Info: Redefining \. on input line 241.
LaTeX Info: Redefining \% on input line 241.
 [91]
Overfull \hbox (50.1729pt too wide) in paragraph at lines 255--256
[]\T1/pcr/m/n/8 const unsigned char arrow[]_[]bmp[]$ $[] = {0x00,0x20,0x00,0x30
,0x00,0x38,0x1F,0x[]FC,0x00,0x38,0x00,0x30,0x00,0x20}
 []


Overfull \hbox (15.95438pt too wide) in paragraph at lines 265--266
[]\T1/pcr/m/n/8 const unsigned char fail[]_[]bmp[]$ $[] = {0x03,0x[]C0,0x0C,0x3
0,0x33,0x[]D8,0x6E,0x6C,0x[]DC,0x06,0x[]DE,0x03,0x[]
 []

LaTeX Info: Redefining \. on input line 337.
LaTeX Info: Redefining \% on input line 337.
[92]
LaTeX Info: Redefining \. on input line 380.
LaTeX Info: Redefining \% on input line 380.
 [93]
LaTeX Info: Redefining \. on input line 431.
LaTeX Info: Redefining \% on input line 431.
 [94]
Overfull \hbox (77.55623pt too wide) in paragraph at lines 456--457
[]\T1/pcr/m/n/8 const uint8[]_[]t font8x14[]_[]close[]_[]excl[]14[] = {0x18,0x1
8,0x18,0x18,0x18,0x18,0x18,0x18,0x18,0x18,0x00,0x00,0x18,0x18}
 []


Overfull \hbox (82.35623pt too wide) in paragraph at lines 466--467
[]\T1/pcr/m/n/8 const uint8[]_[]t font8x14[]_[]close[]_[]quest[]14[] = {0x3C,0x
3C,0x66,0x66,0x06,0x06,0x0C,0x0C,0x18,0x18,0x00,0x00,0x18,0x18}
 []


Overfull \hbox (53.55621pt too wide) in paragraph at lines 476--477
[]\T1/pcr/m/n/8 const uint8[]_[]t font8x14[]_[]comma[]14[] = {0x00,0x00,0x00,0x
00,0x00,0x00,0x00,0x00,0x00,0x00,0x00,0x38,0x38,0x70}
 []


Overfull \hbox (43.9562pt too wide) in paragraph at lines 486--487
[]\T1/pcr/m/n/8 const uint8[]_[]t font8x14[]_[]dot[]14[] = {0x00,0x00,0x00,0x00
,0x00,0x00,0x00,0x00,0x00,0x00,0x00,0x00,0x38,0x38}
 []


Overfull \hbox (77.55623pt too wide) in paragraph at lines 496--497
[]\T1/pcr/m/n/8 const uint8[]_[]t font8x14[]_[]double[]_[]dot[]14[] = {0x00,0x3
8,0x38,0x38,0x00,0x00,0x00,0x00,0x00,0x38,0x38,0x38,0x00,0x00}
 []


Overfull \hbox (53.55621pt too wide) in paragraph at lines 506--507
[]\T1/pcr/m/n/8 const uint8[]_[]t font8x14[]_[]minus[]14[] = {0x00,0x00,0x00,0x
00,0x00,0x00,0x7E,0x7E,0x00,0x00,0x00,0x00,0x00,0x00}
 []

LaTeX Info: Redefining \. on input line 518.
LaTeX Info: Redefining \% on input line 518.
[95]
LaTeX Info: Redefining \. on input line 560.
LaTeX Info: Redefining \% on input line 560.
 [96]
LaTeX Info: Redefining \. on input line 611.
LaTeX Info: Redefining \% on input line 611.
 [97]
Overfull \hbox (53.55621pt too wide) in paragraph at lines 626--627
[]\T1/pcr/m/n/8 const uint8[]_[]t font8x14[]_[]space[]14[] = {0x00,0x00,0x00,0x
00,0x00,0x00,0x00,0x00,0x00,0x00,0x00,0x00,0x00,0x00}
 []


Underfull \hbox (badness 10000) in paragraph at lines 636--637
[]\T1/pcr/m/n/8 const unsigned char line[]_[]bmp[]$ $[] = {0x[]FF,0x[]FF,0x[]FF
,0x[]FF,0x[]FF,0x[]FF,0x[]FF,0x[]FF,0x[]FF,0x[]FF,0x[]FF,0x[]
 []


Underfull \hbox (badness 10000) in paragraph at lines 646--647
[]\T1/pcr/m/n/8 const unsigned char logo16[]_[]utn[]_[]bmp[]$ $[] = {0x71,0x8E,
0x71,0x8E,0x79,0x9E,0x3D,0x[]BC,0x1F,0x[]
 []

) (sh1106__graphics_8c_source.tex
Overfull \hbox (82.3555pt too wide) in paragraph at lines 11--11
\T1/pcr/m/n/7 {0x71,0x8E,0x71,0x8E,0x79,0x9E,0x3D,0xBC,0x1F,0xF8,0x07,0xE0,0x07
,0xE0,0x1F,0xF8,0x3D,0xBC,0x79,0x9E,0x71,0x8E,0x71,0x8E}; 
 []


Overfull \hbox (157.95544pt too wide) in paragraph at lines 12--12
\T1/pcr/m/n/7 {0x03,0xC0,0x0C,0x30,0x33,0xD8,0x6E,0x6C,0xDC,0x06,0xDE,0x03,0xCF
,0xE3,0xC7,0xF3,0xC0,0x7B,0x60,0x76,0x36,0x6C,0x1B,0xD8,0x0C,0x30,0x03,0xC0 
 []

LaTeX Info: Redefining \. on input line 17.
LaTeX Info: Redefining \% on input line 17.
[98]
LaTeX Info: Redefining \. on input line 44.
LaTeX Info: Redefining \% on input line 44.
 [99]
LaTeX Info: Redefining \. on input line 89.
LaTeX Info: Redefining \% on input line 89.
 [100]
LaTeX Info: Redefining \. on input line 133.
LaTeX Info: Redefining \% on input line 133.
 [101]
LaTeX Info: Redefining \. on input line 189.
LaTeX Info: Redefining \% on input line 189.
 [102]
LaTeX Info: Redefining \. on input line 276.
LaTeX Info: Redefining \% on input line 276.
 [103]) (sh1106__graphics_8h.tex
LaTeX Info: Redefining \. on input line 23.
LaTeX Info: Redefining \% on input line 23.
 [104]
Underfull \hbox (badness 10000) detected at line 36
[][][]
 []


Underfull \hbox (badness 10000) detected at line 39
[][][]
 []


Underfull \hbox (badness 10000) detected at line 42
[][][]
 []

LaTeX Info: Redefining \. on input line 79.
LaTeX Info: Redefining \% on input line 79.
[105]
LaTeX Info: Redefining \. on input line 140.
LaTeX Info: Redefining \% on input line 140.
 [106]) (sh1106__graphics_8h_source.tex
LaTeX Font Info:    Trying to load font information for TS1+pcr on input line 1
4.

(C:\Users\User\AppData\Local\Programs\MiKTeX\tex/latex/psnfss\ts1pcr.fd
File: ts1pcr.fd 2001/06/04 font definitions for TS1/pcr.
))
(sh1106__i2c_8c.tex
Underfull \hbox (badness 10000) in paragraph at lines 8--12

 []

LaTeX Info: Redefining \. on input line 17.
LaTeX Info: Redefining \% on input line 17.
[107]
Underfull \hbox (badness 10000) detected at line 33
[][][]
 []


Underfull \hbox (badness 10000) detected at line 36
[][][]
 []


Underfull \hbox (badness 10000) detected at line 39
[][][]
 []

LaTeX Info: Redefining \. on input line 101.
LaTeX Info: Redefining \% on input line 101.
[108]) (sh1106__i2c_8c_source.tex
LaTeX Info: Redefining \. on input line 28.
LaTeX Info: Redefining \% on input line 28.
 [109]) (sh1106__i2c_8h.tex
Underfull \hbox (badness 10000) detected at line 25
[][][]
 []


Underfull \hbox (badness 10000) detected at line 28
[][][]
 []


Underfull \hbox (badness 10000) detected at line 31
[][][]
 []

LaTeX Info: Redefining \. on input line 62.
LaTeX Info: Redefining \% on input line 62.
[110]) (sh1106__i2c_8h_source.tex) (io__control_8c.tex
Underfull \hbox (badness 10000) in paragraph at lines 8--26

 []

LaTeX Info: Redefining \. on input line 26.
LaTeX Info: Redefining \% on input line 26.
[111]
Underfull \hbox (badness 2717) in paragraph at lines 45--47
[]\T1/phv/m/n/10 #define [] ( (1 $\OML/cmm/m/it/10 <$$<$ []\T1/phv/m/n/10 ) $\O
MS/cmsy/m/n/10 j$ \T1/phv/m/n/10 (1 $\OML/cmm/m/it/10 <$$<$ []\T1/phv/m/n/10 ) 
$\OMS/cmsy/m/n/10 j$ \T1/phv/m/n/10 (1 $\OML/cmm/m/it/10 <$$<$
 []

LaTeX Info: Redefining \. on input line 89.
LaTeX Info: Redefining \% on input line 89.
[112]
LaTeX Font Info:    Font shape `T1/pcr/m/it' in size <9> not available
(Font)              Font shape `T1/pcr/m/sl' tried instead on input line 127.

Underfull \hbox (badness 10000) detected at line 150
[][][]
 []

LaTeX Info: Redefining \. on input line 153.
LaTeX Info: Redefining \% on input line 153.
[113]
Underfull \hbox (badness 10000) detected at line 153
[][][]
 []


Underfull \hbox (badness 10000) detected at line 156
[][][]
 []

LaTeX Info: Redefining \. on input line 214.
LaTeX Info: Redefining \% on input line 214.
[114]
Underfull \hbox (badness 10000) in paragraph at lines 232--233
[]\T1/pcr/m/n/8 #define FREQ[]_[][]SEL[]_[][]MASK ( (1 $\OML/cmm/m/it/8 <$$<$ [
]\T1/pcr/m/n/8 ) $\OMS/cmsy/m/n/8 j$ \T1/pcr/m/n/8 (1 $\OML/cmm/m/it/8 <$$<$ []
\T1/pcr/m/n/8 ) $\OMS/cmsy/m/n/8 j$ \T1/pcr/m/n/8 (1 $\OML/cmm/m/it/8 <$$<$ []\
T1/pcr/m/n/8 )
 []

LaTeX Info: Redefining \. on input line 284.
LaTeX Info: Redefining \% on input line 284.
[115]
LaTeX Info: Redefining \. on input line 344.
LaTeX Info: Redefining \% on input line 344.
 [116]
LaTeX Info: Redefining \. on input line 404.
LaTeX Info: Redefining \% on input line 404.
 [117]
LaTeX Info: Redefining \. on input line 464.
LaTeX Info: Redefining \% on input line 464.
 [118]
LaTeX Info: Redefining \. on input line 524.
LaTeX Info: Redefining \% on input line 524.
 [119]
LaTeX Info: Redefining \. on input line 577.
LaTeX Info: Redefining \% on input line 577.
 [120]
Underfull \hbox (badness 10000) detected at line 578
[][][]
 []


Underfull \hbox (badness 10000) detected at line 599
[][][]
 []


Underfull \hbox (badness 10000) detected at line 624
[][][]
 []


Underfull \hbox (badness 10000) in paragraph at lines 635--636

 []


Underfull \hbox (badness 10000) in paragraph at lines 638--639

 []

LaTeX Info: Redefining \. on input line 651.
LaTeX Info: Redefining \% on input line 651.
[121]
LaTeX Info: Redefining \. on input line 729.
LaTeX Info: Redefining \% on input line 729.
 [122]
LaTeX Info: Redefining \. on input line 729.
LaTeX Info: Redefining \% on input line 729.
 [123]
Underfull \hbox (badness 10000) detected at line 730
[][][]
 []


Underfull \hbox (badness 10000) detected at line 758
[][][]
 []

LaTeX Info: Redefining \. on input line 810.
LaTeX Info: Redefining \% on input line 810.
[124]) (io__control_8c_source.tex
LaTeX Info: Redefining \. on input line 38.
LaTeX Info: Redefining \% on input line 38.
 [125]
LaTeX Info: Redefining \. on input line 77.
LaTeX Info: Redefining \% on input line 77.
 [126]
LaTeX Info: Redefining \. on input line 155.
LaTeX Info: Redefining \% on input line 155.
 [127]
LaTeX Info: Redefining \. on input line 238.
LaTeX Info: Redefining \% on input line 238.
 [128]
LaTeX Info: Redefining \. on input line 325.
LaTeX Info: Redefining \% on input line 325.
 [129]
LaTeX Info: Redefining \. on input line 410.
LaTeX Info: Redefining \% on input line 410.
 [130]
LaTeX Info: Redefining \. on input line 497.
LaTeX Info: Redefining \% on input line 497.
 [131])
(io__control_8h.tex
LaTeX Info: Redefining \. on input line 24.
LaTeX Info: Redefining \% on input line 24.
 [132]
Underfull \hbox (badness 10000) detected at line 24
[][][]
 []


Underfull \hbox (badness 10000) detected at line 27
[][][]
 []


Underfull \hbox (badness 10000) detected at line 30
[][][]
 []


Underfull \hbox (badness 10000) detected at line 57
[][][]
 []

LaTeX Info: Redefining \. on input line 102.
LaTeX Info: Redefining \% on input line 102.
[133]
LaTeX Info: Redefining \. on input line 102.
LaTeX Info: Redefining \% on input line 102.
 [134]
Underfull \hbox (badness 10000) detected at line 103
[][][]
 []


Underfull \hbox (badness 10000) detected at line 131
[][][]
 []

) (io__control_8h_source.tex) (_m_c_p23017_8c.tex
Underfull \hbox (badness 10000) in paragraph at lines 8--13

 []

LaTeX Info: Redefining \. on input line 13.
LaTeX Info: Redefining \% on input line 13.
[135]
LaTeX Info: Redefining \. on input line 67.
LaTeX Info: Redefining \% on input line 67.
 [136]
Underfull \hbox (badness 10000) detected at line 67
[][][]
 []


Underfull \hbox (badness 10000) detected at line 76
[][][]
 []


Underfull \hbox (badness 10000) detected at line 79
[][][]
 []

LaTeX Info: Redefining \. on input line 119.
LaTeX Info: Redefining \% on input line 119.
[137]
Underfull \hbox (badness 10000) detected at line 178
[][][]
 []

LaTeX Info: Redefining \. on input line 190.
LaTeX Info: Redefining \% on input line 190.
[138]
Underfull \hbox (badness 10000) detected at line 202
[][][]
 []

LaTeX Info: Redefining \. on input line 242.
LaTeX Info: Redefining \% on input line 242.
[139]
Underfull \hbox (badness 10000) detected at line 242
[][][]
 []


Underfull \hbox (badness 10000) detected at line 275
[][][]
 []

LaTeX Info: Redefining \. on input line 307.
LaTeX Info: Redefining \% on input line 307.
[140]
LaTeX Info: Redefining \. on input line 307.
LaTeX Info: Redefining \% on input line 307.
 [141]
Underfull \hbox (badness 10000) detected at line 308
[][][]
 []


Underfull \hbox (badness 10000) detected at line 341
[][][]
 []

LaTeX Info: Redefining \. on input line 371.
LaTeX Info: Redefining \% on input line 371.
[142]
Underfull \hbox (badness 10000) detected at line 372
[][][]
 []


Underfull \hbox (badness 10000) detected at line 403
[][][]
 []

LaTeX Info: Redefining \. on input line 437.
LaTeX Info: Redefining \% on input line 437.
[143]
Underfull \hbox (badness 10000) detected at line 438
[][][]
 []


Underfull \hbox (badness 10000) detected at line 471
[][][]
 []

) (_m_c_p23017_8c_source.tex
LaTeX Info: Redefining \. on input line 1.
LaTeX Info: Redefining \% on input line 1.
 [144]
LaTeX Info: Redefining \. on input line 75.
LaTeX Info: Redefining \% on input line 75.
 [145]
LaTeX Info: Redefining \. on input line 151.
LaTeX Info: Redefining \% on input line 151.
 [146]
LaTeX Info: Redefining \. on input line 237.
LaTeX Info: Redefining \% on input line 237.
 [147]
LaTeX Info: Redefining \. on input line 324.
LaTeX Info: Redefining \% on input line 324.
 [148]) (_m_c_p23017_8h.tex
Underfull \hbox (badness 10000) in paragraph at lines 8--14

 []


Underfull \hbox (badness 10000) detected at line 34
[][][]
 []


Underfull \hbox (badness 10000) detected at line 37
[][][]
 []


Underfull \hbox (badness 10000) detected at line 40
[][][]
 []

LaTeX Info: Redefining \. on input line 63.
LaTeX Info: Redefining \% on input line 63.
[149]
Underfull \hbox (badness 10000) detected at line 64
[][][]
 []


Underfull \hbox (badness 10000) detected at line 97
[][][]
 []

LaTeX Info: Redefining \. on input line 122.
LaTeX Info: Redefining \% on input line 122.
[150]
Underfull \hbox (badness 10000) detected at line 130
[][][]
 []


Underfull \hbox (badness 10000) detected at line 163
[][][]
 []

LaTeX Info: Redefining \. on input line 182.
LaTeX Info: Redefining \% on input line 182.
[151]
Underfull \hbox (badness 10000) detected at line 198
[][][]
 []


Underfull \hbox (badness 10000) detected at line 231
[][][]
 []

) (_m_c_p23017_8h_source.tex
LaTeX Info: Redefining \. on input line 6.
LaTeX Info: Redefining \% on input line 6.
 [152]) (mcp23017__defs_8h.tex
Underfull \hbox (badness 10000) in paragraph at lines 3--7

 []

LaTeX Info: Redefining \. on input line 55.
LaTeX Info: Redefining \% on input line 55.
[153]
Underfull \hbox (badness 3250) in paragraph at lines 89--91
[]\T1/phv/m/n/10 #define [] 0b0100 $\OML/cmm/m/it/10 <$$<$ \T1/phv/m/n/10 4 $\O
MS/cmsy/m/n/10 j$ [] $\OML/cmm/m/it/10 <$$<$ \T1/phv/m/n/10 1 $\OMS/cmsy/m/n/10
 j$
 []


Underfull \hbox (badness 2418) in paragraph at lines 91--93
[]\T1/phv/m/n/10 #define [] 0b0100 $\OML/cmm/m/it/10 <$$<$ \T1/phv/m/n/10 4 $\O
MS/cmsy/m/n/10 j$ [] $\OML/cmm/m/it/10 <$$<$ \T1/phv/m/n/10 1 $\OMS/cmsy/m/n/10
 j$
 []

LaTeX Info: Redefining \. on input line 143.
LaTeX Info: Redefining \% on input line 143.
[154]
LaTeX Info: Redefining \. on input line 221.
LaTeX Info: Redefining \% on input line 221.
 [155]
LaTeX Info: Redefining \. on input line 285.
LaTeX Info: Redefining \% on input line 285.
 [156]
LaTeX Info: Redefining \. on input line 345.
LaTeX Info: Redefining \% on input line 345.
 [157]
LaTeX Info: Redefining \. on input line 405.
LaTeX Info: Redefining \% on input line 405.
 [158]
LaTeX Info: Redefining \. on input line 465.
LaTeX Info: Redefining \% on input line 465.
 [159]
LaTeX Info: Redefining \. on input line 525.
LaTeX Info: Redefining \% on input line 525.
 [160]
LaTeX Info: Redefining \. on input line 585.
LaTeX Info: Redefining \% on input line 585.
 [161]
LaTeX Info: Redefining \. on input line 645.
LaTeX Info: Redefining \% on input line 645.
 [162])
(mcp23017__defs_8h_source.tex
LaTeX Info: Redefining \. on input line 16.
LaTeX Info: Redefining \% on input line 16.
 [163]
LaTeX Info: Redefining \. on input line 84.
LaTeX Info: Redefining \% on input line 84.
 [164]
LaTeX Info: Redefining \. on input line 170.
LaTeX Info: Redefining \% on input line 170.
 [165]
LaTeX Info: Redefining \. on input line 257.
LaTeX Info: Redefining \% on input line 257.
 [166]) (_l_v_f_v__system_8h.tex
Underfull \hbox (badness 10000) in paragraph at lines 8--10

 []

LaTeX Info: Redefining \. on input line 112.
LaTeX Info: Redefining \% on input line 112.
[167]
Underfull \hbox (badness 10000) detected at line 140
[][][]
 []


Underfull \hbox (badness 10000) detected at line 143
[][][]
 []


Underfull \hbox (badness 10000) detected at line 146
[][][]
 []

LaTeX Info: Redefining \. on input line 196.
LaTeX Info: Redefining \% on input line 196.
[168]
LaTeX Info: Redefining \. on input line 281.
LaTeX Info: Redefining \% on input line 281.
 [169]
LaTeX Info: Redefining \. on input line 367.
LaTeX Info: Redefining \% on input line 367.
 [170]
LaTeX Info: Redefining \. on input line 539.
LaTeX Info: Redefining \% on input line 539.
 [171]
LaTeX Info: Redefining \. on input line 539.
LaTeX Info: Redefining \% on input line 539.
 [172]) (_l_v_f_v__system_8h_source.tex
LaTeX Info: Redefining \. on input line 9.
LaTeX Info: Redefining \% on input line 9.
 [173]
LaTeX Info: Redefining \. on input line 93.
LaTeX Info: Redefining \% on input line 93.
 [174])
(main_8c.tex
Underfull \hbox (badness 10000) in paragraph at lines 8--30

 []

LaTeX Info: Redefining \. on input line 30.
LaTeX Info: Redefining \% on input line 30.
[175]
Underfull \hbox (badness 10000) detected at line 45
[][][]
 []


Underfull \hbox (badness 10000) detected at line 48
[][][]
 []


Underfull \hbox (badness 10000) detected at line 51
[][][]
 []

) (main_8c_source.tex
LaTeX Info: Redefining \. on input line 7.
LaTeX Info: Redefining \% on input line 7.
 [176]) (nvs_8c.tex
Underfull \hbox (badness 10000) in paragraph at lines 8--12

 []

LaTeX Info: Redefining \. on input line 12.
LaTeX Info: Redefining \% on input line 12.
[177]
Underfull \hbox (badness 7944) in paragraph at lines 64--65
[]\T1/phv/m/n/10 esp[]_[]err[]_[]t [] ([] $\OMS/cmsy/m/n/10 ^^C$\T1/phv/m/n/10 
frequency[]_[]settings, [] $\OMS/cmsy/m/n/10 ^^C$\T1/phv/m/n/10 time[]_[]settin
gs,
 []


Underfull \hbox (badness 6808) in paragraph at lines 66--67
[]\T1/phv/m/n/10 esp[]_[]err[]_[]t [] ([] $\OMS/cmsy/m/n/10 ^^C$\T1/phv/m/n/10 
frequency[]_[]settings, [] $\OMS/cmsy/m/n/10 ^^C$\T1/phv/m/n/10 time[]_[]settin
gs,
 []

LaTeX Info: Redefining \. on input line 78.
LaTeX Info: Redefining \% on input line 78.
[178]
Underfull \hbox (badness 10000) detected at line 78
[][][]
 []


Underfull \hbox (badness 10000) detected at line 81
[][][]
 []


Underfull \hbox (badness 10000) detected at line 84
[][][]
 []

LaTeX Info: Redefining \. on input line 161.
LaTeX Info: Redefining \% on input line 161.
[179]
LaTeX Info: Redefining \. on input line 237.
LaTeX Info: Redefining \% on input line 237.
 [180]
LaTeX Info: Redefining \. on input line 312.
LaTeX Info: Redefining \% on input line 312.
 [181]
LaTeX Info: Redefining \. on input line 387.
LaTeX Info: Redefining \% on input line 387.
 [182]
LaTeX Info: Redefining \. on input line 437.
LaTeX Info: Redefining \% on input line 437.
 [183]
LaTeX Info: Redefining \. on input line 476.
LaTeX Info: Redefining \% on input line 476.
 [184]
LaTeX Info: Redefining \. on input line 528.
LaTeX Info: Redefining \% on input line 528.
 [185]
LaTeX Info: Redefining \. on input line 583.
LaTeX Info: Redefining \% on input line 583.
 [186]) (nvs_8c_source.tex
LaTeX Info: Redefining \. on input line 41.
LaTeX Info: Redefining \% on input line 41.
 [187]
LaTeX Info: Redefining \. on input line 112.
LaTeX Info: Redefining \% on input line 112.

[188]
LaTeX Info: Redefining \. on input line 197.
LaTeX Info: Redefining \% on input line 197.
 [189]
LaTeX Info: Redefining \. on input line 283.
LaTeX Info: Redefining \% on input line 283.
 [190]) (nvs_8h.tex
Underfull \hbox (badness 10000) in paragraph at lines 8--10

 []


Underfull \hbox (badness 7944) in paragraph at lines 15--16
[]\T1/phv/m/n/10 esp[]_[]err[]_[]t [] ([] $\OMS/cmsy/m/n/10 ^^C$\T1/phv/m/n/10 
frequency[]_[]settings, [] $\OMS/cmsy/m/n/10 ^^C$\T1/phv/m/n/10 time[]_[]settin
gs,
 []


Underfull \hbox (badness 6808) in paragraph at lines 17--18
[]\T1/phv/m/n/10 esp[]_[]err[]_[]t [] ([] $\OMS/cmsy/m/n/10 ^^C$\T1/phv/m/n/10 
frequency[]_[]settings, [] $\OMS/cmsy/m/n/10 ^^C$\T1/phv/m/n/10 time[]_[]settin
gs,
 []


Underfull \hbox (badness 10000) detected at line 24
[][][]
 []


Underfull \hbox (badness 10000) detected at line 27
[][][]
 []


Underfull \hbox (badness 10000) detected at line 30
[][][]
 []

LaTeX Info: Redefining \. on input line 47.
LaTeX Info: Redefining \% on input line 47.
[191]
LaTeX Info: Redefining \. on input line 105.
LaTeX Info: Redefining \% on input line 105.
 [192]) (nvs_8h_source.tex
LaTeX Info: Redefining \. on input line 5.
LaTeX Info: Redefining \% on input line 5.
 [193]) (rtc_8c.tex
Underfull \hbox (badness 10000) in paragraph at lines 8--15

 []

LaTeX Info: Redefining \. on input line 55.
LaTeX Info: Redefining \% on input line 55.
[194]
Underfull \hbox (badness 10000) detected at line 55
[][][]
 []


Underfull \hbox (badness 10000) detected at line 58
[][][]
 []


Underfull \hbox (badness 10000) detected at line 61
[][][]
 []

LaTeX Info: Redefining \. on input line 110.
LaTeX Info: Redefining \% on input line 110.
[195]
Underfull \hbox (badness 10000) detected at line 132
[][][]
 []


Underfull \hbox (badness 10000) detected at line 155
[][][]
 []

LaTeX Info: Redefining \. on input line 189.
LaTeX Info: Redefining \% on input line 189.
[196]
Underfull \hbox (badness 10000) detected at line 190
[][][]
 []


Underfull \hbox (badness 10000) detected at line 220
[][][]
 []

LaTeX Info: Redefining \. on input line 247.
LaTeX Info: Redefining \% on input line 247.
[197]
Underfull \hbox (badness 10000) detected at line 248
[][][]
 []

) (rtc_8c_source.tex
LaTeX Info: Redefining \. on input line 22.
LaTeX Info: Redefining \% on input line 22.
 [198]
LaTeX Info: Redefining \. on input line 84.
LaTeX Info: Redefining \% on input line 84.
 [199]
LaTeX Info: Redefining \. on input line 164.
LaTeX Info: Redefining \% on input line 164.
 [200]) (rtc_8h.tex
Underfull \hbox (badness 10000) in paragraph at lines 8--10

 []


Underfull \hbox (badness 10000) detected at line 26
[][][]
 []


Underfull \hbox (badness 10000) detected at line 29
[][][]
 []

LaTeX Info: Redefining \. on input line 32.
LaTeX Info: Redefining \% on input line 32.
[201]
Underfull \hbox (badness 10000) detected at line 32
[][][]
 []


Underfull \hbox (badness 10000) detected at line 61
[][][]
 []


Underfull \hbox (badness 10000) detected at line 84
[][][]
 []

LaTeX Info: Redefining \. on input line 110.
LaTeX Info: Redefining \% on input line 110.
[202]
Underfull \hbox (badness 10000) detected at line 111
[][][]
 []


Underfull \hbox (badness 10000) detected at line 139
[][][]
 []

) (rtc_8h_source.tex) (sys_admin_8c.tex
Underfull \hbox (badness 10000) in paragraph at lines 8--17

 []

LaTeX Info: Redefining \. on input line 17.
LaTeX Info: Redefining \% on input line 17.
[203]
LaTeX Info: Redefining \. on input line 62.
LaTeX Info: Redefining \% on input line 62.
 [204]
Underfull \hbox (badness 10000) detected at line 62
[][][]
 []


Underfull \hbox (badness 10000) detected at line 65
[][][]
 []


Underfull \hbox (badness 10000) detected at line 68
[][][]
 []

LaTeX Info: Redefining \. on input line 117.
LaTeX Info: Redefining \% on input line 117.
[205]
Underfull \hbox (badness 10000) detected at line 118
[][][]
 []


Underfull \hbox (badness 10000) detected at line 186
[][][]
 []

LaTeX Info: Redefining \. on input line 201.
LaTeX Info: Redefining \% on input line 201.
[206]
Underfull \hbox (badness 10000) detected at line 205
[][][]
 []


Underfull \hbox (badness 10000) detected at line 227
[][][]
 []

LaTeX Info: Redefining \. on input line 256.
LaTeX Info: Redefining \% on input line 256.
[207]
LaTeX Info: Redefining \. on input line 256.
LaTeX Info: Redefining \% on input line 256.
 [208]
Overfull \hbox (1.97964pt too wide) in paragraph at lines 277--277
\T1/phv/m/sl/10 _[] 
 []


Overfull \hbox (1.97964pt too wide) in paragraph at lines 277--277
\T1/phv/m/sl/10 _[] 
 []


Underfull \hbox (badness 10000) detected at line 307
[][][]
 []

LaTeX Info: Redefining \. on input line 335.
LaTeX Info: Redefining \% on input line 335.
[209]) (sys_admin_8c_source.tex
LaTeX Info: Redefining \. on input line 32.
LaTeX Info: Redefining \% on input line 32.
 [210]
LaTeX Info: Redefining \. on input line 85.
LaTeX Info: Redefining \% on input line 85.
 [211]
LaTeX Info: Redefining \. on input line 166.
LaTeX Info: Redefining \% on input line 166.
 [212]) (sys_admin_8h.tex
Underfull \hbox (badness 10000) in paragraph at lines 8--9

 []

LaTeX Info: Redefining \. on input line 15.
LaTeX Info: Redefining \% on input line 15.
[213]
Underfull \hbox (badness 10000) detected at line 35
[][][]
 []


Underfull \hbox (badness 10000) detected at line 38
[][][]
 []


Underfull \hbox (badness 10000) detected at line 41
[][][]
 []

LaTeX Info: Redefining \. on input line 69.
LaTeX Info: Redefining \% on input line 69.
[214]
Underfull \hbox (badness 10000) detected at line 70
[][][]
 []


Underfull \hbox (badness 10000) detected at line 117
[][][]
 []


Underfull \hbox (badness 10000) detected at line 136
[][][]
 []

LaTeX Info: Redefining \. on input line 151.
LaTeX Info: Redefining \% on input line 151.
[215]
Underfull \hbox (badness 10000) detected at line 158
[][][]
 []

LaTeX Info: Redefining \. on input line 187.
LaTeX Info: Redefining \% on input line 187.
[216]
Overfull \hbox (1.97964pt too wide) in paragraph at lines 208--208
\T1/phv/m/sl/10 _[] 
 []


Overfull \hbox (1.97964pt too wide) in paragraph at lines 208--208
\T1/phv/m/sl/10 _[] 
 []


Underfull \hbox (badness 10000) detected at line 238
[][][]
 []

) (sys_admin_8h_source.tex
LaTeX Info: Redefining \. on input line 5.
LaTeX Info: Redefining \% on input line 5.
 [217]) (sys_control_8c.tex
Underfull \hbox (badness 10000) in paragraph at lines 8--23

 []

LaTeX Info: Redefining \. on input line 39.
LaTeX Info: Redefining \% on input line 39.
[218]
Underfull \hbox (badness 10000) detected at line 65
[][][]
 []


Underfull \hbox (badness 10000) detected at line 68
[][][]
 []


Underfull \hbox (badness 10000) detected at line 71
[][][]
 []


Underfull \hbox (badness 10000) in paragraph at lines 87--88
[]\T1/pcr/m/n/8 #define PIN[]_[][]NUM[]_[][]CLK 14 /$\OMS/cmsy/m/n/8 ^^C$$^^C$ 
\T1/pcr/m/n/8 @def PIN[]_[][]NUM[]_[][]CLK @brief Clock del SPI para comunicaci
n con el
 []


Underfull \hbox (badness 10000) in paragraph at lines 97--98
[]\T1/pcr/m/n/8 #define PIN[]_[][]NUM[]_[][]CS 12 /$\OMS/cmsy/m/n/8 ^^C$$^^C$ \
T1/pcr/m/n/8 @def PIN[]_[][]NUM[]_[][]CS @brief Chip select del SPI para comuni
cacin con el
 []


Underfull \hbox (badness 10000) in paragraph at lines 107--108
[]\T1/pcr/m/n/8 #define PIN[]_[][]NUM[]_[][]MISO 26 /$\OMS/cmsy/m/n/8 ^^C$$^^C$
 \T1/pcr/m/n/8 @def PIN[]_[][]NUM[]_[][]MISO @brief master input slave output d
el SPI para
 []

LaTeX Info: Redefining \. on input line 108.
LaTeX Info: Redefining \% on input line 108.
[219]
Underfull \hbox (badness 10000) in paragraph at lines 117--118
[]\T1/pcr/m/n/8 #define PIN[]_[][]NUM[]_[][]MOSI 25 /$\OMS/cmsy/m/n/8 ^^C$$^^C$
 \T1/pcr/m/n/8 @def PIN[]_[][]NUM[]_[][]MOSI @brief master output slave input d
el SPI para
 []


Underfull \hbox (badness 10000) in paragraph at lines 147--148
[]\T1/pcr/m/n/8 #define SPI[]_[][]QUEUE[]_[][]TX[]_[][]DEPTH 1 /$\OMS/cmsy/m/n/
8 ^^C$$^^C$ \T1/pcr/m/n/8 @def SPI[]_[][]QUEUE[]_[][]TX[]_[][]DEPTH @brief Prof
undidad de comandos para el
 []

LaTeX Info: Redefining \. on input line 174.
LaTeX Info: Redefining \% on input line 174.
[220]
Underfull \hbox (badness 10000) detected at line 191
[][][]
 []

LaTeX Info: Redefining \. on input line 221.
LaTeX Info: Redefining \% on input line 221.
[221]
Underfull \hbox (badness 10000) detected at line 222
[][][]
 []


Underfull \hbox (badness 10000) detected at line 253
[][][]
 []

) (sys_control_8c_source.tex
LaTeX Info: Redefining \. on input line 5.
LaTeX Info: Redefining \% on input line 5.
 [222]
LaTeX Info: Redefining \. on input line 68.
LaTeX Info: Redefining \% on input line 68.
 [223]
LaTeX Info: Redefining \. on input line 148.
LaTeX Info: Redefining \% on input line 148.
 [224]
LaTeX Info: Redefining \. on input line 235.
LaTeX Info: Redefining \% on input line 235.
 [225]
LaTeX Info: Redefining \. on input line 322.
LaTeX Info: Redefining \% on input line 322.
 [226]) (sys_control_8h.tex
Underfull \hbox (badness 10000) in paragraph at lines 8--9

 []


Overfull \hbox (24.56319pt too wide) in paragraph at lines 17--35
[] \T1/phv/m/n/10 = 10 , [] , [] , []
 []


Overfull \hbox (57.43945pt too wide) in paragraph at lines 17--35
[] \T1/phv/m/n/10 , [] , [] , []
 []


Overfull \hbox (60.34628pt too wide) in paragraph at lines 17--35
[] \T1/phv/m/n/10 , [] , [] , []
 []


Overfull \hbox (41.27602pt too wide) in paragraph at lines 36--49
[] \T1/phv/m/n/10 = 0x[]A0 , [] , []
 []


Overfull \hbox (62.94739pt too wide) in paragraph at lines 36--49
[] \T1/phv/m/n/10 , [] , []
 []

LaTeX Info: Redefining \. on input line 56.
LaTeX Info: Redefining \% on input line 56.
[227]
Underfull \hbox (badness 10000) detected at line 64
[][][]
 []


Underfull \hbox (badness 10000) detected at line 67
[][][]
 []


Underfull \hbox (badness 10000) detected at line 70
[][][]
 []

LaTeX Info: Redefining \. on input line 145.
LaTeX Info: Redefining \% on input line 145.
[228]
LaTeX Info: Redefining \. on input line 238.
LaTeX Info: Redefining \% on input line 238.
 [229]
Underfull \hbox (badness 10000) detected at line 240
[][][]
 []


Underfull \hbox (badness 10000) detected at line 269
[][][]
 []

) (sys_control_8h_source.tex
LaTeX Info: Redefining \. on input line 23.
LaTeX Info: Redefining \% on input line 23.
 [230]) (form_8c.tex) (form_8c_source.tex
LaTeX Info: Redefining \. on input line 1.
LaTeX Info: Redefining \% on input line 1.
 [231]
LaTeX Info: Redefining \. on input line 74.
LaTeX Info: Redefining \% on input line 74.

[232]) (form_8h.tex
LaTeX Info: Redefining \. on input line 1.
LaTeX Info: Redefining \% on input line 1.
 [233]) (form_8h_source.tex) (wifi_8c.tex
Underfull \hbox (badness 10000) in paragraph at lines 3--18

 []

LaTeX Font Info:    Font shape `TS1/phv/m/it' in size <9> not available
(Font)              Font shape `TS1/phv/m/sl' tried instead on input line 24.
LaTeX Font Info:    Font shape `TS1/phv/m/sl' will be
(Font)              scaled to size 8.09995pt on input line 24.
LaTeX Info: Redefining \. on input line 30.
LaTeX Info: Redefining \% on input line 30.
[234]
Underfull \hbox (badness 10000) detected at line 66
[][][]
 []


Underfull \hbox (badness 10000) detected at line 69
[][][]
 []

LaTeX Info: Redefining \. on input line 92.
LaTeX Info: Redefining \% on input line 92.
[235]

Package textcomp Warning: Symbol \textrightarrow not provided by
(textcomp)                font family phv in TS1 encoding.
(textcomp)                Default family used instead on input line 114.


Package textcomp Warning: Symbol \textrightarrow not provided by
(textcomp)                font family phv in TS1 encoding.
(textcomp)                Default family used instead on input line 114.


Package textcomp Warning: Symbol \textrightarrow not provided by
(textcomp)                font family phv in TS1 encoding.
(textcomp)                Default family used instead on input line 114.


Underfull \hbox (badness 1137) in paragraph at lines 114--115
\T1/phv/m/n/10 vmin, variation[]_[]str (li-near/cuadratica), sys[]_[]time, star
t[]_[]time, stop[]_[]time. 3) Lle-na es-truc-tu-ras frequency[]_[]edit,
 []


Underfull \hbox (badness 10000) detected at line 116
[][][]
 []


Package textcomp Warning: Symbol \textrightarrow not provided by
(textcomp)                font family phv in TS1 encoding.
(textcomp)                Default family used instead on input line 135.


Package textcomp Warning: Symbol \textrightarrow not provided by
(textcomp)                font family phv in TS1 encoding.
(textcomp)                Default family used instead on input line 136.

LaTeX Info: Redefining \. on input line 157.
LaTeX Info: Redefining \% on input line 157.
[236]) (wifi_8c_source.tex
LaTeX Info: Redefining \. on input line 53.
LaTeX Info: Redefining \% on input line 53.
 [237]
LaTeX Info: Redefining \. on input line 128.
LaTeX Info: Redefining \% on input line 128.
 [238]
LaTeX Info: Redefining \. on input line 215.
LaTeX Info: Redefining \% on input line 215.
 [239]) (wifi_8h.tex
Underfull \hbox (badness 10000) in paragraph at lines 3--5

 []

LaTeX Info: Redefining \. on input line 5.
LaTeX Info: Redefining \% on input line 5.
[240]

Package textcomp Warning: Symbol \textrightarrow not provided by
(textcomp)                font family phv in TS1 encoding.
(textcomp)                Default family used instead on input line 29.


Package textcomp Warning: Symbol \textrightarrow not provided by
(textcomp)                font family phv in TS1 encoding.
(textcomp)                Default family used instead on input line 30.

) (wifi_8h_source.tex)
LaTeX Info: Redefining \. on input line 325.
LaTeX Info: Redefining \% on input line 325.
 [241]
LaTeX Info: Redefining \. on input line 325.
LaTeX Info: Redefining \% on input line 325.
 [242

] (refman.ind
LaTeX Font Info:    Font shape `T1/phv/m/n' will be
(Font)              scaled to size 22.39185pt on input line 1.
 [243


]
Underfull \hbox (badness 791) in paragraph at lines 208--210
[]\T1/phv/m/n/10 C:/Users/User/LVFV_ESP32/main/display/display.c, [][]61[][],
 []


Overfull \hbox (23.38857pt too wide) in paragraph at lines 212--214
[]\T1/phv/m/n/10 C:/Users/User/LVFV_ESP32/main/display/sh1106_graphics.c,
 []


Overfull \hbox (23.8925pt too wide) in paragraph at lines 214--216
[]\T1/phv/m/n/10 C:/Users/User/LVFV_ESP32/main/display/sh1106_graphics.h,
 []

LaTeX Info: Redefining \. on input line 228.
LaTeX Info: Redefining \% on input line 228.
[244]
Overfull \hbox (30.84914pt too wide) in paragraph at lines 228--230
[]\T1/phv/m/n/10 C:/Users/User/LVFV_ESP32/main/io_control/mcp23017_defs.h,
 []


Underfull \hbox (badness 10000) in paragraph at lines 242--244
[]\T1/phv/m/n/10 C:/Users/User/LVFV_ESP32/main/system/sysAdmin.c,
 []


Underfull \hbox (badness 10000) in paragraph at lines 244--246
[]\T1/phv/m/n/10 C:/Users/User/LVFV_ESP32/main/system/sysAdmin.h,
 []


Underfull \hbox (badness 10000) in paragraph at lines 246--248
[]\T1/phv/m/n/10 C:/Users/User/LVFV_ESP32/main/system/sysControl.c,
 []


Underfull \hbox (badness 10000) in paragraph at lines 248--250
[]\T1/phv/m/n/10 C:/Users/User/LVFV_ESP32/main/system/sysControl.h,
 []

LaTeX Info: Redefining \. on input line 353.
LaTeX Info: Redefining \% on input line 353.
[245]
LaTeX Info: Redefining \. on input line 475.
LaTeX Info: Redefining \% on input line 475.
 [246]
LaTeX Info: Redefining \. on input line 597.
LaTeX Info: Redefining \% on input line 597.
 [247]
LaTeX Info: Redefining \. on input line 716.
LaTeX Info: Redefining \% on input line 716.
 [248]
LaTeX Info: Redefining \. on input line 835.
LaTeX Info: Redefining \% on input line 835.
 [249]
LaTeX Info: Redefining \. on input line 954.
LaTeX Info: Redefining \% on input line 954.
 [250]
Underfull \hbox (badness 10000) in paragraph at lines 954--956
[]| \T1/phv/m/n/10 __MCP23017_GPPU_PULL_UP_DISABLE__,
 []


Underfull \hbox (badness 10000) in paragraph at lines 971--973
[]| \T1/phv/m/n/10 __MCP23017_ODR_OPEN_DRAIN_OUTPUT__,
 []

LaTeX Info: Redefining \. on input line 1072.
LaTeX Info: Redefining \% on input line 1072.
[251]
LaTeX Info: Redefining \. on input line 1188.
LaTeX Info: Redefining \% on input line 1188.
 [252]
LaTeX Info: Redefining \. on input line 1312.
LaTeX Info: Redefining \% on input line 1312.
 [253]
Overfull \hbox (30.55214pt too wide) in paragraph at lines 1321--1323
[]\T1/phv/m/n/10 Referencia del di-rec-to-rio C:/Users/User/LVFV_ESP32/main/adc
,
 []


Overfull \hbox (43.78198pt too wide) in paragraph at lines 1323--1325
[]\T1/phv/m/n/10 Referencia del di-rec-to-rio C:/Users/User/LVFV_ESP32/main/dis
play,
 []


Overfull \hbox (55.0586pt too wide) in paragraph at lines 1325--1327
[]\T1/phv/m/n/10 Referencia del di-rec-to-rio C:/Users/User/LVFV_ESP32/main/io_
control,
 []


Overfull \hbox (29.86824pt too wide) in paragraph at lines 1327--1329
[]\T1/phv/m/n/10 Referencia del di-rec-to-rio C:/Users/User/LVFV_ESP32/main/nvs
,
 []


Overfull \hbox (26.40306pt too wide) in paragraph at lines 1329--1331
[]\T1/phv/m/n/10 Referencia del di-rec-to-rio C:/Users/User/LVFV_ESP32/main/rtc
,
 []


Overfull \hbox (44.54697pt too wide) in paragraph at lines 1331--1333
[]\T1/phv/m/n/10 Referencia del di-rec-to-rio C:/Users/User/LVFV_ESP32/main/sys
tem,
 []


Overfull \hbox (29.0402pt too wide) in paragraph at lines 1333--1335
[]\T1/phv/m/n/10 Referencia del di-rec-to-rio C:/Users/User/LVFV_ESP32/main/wif
i,
 []

LaTeX Info: Redefining \. on input line 1434.
LaTeX Info: Redefining \% on input line 1434.
[254]
LaTeX Info: Redefining \. on input line 1550.
LaTeX Info: Redefining \% on input line 1550.
 [255]
LaTeX Info: Redefining \. on input line 1666.
LaTeX Info: Redefining \% on input line 1666.
 [256]
LaTeX Info: Redefining \. on input line 1782.
LaTeX Info: Redefining \% on input line 1782.
 [257]
LaTeX Info: Redefining \. on input line 1909.
LaTeX Info: Redefining \% on input line 1909.
 [258]
LaTeX Info: Redefining \. on input line 1940.
LaTeX Info: Redefining \% on input line 1940.
 [259

]) (refman.aux
LaTeX Info: Redefining \. on input line 9.
LaTeX Info: Redefining \% on input line 9.
)
 ***********
LaTeX2e <2025-11-01>
L3 programming layer <2025-11-06>
 ***********


LaTeX Warning: There were multiply-defined labels.

Package rerunfilecheck Info: File `refman.out' has not changed.
(rerunfilecheck)             Checksum: DB24BF2C6C2F388C1A241235C747EEF1;162668.

 ) 
Here is how much of TeX's memory you used:
 30930 strings out of 467871
 644530 string characters out of 5418860
 1183873 words of memory out of 5000000
 52828 multiletter control sequences out of 15000+600000
 691679 words of font info for 123 fonts, out of 8000000 for 9000
 1141 hyphenation exceptions out of 8191
 103i,16n,124p,1505b,2498s stack positions out of 10000i,1000n,20000p,200000b,200000s
 <C:\Users\User\AppData\Local\MiKTeX\fonts/pk/ljfour/jknappen/ec/dpi600\tcss1
000.pk><C:/Users/User/AppData/Local/Programs/MiKTeX/fonts/type1/public/amsfonts
/cm/cmmi10.pfb><C:/Users/User/AppData/Local/Programs/MiKTeX/fonts/type1/public/
amsfonts/cm/cmmi7.pfb><C:/Users/User/AppData/Local/Programs/MiKTeX/fonts/type1/
public/amsfonts/cm/cmmi8.pfb><C:/Users/User/AppData/Local/Programs/MiKTeX/fonts
/type1/public/amsfonts/cm/cmmi9.pfb><C:/Users/User/AppData/Local/Programs/MiKTe
X/fonts/type1/public/amsfonts/cm/cmsy10.pfb><C:/Users/User/AppData/Local/Progra
ms/MiKTeX/fonts/type1/public/amsfonts/cm/cmsy7.pfb><C:/Users/User/AppData/Local
/Programs/MiKTeX/fonts/type1/public/amsfonts/cm/cmsy8.pfb><C:/Users/User/AppDat
a/Local/Programs/MiKTeX/fonts/type1/urw/courier/ucrr8a.pfb><C:/Users/User/AppDa
ta/Local/Programs/MiKTeX/fonts/type1/urw/courier/ucrro8a.pfb><C:/Users/User/App
Data/Local/Programs/MiKTeX/fonts/type1/urw/helvetic/uhvb8a.pfb><C:/Users/User/A
ppData/Local/Programs/MiKTeX/fonts/type1/urw/helvetic/uhvb8ac.pfb><C:/Users/Use
r/AppData/Local/Programs/MiKTeX/fonts/type1/urw/helvetic/uhvr8a.pfb><C:/Users/U
ser/AppData/Local/Programs/MiKTeX/fonts/type1/urw/helvetic/uhvro8a.pfb>
Output written on refman.pdf (281 pages, 3466362 bytes).
PDF statistics:
 18563 PDF objects out of 22161 (max. 8388607)
 6428 named destinations out of 7423 (max. 500000)
 6089 words of extra memory for PDF output out of 10000 (max. 10000000)

