This is pdfTeX, Version 3.141592653-2.6-1.40.27 (MiKTeX 25.4) (preloaded format=pdflatex 2025.12.3)  13 DEC 2025 01:22
entering extended mode
 restricted \write18 enabled.
 file:line:error style messages enabled.
 %&-line parsing enabled.
**./main.tex
(main.tex
LaTeX2e <2025-11-01>
L3 programming layer <2025-11-06>
(C:\Users\User\AppData\Local\Programs\MiKTeX\tex/latex/base\article.cls
Document Class: article 2025/01/22 v1.4n Standard LaTeX document class
(C:\Users\User\AppData\Local\Programs\MiKTeX\tex/latex/base\size10.clo
File: size10.clo 2025/01/22 v1.4n Standard LaTeX file (size option)
)
\c@part=\count275
\c@section=\count276
\c@subsection=\count277
\c@subsubsection=\count278
\c@paragraph=\count279
\c@subparagraph=\count280
\c@figure=\count281
\c@table=\count282
\abovecaptionskip=\skip49
\belowcaptionskip=\skip50
\bibindent=\dimen148
)
(C:\Users\User\AppData\Local\Programs\MiKTeX\tex/latex/titlesec\titlesec.sty
Package: titlesec 2025/01/04 v2.17 Sectioning titles
\ttl@box=\box53
\beforetitleunit=\skip51
\aftertitleunit=\skip52
\ttl@plus=\dimen149
\ttl@minus=\dimen150
\ttl@toksa=\toks17
\titlewidth=\dimen151
\titlewidthlast=\dimen152
\titlewidthfirst=\dimen153
)
(C:\Users\User\AppData\Local\Programs\MiKTeX\tex/latex/titling\titling.sty
Package: titling 2009/09/04 v2.1d maketitle typesetting
\thanksmarkwidth=\skip53
\thanksmargin=\skip54
\droptitle=\skip55
)
(C:\Users\User\AppData\Local\Programs\MiKTeX\tex/latex/setspace\setspace.sty
Package: setspace 2022/12/04 v6.7b set line spacing
)
(C:\Users\User\AppData\Local\Programs\MiKTeX\tex/latex/graphics\graphicx.sty
Package: graphicx 2024/12/31 v1.2e Enhanced LaTeX Graphics (DPC,SPQR)

(C:\Users\User\AppData\Local\Programs\MiKTeX\tex/latex/graphics\keyval.sty
Package: keyval 2022/05/29 v1.15 key=value parser (DPC)
\KV@toks@=\toks18
)
(C:\Users\User\AppData\Local\Programs\MiKTeX\tex/latex/graphics\graphics.sty
Package: graphics 2024/08/06 v1.4g Standard LaTeX Graphics (DPC,SPQR)

(C:\Users\User\AppData\Local\Programs\MiKTeX\tex/latex/graphics\trig.sty
Package: trig 2023/12/02 v1.11 sin cos tan (DPC)
)
(C:\Users\User\AppData\Local\Programs\MiKTeX\tex/latex/graphics-cfg\graphics.cf
g
File: graphics.cfg 2016/06/04 v1.11 sample graphics configuration
)
Package graphics Info: Driver file: pdftex.def on input line 106.

(C:\Users\User\AppData\Local\Programs\MiKTeX\tex/latex/graphics-def\pdftex.def
File: pdftex.def 2025/09/29 v1.2d Graphics/color driver for pdftex
))
\Gin@req@height=\dimen154
\Gin@req@width=\dimen155
) (C:\Users\User\AppData\Local\Programs\MiKTeX\tex/latex/caption\caption.sty
Package: caption 2023/08/05 v3.6o Customizing captions (AR)

(C:\Users\User\AppData\Local\Programs\MiKTeX\tex/latex/caption\caption3.sty
Package: caption3 2023/07/31 v2.4d caption3 kernel (AR)
\caption@tempdima=\dimen156
\captionmargin=\dimen157
\caption@leftmargin=\dimen158
\caption@rightmargin=\dimen159
\caption@width=\dimen160
\caption@indent=\dimen161
\caption@parindent=\dimen162
\caption@hangindent=\dimen163
Package caption Info: Standard document class detected.
)
\c@caption@flags=\count283
\c@continuedfloat=\count284
)
(C:\Users\User\AppData\Local\Programs\MiKTeX\tex/latex/caption\subcaption.sty
Package: subcaption 2023/07/28 v1.6b Sub-captions (AR)
Package caption Info: New subtype `subfigure' on input line 238.
\c@subfigure=\count285
Package caption Info: New subtype `subtable' on input line 238.
\c@subtable=\count286
)
(C:\Users\User\AppData\Local\Programs\MiKTeX\tex/latex/float\float.sty
Package: float 2001/11/08 v1.3d Float enhancements (AL)
\c@float@type=\count287
\float@exts=\toks19
\float@box=\box54
\@float@everytoks=\toks20
\@floatcapt=\box55
)
(C:\Users\User\AppData\Local\Programs\MiKTeX\tex/latex/xcolor\xcolor.sty
Package: xcolor 2024/09/29 v3.02 LaTeX color extensions (UK)

(C:\Users\User\AppData\Local\Programs\MiKTeX\tex/latex/graphics-cfg\color.cfg
File: color.cfg 2016/01/02 v1.6 sample color configuration
)
Package xcolor Info: Driver file: pdftex.def on input line 274.

(C:\Users\User\AppData\Local\Programs\MiKTeX\tex/latex/graphics\mathcolor.ltx)
Package xcolor Info: Model `cmy' substituted by `cmy0' on input line 1349.
Package xcolor Info: Model `hsb' substituted by `rgb' on input line 1353.
Package xcolor Info: Model `RGB' extended on input line 1365.
Package xcolor Info: Model `HTML' substituted by `rgb' on input line 1367.
Package xcolor Info: Model `Hsb' substituted by `hsb' on input line 1368.
Package xcolor Info: Model `tHsb' substituted by `hsb' on input line 1369.
Package xcolor Info: Model `HSB' substituted by `hsb' on input line 1370.
Package xcolor Info: Model `Gray' substituted by `gray' on input line 1371.
Package xcolor Info: Model `wave' substituted by `hsb' on input line 1372.
) (C:\Users\User\AppData\Local\Programs\MiKTeX\tex/latex/preprint\authblk.sty
Package: authblk 2001/02/27 1.3 (PWD)
\affilsep=\skip56
\@affilsep=\skip57
\c@Maxaffil=\count288
\c@authors=\count289
\c@affil=\count290
)
(C:\Users\User\AppData\Local\Programs\MiKTeX\tex/generic/soul\soul.sty
Package: soul 2023-06-14 v3.1 Permit use of UTF-8 characters in soul (HO)

(C:\Users\User\AppData\Local\Programs\MiKTeX\tex/generic/soul\soul-ori.sty
Package: soul-ori 2023-06-14 v3.1 letterspacing/underlining (mf)
\SOUL@word=\toks21
\SOUL@lasttoken=\toks22
\SOUL@syllable=\toks23
\SOUL@cmds=\toks24
\SOUL@buffer=\toks25
\SOUL@token=\toks26
\SOUL@syllgoal=\dimen164
\SOUL@syllwidth=\dimen165
\SOUL@charkern=\dimen166
\SOUL@hyphkern=\dimen167
\SOUL@dimen=\dimen168
\SOUL@dimeni=\dimen169
\SOUL@minus=\count291
\SOUL@comma=\count292
\SOUL@apo=\count293
\SOUL@grave=\count294
\SOUL@spaceskip=\skip58
\SOUL@ttwidth=\dimen170
\SOUL@uldp=\dimen171
\SOUL@ulht=\dimen172
)
(C:\Users\User\AppData\Local\Programs\MiKTeX\tex/generic/infwarerr\infwarerr.st
y
Package: infwarerr 2019/12/03 v1.5 Providing info/warning/error messages (HO)
)
(C:\Users\User\AppData\Local\Programs\MiKTeX\tex/generic/etexcmds\etexcmds.sty
Package: etexcmds 2019/12/15 v1.7 Avoid name clashes with e-TeX commands (HO)

(C:\Users\User\AppData\Local\Programs\MiKTeX\tex/generic/iftex\iftex.sty
Package: iftex 2024/12/12 v1.0g TeX engine tests
)))
(C:\Users\User\AppData\Local\Programs\MiKTeX\tex/latex/tools\array.sty
Package: array 2025/09/25 v2.6n Tabular extension package (FMi)
\col@sep=\dimen173
\ar@mcellbox=\box56
\extrarowheight=\dimen174
\NC@list=\toks27
\extratabsurround=\skip59
\backup@length=\skip60
\ar@cellbox=\box57
)
(C:\Users\User\AppData\Local\Programs\MiKTeX\tex/latex/tools\tabularx.sty
Package: tabularx 2023/12/11 v2.12a `tabularx' package (DPC)
\TX@col@width=\dimen175
\TX@old@table=\dimen176
\TX@old@col=\dimen177
\TX@target=\dimen178
\TX@delta=\dimen179
\TX@cols=\count295
\TX@ftn=\toks28
)
(C:\Users\User\AppData\Local\Programs\MiKTeX\tex/latex/amsmath\amsmath.sty
Package: amsmath 2025/07/09 v2.17z AMS math features
\@mathmargin=\skip61

For additional information on amsmath, use the `?' option.
(C:\Users\User\AppData\Local\Programs\MiKTeX\tex/latex/amsmath\amstext.sty
Package: amstext 2024/11/17 v2.01 AMS text

(C:\Users\User\AppData\Local\Programs\MiKTeX\tex/latex/amsmath\amsgen.sty
File: amsgen.sty 1999/11/30 v2.0 generic functions
\@emptytoks=\toks29
\ex@=\dimen180
))
(C:\Users\User\AppData\Local\Programs\MiKTeX\tex/latex/amsmath\amsbsy.sty
Package: amsbsy 1999/11/29 v1.2d Bold Symbols
\pmbraise@=\dimen181
)
(C:\Users\User\AppData\Local\Programs\MiKTeX\tex/latex/amsmath\amsopn.sty
Package: amsopn 2022/04/08 v2.04 operator names
)
\inf@bad=\count296
LaTeX Info: Redefining \frac on input line 233.
\uproot@=\count297
\leftroot@=\count298
LaTeX Info: Redefining \overline on input line 398.
LaTeX Info: Redefining \colon on input line 409.
\classnum@=\count299
\DOTSCASE@=\count300
LaTeX Info: Redefining \ldots on input line 495.
LaTeX Info: Redefining \dots on input line 498.
LaTeX Info: Redefining \cdots on input line 619.
\Mathstrutbox@=\box58
\strutbox@=\box59
LaTeX Info: Redefining \big on input line 721.
LaTeX Info: Redefining \Big on input line 722.
LaTeX Info: Redefining \bigg on input line 723.
LaTeX Info: Redefining \Bigg on input line 724.
\big@size=\dimen182
LaTeX Font Info:    Redeclaring font encoding OML on input line 742.
LaTeX Font Info:    Redeclaring font encoding OMS on input line 743.
\macc@depth=\count301
LaTeX Info: Redefining \bmod on input line 904.
LaTeX Info: Redefining \pmod on input line 909.
LaTeX Info: Redefining \smash on input line 939.
LaTeX Info: Redefining \relbar on input line 969.
LaTeX Info: Redefining \Relbar on input line 970.
\c@MaxMatrixCols=\count302
\dotsspace@=\muskip17
\c@parentequation=\count303
\dspbrk@lvl=\count304
\tag@help=\toks30
\row@=\count305
\column@=\count306
\maxfields@=\count307
\andhelp@=\toks31
\eqnshift@=\dimen183
\alignsep@=\dimen184
\tagshift@=\dimen185
\tagwidth@=\dimen186
\totwidth@=\dimen187
\lineht@=\dimen188
\@envbody=\toks32
\multlinegap=\skip62
\multlinetaggap=\skip63
\mathdisplay@stack=\toks33
LaTeX Info: Redefining \[ on input line 2950.
LaTeX Info: Redefining \] on input line 2951.
)
(C:\Users\User\AppData\Local\Programs\MiKTeX\tex/latex/ieeetran\IEEEtrantools.s
ty
Package: IEEEtrantools 2015/08/26 V1.5 by Michael Shell

-- See the "IEEEtrantools_doc.txt" manual for usage information.
-- http://www.michaelshell.org/tex/ieeetran/tools/
\@IEEEtrantmpdimenA=\dimen189
\@IEEEtrantmpdimenB=\dimen190
\@IEEEtrantmpdimenC=\dimen191
\@IEEEtrantmpcountA=\count308
\@IEEEtrantmpcountB=\count309
\@IEEEtrantmpcountC=\count310
\@IEEEtrantmptoksA=\toks34
\IEEEnormaljot=\dimen192
\IEEEquantizedlength=\dimen193
\IEEEquantizedlengthdiff=\dimen194
\IEEEquantizedtextheightdiff=\dimen195
\IEEEilabelindentA=\dimen196
\IEEEilabelindentB=\dimen197
\IEEEilabelindent=\dimen198
\IEEEelabelindent=\dimen199
\IEEEdlabelindent=\dimen256
\IEEElabelindent=\dimen257
\IEEEiednormlabelsep=\dimen258
\IEEEiedmathlabelsep=\dimen259
\IEEEiedtopsep=\skip64
\c@IEEEsubequation=\count311
\@IEEEeqnnumcols=\count312
\@IEEEeqncolcnt=\count313
\@IEEEsubeqnnumrollback=\count314
\IEEEPARstartletwidth=\dimen260
) (C:\Users\User\AppData\Local\Programs\MiKTeX\tex/latex/base\inputenc.sty
Package: inputenc 2024/02/08 v1.3d Input encoding file
\inpenc@prehook=\toks35
\inpenc@posthook=\toks36
)
(C:\Users\User\AppData\Local\Programs\MiKTeX\tex/latex/csquotes\csquotes.sty
Package: csquotes 2024-04-04 v5.2o context-sensitive quotations (JAW)

(C:\Users\User\AppData\Local\Programs\MiKTeX\tex/latex/etoolbox\etoolbox.sty
Package: etoolbox 2025/10/02 v2.5m e-TeX tools for LaTeX (JAW)
\etb@tempcnta=\count315
)
\csq@reset=\count316
\csq@gtype=\count317
\csq@glevel=\count318
\csq@qlevel=\count319
\csq@maxlvl=\count320
\csq@tshold=\count321
\csq@ltx@everypar=\toks37

(C:\Users\User\AppData\Local\Programs\MiKTeX\tex/latex/csquotes\csquotes.def
File: csquotes.def 2024-04-04 v5.2o csquotes generic definitions (JAW)
)
Package csquotes Info: Trying to load configuration file 'csquotes.cfg'...
Package csquotes Info: ... configuration file loaded successfully.

(C:\Users\User\AppData\Local\Programs\MiKTeX\tex/latex/csquotes\csquotes.cfg
File: csquotes.cfg 
))
(C:\Users\User\AppData\Local\Programs\MiKTeX\tex/latex/newtx\newtxtext.sty
Package: newtxtext 2024/04/01 v1.744(Michael Sharpe) latex and unicode latex su
pport for TeXGyreTermesX

`newtxtext' v1.744, 2024/04/01 Text macros taking advantage of TeXGyre Termes a
nd its extensions (msharpe)
(C:\Users\User\AppData\Local\Programs\MiKTeX\tex/latex/xpatch\xpatch.sty
(C:\Users\User\AppData\Local\Programs\MiKTeX\tex/latex/l3kernel\expl3.sty
Package: expl3 2025-11-06 L3 programming layer (loader) 

(C:\Users\User\AppData\Local\Programs\MiKTeX\tex/latex/l3backend\l3backend-pdft
ex.def
File: l3backend-pdftex.def 2025-10-09 L3 backend support: PDF output (pdfTeX)
\l__color_backend_stack_int=\count322
))
Package: xpatch 2020/03/25 v0.3a Extending etoolbox patching commands

(C:\Users\User\AppData\Local\Programs\MiKTeX\tex/latex/l3packages/xparse\xparse
.sty
Package: xparse 2025-10-09 L3 Experimental document command parser
))
(C:\Users\User\AppData\Local\Programs\MiKTeX\tex/latex/xkeyval\xkeyval.sty
Package: xkeyval 2022/06/16 v2.9 package option processing (HA)

(C:\Users\User\AppData\Local\Programs\MiKTeX\tex/generic/xkeyval\xkeyval.tex
(C:\Users\User\AppData\Local\Programs\MiKTeX\tex/generic/xkeyval\xkvutils.tex
\XKV@toks=\toks38
\XKV@tempa@toks=\toks39
)
\XKV@depth=\count323
File: xkeyval.tex 2014/12/03 v2.7a key=value parser (HA)
)) (C:\Users\User\AppData\Local\Programs\MiKTeX\tex/latex/base\textcomp.sty
Package: textcomp 2024/04/24 v2.1b Standard LaTeX package
)
(C:\Users\User\AppData\Local\Programs\MiKTeX\tex/latex/xstring\xstring.sty
(C:\Users\User\AppData\Local\Programs\MiKTeX\tex/generic/xstring\xstring.tex
\xs_counta=\count324
\xs_countb=\count325
)
Package: xstring 2023/08/22 v1.86 String manipulations (CT)
)
(C:\Users\User\AppData\Local\Programs\MiKTeX\tex/latex/base\ifthen.sty
Package: ifthen 2024/03/16 v1.1e Standard LaTeX ifthen package (DPC)
)
(C:\Users\User\AppData\Local\Programs\MiKTeX\tex/latex/carlisle\scalefnt.sty)
LaTeX Font Info:    Setting ntxLF sub-encoding to TS1/0 on input line 24.
LaTeX Font Info:    Setting ntxTLF sub-encoding to TS1/0 on input line 24.
LaTeX Font Info:    Setting ntxOsF sub-encoding to TS1/0 on input line 24.
LaTeX Font Info:    Setting ntxTOsF sub-encoding to TS1/0 on input line 24.

(C:\Users\User\AppData\Local\Programs\MiKTeX\tex/generic/binhex\binhex.tex)
\ntx@tmpcnta=\count326
\ntx@cnt=\count327

(C:\Users\User\AppData\Local\Programs\MiKTeX\tex/latex/fontaxes\fontaxes.sty
Package: fontaxes 2025-05-24 v2.0.1 Font selection axes (deprecated)

(C:\Users\User\AppData\Local\Programs\MiKTeX\tex/latex/figureversions\figurever
sions.sty
Package: figureversions 2025-04-29 v1.0.1 Figure versions
))
\tx@sixem=\dimen261
\tx@y=\dimen262
\tx@x=\dimen263
\tx@tmpdima=\dimen264
\tx@tmpdimb=\dimen265
\tx@tmpdimc=\dimen266
\tx@tmpdimd=\dimen267
\tx@tmpdime=\dimen268
\tx@tmpdimf=\dimen269
\tx@dimA=\dimen270
\tx@dimAA=\dimen271
\tx@dimB=\dimen272
\tx@dimBB=\dimen273
\tx@dimC=\dimen274
LaTeX Info: Redefining \oldstylenums on input line 902.
)
(C:\Users\User\AppData\Local\Programs\MiKTeX\tex/latex/newtx\newtxmath.sty
Package: newtxmath 2024/09/22 v1.754

`newtxmath' v1.754, 2024/09/22 Math macros based originally on txfonts (msharpe
) (C:\Users\User\AppData\Local\Programs\MiKTeX\tex/latex/oberdiek\centernot.sty
Package: centernot 2016/05/16 v1.4 Centers the not symbol horizontally (HO)
)
\tx@cntz=\count328
 (C:\Users\User\AppData\Local\Programs\MiKTeX\tex/generic/binhex\binhex.tex)
\tx@Isdigit=\count329
\tx@IsAlNum=\count330
\tx@tA=\toks40
\tx@tB=\toks41
\tx@su=\read2

amsthm NOT loaded
LaTeX Font Info:    Redeclaring symbol font `operators' on input line 402.
LaTeX Font Info:    Overwriting symbol font `operators' in version `normal'
(Font)                  OT1/cmr/m/n --> OT1/minntx/m/n on input line 402.
LaTeX Font Info:    Overwriting symbol font `operators' in version `bold'
(Font)                  OT1/cmr/bx/n --> OT1/minntx/m/n on input line 402.
LaTeX Font Info:    Overwriting symbol font `operators' in version `bold'
(Font)                  OT1/minntx/m/n --> OT1/minntx/b/n on input line 403.
LaTeX Font Info:    Redeclaring math alphabet \mathsf on input line 410.
LaTeX Font Info:    Overwriting math alphabet `\mathsf' in version `normal'
(Font)                  OT1/cmss/m/n --> OT1/qhv/m/n on input line 410.
LaTeX Font Info:    Overwriting math alphabet `\mathsf' in version `bold'
(Font)                  OT1/cmss/bx/n --> OT1/qhv/m/n on input line 410.
LaTeX Font Info:    Overwriting math alphabet `\mathsf' in version `bold'
(Font)                  OT1/qhv/m/n --> OT1/qhv/b/n on input line 412.
LaTeX Font Info:    Redeclaring math alphabet \mathit on input line 419.
LaTeX Font Info:    Overwriting math alphabet `\mathit' in version `normal'
(Font)                  OT1/cmr/m/it --> OT1/minntx/m/it on input line 419.
LaTeX Font Info:    Overwriting math alphabet `\mathit' in version `bold'
(Font)                  OT1/cmr/bx/it --> OT1/minntx/m/it on input line 419.
LaTeX Font Info:    Redeclaring math alphabet \mathtt on input line 420.
LaTeX Font Info:    Overwriting math alphabet `\mathtt' in version `normal'
(Font)                  OT1/cmtt/m/n --> OT1/ntxtt/m/n on input line 420.
LaTeX Font Info:    Overwriting math alphabet `\mathtt' in version `bold'
(Font)                  OT1/cmtt/m/n --> OT1/ntxtt/m/n on input line 420.
LaTeX Font Info:    Redeclaring math alphabet \mathbf on input line 422.
LaTeX Font Info:    Overwriting math alphabet `\mathbf' in version `normal'
(Font)                  OT1/cmr/bx/n --> OT1/minntx/b/n on input line 422.
LaTeX Font Info:    Overwriting math alphabet `\mathbf' in version `bold'
(Font)                  OT1/cmr/bx/n --> OT1/minntx/b/n on input line 422.
LaTeX Font Info:    Overwriting math alphabet `\mathit' in version `bold'
(Font)                  OT1/minntx/m/it --> OT1/minntx/b/it on input line 423.
LaTeX Font Info:    Overwriting math alphabet `\mathtt' in version `bold'
(Font)                  OT1/ntxtt/m/n --> OT1/ntxtt/b/n on input line 426.
LaTeX Font Info:    Redeclaring symbol font `letters' on input line 534.
LaTeX Font Info:    Overwriting symbol font `letters' in version `normal'
(Font)                  OML/cmm/m/it --> OML/ntxmi/m/it on input line 534.
LaTeX Font Info:    Overwriting symbol font `letters' in version `bold'
(Font)                  OML/cmm/b/it --> OML/ntxmi/m/it on input line 534.
LaTeX Font Info:    Overwriting symbol font `letters' in version `bold'
(Font)                  OML/ntxmi/m/it --> OML/ntxmi/b/it on input line 535.
\symlettersA=\mathgroup4
LaTeX Font Info:    Overwriting symbol font `lettersA' in version `bold'
(Font)                  U/ntxmia/m/it --> U/ntxmia/b/it on input line 582.
Now handling font encoding LMS ...
... no UTF-8 mapping file for font encoding LMS
LaTeX Font Info:    Redeclaring symbol font `symbols' on input line 604.
LaTeX Font Info:    Encoding `OMS' has changed to `LMS' for symbol font
(Font)              `symbols' in the math version `normal' on input line 604.
LaTeX Font Info:    Overwriting symbol font `symbols' in version `normal'
(Font)                  OMS/cmsy/m/n --> LMS/ntxsy/m/n on input line 604.
LaTeX Font Info:    Encoding `OMS' has changed to `LMS' for symbol font
(Font)              `symbols' in the math version `bold' on input line 604.
LaTeX Font Info:    Overwriting symbol font `symbols' in version `bold'
(Font)                  OMS/cmsy/b/n --> LMS/ntxsy/m/n on input line 604.
LaTeX Font Info:    Overwriting symbol font `symbols' in version `bold'
(Font)                  LMS/ntxsy/m/n --> LMS/ntxsy/b/n on input line 605.
\symAMSm=\mathgroup5
LaTeX Font Info:    Overwriting symbol font `AMSm' in version `bold'
(Font)                  U/ntxsym/m/n --> U/ntxsym/b/n on input line 630.
\symsymbolsC=\mathgroup6
LaTeX Font Info:    Overwriting symbol font `symbolsC' in version `bold'
(Font)                  U/ntxsyc/m/n --> U/ntxsyc/b/n on input line 651.
Now handling font encoding LMX ...
... no UTF-8 mapping file for font encoding LMX
LaTeX Font Info:    Redeclaring symbol font `largesymbols' on input line 664.
LaTeX Font Info:    Encoding `OMX' has changed to `LMX' for symbol font
(Font)              `largesymbols' in the math version `normal' on input line 6
64.
LaTeX Font Info:    Overwriting symbol font `largesymbols' in version `normal'
(Font)                  OMX/cmex/m/n --> LMX/ntxexx/m/n on input line 664.
LaTeX Font Info:    Encoding `OMX' has changed to `LMX' for symbol font
(Font)              `largesymbols' in the math version `bold' on input line 664
.
LaTeX Font Info:    Overwriting symbol font `largesymbols' in version `bold'
(Font)                  OMX/cmex/m/n --> LMX/ntxexx/m/n on input line 664.
LaTeX Font Info:    Overwriting symbol font `largesymbols' in version `bold'
(Font)                  LMX/ntxexx/m/n --> LMX/ntxexx/b/n on input line 665.
\symlargesymbolsTXA=\mathgroup7
LaTeX Font Info:    Overwriting symbol font `largesymbolsTXA' in version `bold'

(Font)                  U/ntxexa/m/n --> U/ntxexa/b/n on input line 679.
\tx@sbptoks=\toks42
LaTeX Font Info:    Redeclaring math delimiter \lfloor on input line 902.
LaTeX Font Info:    Redeclaring math delimiter \rfloor on input line 903.
LaTeX Font Info:    Redeclaring math delimiter \lceil on input line 904.
LaTeX Font Info:    Redeclaring math delimiter \rceil on input line 905.
LaTeX Font Info:    Redeclaring math delimiter \lbrace on input line 910.
LaTeX Font Info:    Redeclaring math delimiter \rbrace on input line 911.
LaTeX Font Info:    Redeclaring math delimiter \langle on input line 913.
LaTeX Font Info:    Redeclaring math delimiter \rangle on input line 915.
LaTeX Font Info:    Redeclaring math delimiter \arrowvert on input line 919.
LaTeX Font Info:    Redeclaring math delimiter \vert on input line 920.
LaTeX Font Info:    Redeclaring math symbol \hbar on input line 966.
LaTeX Font Info:    Redeclaring math accent \dot on input line 991.
LaTeX Font Info:    Redeclaring math accent \ddot on input line 992.
LaTeX Font Info:    Redeclaring math accent \vec on input line 2057.
LaTeX Info: Redefining \Bbbk on input line 2847.
LaTeX Info: Redefining \not on input line 2995.
) (C:\Users\User\AppData\Local\Programs\MiKTeX\tex/generic/babel\babel.sty
Package: babel 2025/11/09 v25.15 The multilingual framework for LuaLaTeX, pdfLa
TeX and XeLaTeX
\babel@savecnt=\count331
LaTeX Encoding Info:    Redeclaring text command \ij (encoding OT1) on input li
ne 2050.
LaTeX Encoding Info:    Redeclaring text command \IJ (encoding OT1) on input li
ne 2052.
LaTeX Encoding Info:    Redeclaring text command \ij (encoding T1) on input lin
e 2054.
LaTeX Encoding Info:    Redeclaring text command \IJ (encoding T1) on input lin
e 2055.
LaTeX Encoding Info:    Ignoring declaration for text command \ij (encoding ?) 
on input line 2056.
LaTeX Encoding Info:    Ignoring declaration for text command \IJ (encoding ?) 
on input line 2058.
LaTeX Encoding Info:    Ignoring declaration for text command \SS (encoding ?) 
on input line 2083.
\U@D=\dimen275
\l@unhyphenated=\language79

(C:\Users\User\AppData\Local\Programs\MiKTeX\tex/generic/babel\txtbabel.def)
\bbl@readstream=\read3
\bbl@dirlevel=\count332
Package babel Info: Configuration files are deprecated, as
(babel)             they can break document portability.
(babel)             Reported on input line 4175.

*************************************
* Local config file bblopts.cfg used
*
(C:\Users\User\AppData\Local\Programs\MiKTeX\tex/latex/arabi\bblopts.cfg
File: bblopts.cfg 2005/09/08 v0.1 add Arabic and Farsi to "declared" options of
 babel
)
(C:\Users\User\AppData\Local\Programs\MiKTeX\tex/generic/babel/locale/es\babel-
spanish.tex)
Package babel Info: Importing font and identification data for spanish
(babel)             from babel-es.ini. Reported on input line 4298.

(C:\Users\User\AppData\Local\Programs\MiKTeX\tex/latex/babel-spanish\spanish.ld
f
Language: spanish.ldf 2021/05/27 v5.0q Spanish support from the babel system
\es@quottoks=\toks43
\es@quotdepth=\count333
Package babel Info: Making " an active character on input line 570.
Package babel Info: Making . an active character on input line 675.
Package babel Info: Making < an active character on input line 722.
Package babel Info: Making > an active character on input line 722.
))
LaTeX Encoding Info:    Redeclaring text command \guillemotleft (encoding OT1) 
on input line 34.
LaTeX Encoding Info:    Redeclaring text command \guillemotright (encoding OT1)
 on input line 34.

(C:\Users\User\AppData\Local\Programs\MiKTeX\tex/latex/biblatex\biblatex.sty
Package: biblatex 2025/07/10 v3.21 programmable bibliographies (PK/MW)

(C:\Users\User\AppData\Local\Programs\MiKTeX\tex/generic/pdftexcmds\pdftexcmds.
sty
Package: pdftexcmds 2020-06-27 v0.33 Utility functions of pdfTeX for LuaTeX (HO
)

(C:\Users\User\AppData\Local\Programs\MiKTeX\tex/generic/ltxcmds\ltxcmds.sty
Package: ltxcmds 2023-12-04 v1.26 LaTeX kernel commands for general use (HO)
)
Package pdftexcmds Info: \pdf@primitive is available.
Package pdftexcmds Info: \pdf@ifprimitive is available.
Package pdftexcmds Info: \pdfdraftmode found.
)
(C:\Users\User\AppData\Local\Programs\MiKTeX\tex/latex/kvoptions\kvoptions.sty
Package: kvoptions 2022-06-15 v3.15 Key value format for package options (HO)

(C:\Users\User\AppData\Local\Programs\MiKTeX\tex/latex/kvsetkeys\kvsetkeys.sty
Package: kvsetkeys 2022-10-05 v1.19 Key value parser (HO)
)) (C:\Users\User\AppData\Local\Programs\MiKTeX\tex/latex/logreq\logreq.sty
Package: logreq 2010/08/04 v1.0 xml request logger
\lrq@indent=\count334

(C:\Users\User\AppData\Local\Programs\MiKTeX\tex/latex/logreq\logreq.def
File: logreq.def 2010/08/04 v1.0 logreq spec v1.0
))
(C:\Users\User\AppData\Local\Programs\MiKTeX\tex/latex/url\url.sty
\Urlmuskip=\muskip18
Package: url 2013/09/16  ver 3.4  Verb mode for urls, etc.
)
\c@tabx@nest=\count335
\c@listtotal=\count336
\c@listcount=\count337
\c@liststart=\count338
\c@liststop=\count339
\c@citecount=\count340
\c@citetotal=\count341
\c@multicitecount=\count342
\c@multicitetotal=\count343
\c@instcount=\count344
\c@maxnames=\count345
\c@minnames=\count346
\c@maxitems=\count347
\c@minitems=\count348
\c@citecounter=\count349
\c@maxcitecounter=\count350
\c@savedcitecounter=\count351
\c@uniquelist=\count352
\c@uniquename=\count353
\c@refsection=\count354
\c@refsegment=\count355
\c@maxextratitle=\count356
\c@maxextratitleyear=\count357
\c@maxextraname=\count358
\c@maxextradate=\count359
\c@maxextraalpha=\count360
\c@abbrvpenalty=\count361
\c@highnamepenalty=\count362
\c@lownamepenalty=\count363
\c@maxparens=\count364
\c@parenlevel=\count365
\blx@tempcnta=\count366
\blx@tempcntb=\count367
\blx@tempcntc=\count368
\c@blx@maxsection=\count369
\blx@maxsegment@0=\count370
\blx@notetype=\count371
\blx@parenlevel@text=\count372
\blx@parenlevel@foot=\count373
\blx@sectionciteorder@0=\count374
\blx@sectionciteorderinternal@0=\count375
\blx@entrysetcounter=\count376
\blx@biblioinstance=\count377
\labelnumberwidth=\skip65
\labelalphawidth=\skip66
\biblabelsep=\skip67
\bibitemsep=\skip68
\bibnamesep=\skip69
\bibinitsep=\skip70
\bibparsep=\skip71
\bibhang=\skip72
\blx@bcfin=\read4
\blx@bcfout=\write3
\blx@langwohyphens=\language80
\c@mincomprange=\count378
\c@maxcomprange=\count379
\c@mincompwidth=\count380
Package biblatex Info: Trying to load biblatex default data model...
Package biblatex Info: ... file 'blx-dm.def' found.

(C:\Users\User\AppData\Local\Programs\MiKTeX\tex/latex/biblatex\blx-dm.def
File: blx-dm.def 2025/07/10 v3.21 biblatex datamodel (PK/MW)
)
Package biblatex Info: Trying to load biblatex style data model...
Package biblatex Info: ... file 'apa.dbx' found.

(C:\Users\User\AppData\Local\Programs\MiKTeX\tex/latex/biblatex-apa\apa.dbx
File: apa.dbx 2025/08/27 v9.20 APA biblatex style data model
)
Package biblatex Info: Trying to load biblatex custom data model...
Package biblatex Info: ... file 'biblatex-dm.cfg' not found.
\c@afterword=\count381
\c@savedafterword=\count382
\c@annotator=\count383
\c@savedannotator=\count384
\c@author=\count385
\c@savedauthor=\count386
\c@bookauthor=\count387
\c@savedbookauthor=\count388
\c@commentator=\count389
\c@savedcommentator=\count390
\c@editor=\count391
\c@savededitor=\count392
\c@editora=\count393
\c@savededitora=\count394
\c@editorb=\count395
\c@savededitorb=\count396
\c@editorc=\count397
\c@savededitorc=\count398
\c@foreword=\count399
\c@savedforeword=\count400
\c@holder=\count401
\c@savedholder=\count402
\c@introduction=\count403
\c@savedintroduction=\count404
\c@namea=\count405
\c@savednamea=\count406
\c@nameb=\count407
\c@savednameb=\count408
\c@namec=\count409
\c@savednamec=\count410
\c@translator=\count411
\c@savedtranslator=\count412
\c@shortauthor=\count413
\c@savedshortauthor=\count414
\c@shorteditor=\count415
\c@savedshorteditor=\count416
\c@narrator=\count417
\c@savednarrator=\count418
\c@execproducer=\count419
\c@savedexecproducer=\count420
\c@execdirector=\count421
\c@savedexecdirector=\count422
\c@with=\count423
\c@savedwith=\count424
\c@labelname=\count425
\c@savedlabelname=\count426
\c@institution=\count427
\c@savedinstitution=\count428
\c@lista=\count429
\c@savedlista=\count430
\c@listb=\count431
\c@savedlistb=\count432
\c@listc=\count433
\c@savedlistc=\count434
\c@listd=\count435
\c@savedlistd=\count436
\c@liste=\count437
\c@savedliste=\count438
\c@listf=\count439
\c@savedlistf=\count440
\c@location=\count441
\c@savedlocation=\count442
\c@organization=\count443
\c@savedorganization=\count444
\c@origlocation=\count445
\c@savedoriglocation=\count446
\c@origpublisher=\count447
\c@savedorigpublisher=\count448
\c@publisher=\count449
\c@savedpublisher=\count450
\c@language=\count451
\c@savedlanguage=\count452
\c@origlanguage=\count453
\c@savedoriglanguage=\count454
\c@citation=\count455
\c@savedcitation=\count456
\c@pageref=\count457
\c@savedpageref=\count458
\shorthandwidth=\skip73
\shortjournalwidth=\skip74
\shortserieswidth=\skip75
\shorttitlewidth=\skip76
\shortauthorwidth=\skip77
\shorteditorwidth=\skip78
\locallabelnumberwidth=\skip79
\locallabelalphawidth=\skip80
\localshorthandwidth=\skip81
\localshortjournalwidth=\skip82
\localshortserieswidth=\skip83
\localshorttitlewidth=\skip84
\localshortauthorwidth=\skip85
\localshorteditorwidth=\skip86
Package biblatex Info: Trying to load compatibility code...
Package biblatex Info: ... file 'blx-compat.def' found.

(C:\Users\User\AppData\Local\Programs\MiKTeX\tex/latex/biblatex\blx-compat.def
File: blx-compat.def 2025/07/10 v3.21 biblatex compatibility (PK/MW)
)
Package biblatex Info: Trying to load generic definitions...
Package biblatex Info: ... file 'biblatex.def' found.
(C:\Users\User\AppData\Local\Programs\MiKTeX\tex/latex/biblatex\biblatex.def
File: biblatex.def 2025/07/10 v3.21 biblatex compatibility (PK/MW)
\c@textcitecount=\count459
\c@textcitetotal=\count460
\c@textcitemaxnames=\count461
\c@biburlbigbreakpenalty=\count462
\c@biburlbreakpenalty=\count463
\c@biburlnumpenalty=\count464
\c@biburlucpenalty=\count465
\c@biburllcpenalty=\count466
\biburlbigskip=\muskip19
\biburlnumskip=\muskip20
\biburlucskip=\muskip21
\biburllcskip=\muskip22
\c@smartand=\count467
)
Package biblatex Info: Trying to load bibliography style 'apa'...
Package biblatex Info: ... file 'apa.bbx' found.

(C:\Users\User\AppData\Local\Programs\MiKTeX\tex/latex/biblatex-apa\apa.bbx
File: apa.bbx 2025/08/27 v9.20 APA biblatex references style
Package biblatex Info: Trying to load bibliography style 'standard'...
Package biblatex Info: ... file 'standard.bbx' found.

(C:\Users\User\AppData\Local\Programs\MiKTeX\tex/latex/biblatex/bbx\standard.bb
x
File: standard.bbx 2025/07/10 v3.21 biblatex bibliography style (PK/MW)
\c@bbx:relatedcount=\count468
\c@bbx:relatedtotal=\count469
)
Package biblatex Info: Delimiter 'nameyeardelim' in context 'bib' already defin
ed, overwriting.
Package biblatex Info: Delimiter 'nameyeardelim' in context 'biblist' already d
efined, overwriting.
Package biblatex Info: Delimiter 'nonameyeardelim' in context 'bib' already def
ined, overwriting.
Package biblatex Info: Delimiter 'nonameyeardelim' in context 'biblist' already
 defined, overwriting.
)
Package biblatex Info: Trying to load citation style 'apa'...
Package biblatex Info: ... file 'apa.cbx' found.
 (C:\Users\User\AppData\Local\Programs\MiKTeX\tex/latex/biblatex-apa\apa.cbx
File: apa.cbx 2025/08/27 v9.20 APA biblatex citation style
Package biblatex Info: Delimiter 'nameyeardelim' in context '' already defined,
 overwriting.
Package biblatex Info: Delimiter 'andothersdelim' in context '' already defined
, overwriting.
Package biblatex Info: Redefining '\fullcite'.
Package biblatex Info: Redefining '\citeauthor'.
Package biblatex Info: Redefining '\citeyear'.
Package biblatex Info: Redefining '\cite'.
Package biblatex Info: Redefining '\cites'.
Package biblatex Info: Redefining '\parencite'.
Package biblatex Info: Redefining '\parencites'.
Package biblatex Info: Redefining '\footcite'.
Package biblatex Info: Redefining '\footcites'.
Package biblatex Info: Redefining '\footcitetext'.
Package biblatex Info: Redefining '\footcitetexts'.
Package biblatex Info: Redefining '\smartcite'.
Package biblatex Info: Redefining '\smartcites'.
Package biblatex Info: Redefining '\textcite'.
Package biblatex Info: Redefining '\textcites'.
)
Package biblatex Info: Trying to load configuration file...
Package biblatex Info: ... file 'biblatex.cfg' found.
 (C:\Users\User\AppData\Local\Programs\MiKTeX\tex/latex/biblatex\biblatex.cfg
File: biblatex.cfg 
)
Package biblatex Info: Input encoding 'utf8' detected.
Package biblatex Info: Document encoding is UTF8 ....
Package biblatex Info: ... and expl3
(biblatex)             2025-11-06 L3 programming layer (loader) 
(biblatex)             is new enough (at least 2020/04/06),
(biblatex)             setting 'casechanger=expl3'.

(C:\Users\User\AppData\Local\Programs\MiKTeX\tex/latex/biblatex\blx-case-expl3.
sty
Package: blx-case-expl3 2025/07/10 v3.21 expl3 case changing code for biblatex
))
(C:\Users\User\AppData\Local\Programs\MiKTeX\tex/latex/hyperref\hyperref.sty
Package: hyperref 2025-07-12 v7.01o Hypertext links for LaTeX

(C:\Users\User\AppData\Local\Programs\MiKTeX\tex/generic/kvdefinekeys\kvdefinek
eys.sty
Package: kvdefinekeys 2019-12-19 v1.6 Define keys (HO)
)
(C:\Users\User\AppData\Local\Programs\MiKTeX\tex/generic/pdfescape\pdfescape.st
y
Package: pdfescape 2019/12/09 v1.15 Implements pdfTeX's escape features (HO)
) (C:\Users\User\AppData\Local\Programs\MiKTeX\tex/latex/hycolor\hycolor.sty
Package: hycolor 2020-01-27 v1.10 Color options for hyperref/bookmark (HO)
)
(C:\Users\User\AppData\Local\Programs\MiKTeX\tex/latex/hyperref\nameref.sty
Package: nameref 2025-06-21 v2.57 Cross-referencing by name of section

(C:\Users\User\AppData\Local\Programs\MiKTeX\tex/latex/refcount\refcount.sty
Package: refcount 2019/12/15 v3.6 Data extraction from label references (HO)
)
(C:\Users\User\AppData\Local\Programs\MiKTeX\tex/generic/gettitlestring\gettitl
estring.sty
Package: gettitlestring 2019/12/15 v1.6 Cleanup title references (HO)
)
\c@section@level=\count470
)
(C:\Users\User\AppData\Local\Programs\MiKTeX\tex/generic/stringenc\stringenc.st
y
Package: stringenc 2019/11/29 v1.12 Convert strings between diff. encodings (HO
)
)
\@linkdim=\dimen276
\Hy@linkcounter=\count471
\Hy@pagecounter=\count472
 (C:\Users\User\AppData\Local\Programs\MiKTeX\tex/latex/hyperref\pd1enc.def
File: pd1enc.def 2025-07-12 v7.01o Hyperref: PDFDocEncoding definition (HO)
Now handling font encoding PD1 ...
... no UTF-8 mapping file for font encoding PD1
)
(C:\Users\User\AppData\Local\Programs\MiKTeX\tex/generic/intcalc\intcalc.sty
Package: intcalc 2019/12/15 v1.3 Expandable calculations with integers (HO)
)
\Hy@SavedSpaceFactor=\count473

(C:\Users\User\AppData\Local\Programs\MiKTeX\tex/latex/hyperref\puenc.def
File: puenc.def 2025-07-12 v7.01o Hyperref: PDF Unicode definition (HO)
Now handling font encoding PU ...
... no UTF-8 mapping file for font encoding PU
)
Package hyperref Info: Hyper figures OFF on input line 4195.
Package hyperref Info: Link nesting OFF on input line 4200.
Package hyperref Info: Hyper index ON on input line 4203.
Package hyperref Info: Plain pages OFF on input line 4210.
Package hyperref Info: Backreferencing OFF on input line 4215.
Package hyperref Info: Implicit mode ON; LaTeX internals redefined.
Package hyperref Info: Bookmarks ON on input line 4462.
\c@Hy@tempcnt=\count474
LaTeX Info: Redefining \url on input line 4801.
\XeTeXLinkMargin=\dimen277

(C:\Users\User\AppData\Local\Programs\MiKTeX\tex/generic/bitset\bitset.sty
Package: bitset 2019/12/09 v1.3 Handle bit-vector datatype (HO)

(C:\Users\User\AppData\Local\Programs\MiKTeX\tex/generic/bigintcalc\bigintcalc.
sty
Package: bigintcalc 2019/12/15 v1.5 Expandable calculations on big integers (HO
)
))
\Fld@menulength=\count475
\Field@Width=\dimen278
\Fld@charsize=\dimen279
Package hyperref Info: Hyper figures OFF on input line 6078.
Package hyperref Info: Link nesting OFF on input line 6083.
Package hyperref Info: Hyper index ON on input line 6086.
Package hyperref Info: backreferencing OFF on input line 6093.
Package hyperref Info: Link coloring OFF on input line 6098.
Package hyperref Info: Link coloring with OCG OFF on input line 6103.
Package hyperref Info: PDF/A mode OFF on input line 6108.
\Hy@abspage=\count476
\c@Item=\count477
\c@Hfootnote=\count478
)
Package hyperref Info: Driver (autodetected): hpdftex.

(C:\Users\User\AppData\Local\Programs\MiKTeX\tex/latex/hyperref\hpdftex.def
File: hpdftex.def 2025-07-12 v7.01o Hyperref driver for pdfTeX
\Fld@listcount=\count479
\c@bookmark@seq@number=\count480

(C:\Users\User\AppData\Local\Programs\MiKTeX\tex/latex/rerunfilecheck\rerunfile
check.sty
Package: rerunfilecheck 2025-06-21 v1.11 Rerun checks for auxiliary files (HO)

(C:\Users\User\AppData\Local\Programs\MiKTeX\tex/generic/uniquecounter\uniqueco
unter.sty
Package: uniquecounter 2019/12/15 v1.4 Provide unlimited unique counter (HO)
)
Package uniquecounter Info: New unique counter `rerunfilecheck' on input line 2
84.
)
\Hy@SectionHShift=\skip87
)
Package hyperref Info: Option `colorlinks' set `true' on input line 45.
Package csquotes Info: Checking for multilingual support...
Package csquotes Info: ... found 'babel' package.
Package csquotes Info: Adjusting default style.
Package csquotes Info: Redefining alias 'default' -> 'spanish'.
LaTeX Font Info:    Trying to load font information for OT1+ntxtlf on input lin
e 47.

(C:\Users\User\AppData\Local\Programs\MiKTeX\tex/latex/newtx\ot1ntxtlf.fd
File: ot1ntxtlf.fd 2021/05/24 v1.0 font definition file for OT1/ntx/tlf
)
LaTeX Font Info:    Font shape `OT1/ntxtlf/m/n' will be
(Font)              scaled to size 10.0pt on input line 47.

(c:\Users\User\Desktop\ProyectoFinal-Grupo5-VariadorDeFrecuencia\Tesina\out\mai
n.aux
LaTeX Info: Redefining \. on input line 12.
LaTeX Info: Redefining \% on input line 12.
Package babel Info: 'spanish' activates 'spanish' shorthands.
(babel)             Reported on input line 12.


LaTeX Warning: Label `eq:mt_cnv_inductor_parcial' multiply defined.


LaTeX Warning: Label `eq:mt_cnv_permeancia_magnetica' multiply defined.

)
\openout1 = `main.aux'.

LaTeX Font Info:    Checking defaults for OML/ntxmi/m/it on input line 47.
LaTeX Font Info:    Trying to load font information for OML+ntxmi on input line
 47.
 (C:\Users\User\AppData\Local\Programs\MiKTeX\tex/latex/newtx\omlntxmi.fd
File: omlntxmi.fd 2015/08/25 Fontinst v1.933 font definitions for OML/ntxmi.
)
LaTeX Font Info:    ... okay on input line 47.
LaTeX Font Info:    Checking defaults for OMS/cmsy/m/n on input line 47.
LaTeX Font Info:    ... okay on input line 47.
LaTeX Font Info:    Checking defaults for OT1/cmr/m/n on input line 47.
LaTeX Font Info:    ... okay on input line 47.
LaTeX Font Info:    Checking defaults for T1/cmr/m/n on input line 47.
LaTeX Font Info:    ... okay on input line 47.
LaTeX Font Info:    Checking defaults for TS1/cmr/m/n on input line 47.
LaTeX Font Info:    ... okay on input line 47.
LaTeX Font Info:    Checking defaults for OMX/cmex/m/n on input line 47.
LaTeX Font Info:    ... okay on input line 47.
LaTeX Font Info:    Checking defaults for U/ntxexa/m/n on input line 47.
LaTeX Font Info:    Trying to load font information for U+ntxexa on input line 
47.

(C:\Users\User\AppData\Local\Programs\MiKTeX\tex/latex/newtx\untxexa.fd
File: untxexa.fd 2012/04/16 Fontinst v1.933 font definitions for U/ntxexa.
)
LaTeX Font Info:    ... okay on input line 47.
LaTeX Font Info:    Checking defaults for LMS/ntxsy/m/n on input line 47.
LaTeX Font Info:    Trying to load font information for LMS+ntxsy on input line
 47.

(C:\Users\User\AppData\Local\Programs\MiKTeX\tex/latex/newtx\lmsntxsy.fd
File: lmsntxsy.fd 2016/07/02 Fontinst v1.933 font definitions for LMS/ntxsy.
)
LaTeX Font Info:    ... okay on input line 47.
LaTeX Font Info:    Checking defaults for LMX/ntxexx/m/n on input line 47.
LaTeX Font Info:    Trying to load font information for LMX+ntxexx on input lin
e 47.

(C:\Users\User\AppData\Local\Programs\MiKTeX\tex/latex/newtx\lmxntxexx.fd
File: lmxntxexx.fd 2016/07/03 Fontinst v1.933 font definitions for LMX/ntxexx.
)
LaTeX Font Info:    ... okay on input line 47.
LaTeX Font Info:    Checking defaults for PD1/pdf/m/n on input line 47.
LaTeX Font Info:    ... okay on input line 47.
LaTeX Font Info:    Checking defaults for PU/pdf/m/n on input line 47.
LaTeX Font Info:    ... okay on input line 47.

(C:\Users\User\AppData\Local\Programs\MiKTeX\tex/context/base/mkii\supp-pdf.mki
i
[Loading MPS to PDF converter (version 2006.09.02).]
\scratchcounter=\count481
\scratchdimen=\dimen280
\scratchbox=\box60
\nofMPsegments=\count482
\nofMParguments=\count483
\everyMPshowfont=\toks44
\MPscratchCnt=\count484
\MPscratchDim=\dimen281
\MPnumerator=\count485
\makeMPintoPDFobject=\count486
\everyMPtoPDFconversion=\toks45
)
(C:\Users\User\AppData\Local\Programs\MiKTeX\tex/latex/epstopdf-pkg\epstopdf-ba
se.sty
Package: epstopdf-base 2020-01-24 v2.11 Base part for package epstopdf
Package epstopdf-base Info: Redefining graphics rule for `.eps' on input line 4
85.

(C:\Users\User\AppData\Local\Programs\MiKTeX\tex/latex/00miktex\epstopdf-sys.cf
g
File: epstopdf-sys.cfg 2021/03/18 v2.0 Configuration of epstopdf for MiKTeX
))
Package caption Info: Begin \AtBeginDocument code.
Package caption Info: float package is loaded.
Package caption Info: hyperref package is loaded.
Package caption Info: End \AtBeginDocument code.
LaTeX Info: Command `\dddot' is already robust on input line 47.
LaTeX Info: Command `\ddddot' is already robust on input line 47.
\c@mv@tabular=\count487
\c@mv@boldtabular=\count488
LaTeX Info: Redefining \. on input line 47.
LaTeX Info: Redefining \% on input line 47.
Package biblatex Info: Trying to load language 'spanish' -> 'spanish-apa'...
Package biblatex Info: ... file 'spanish-apa.lbx' found.

(C:\Users\User\AppData\Local\Programs\MiKTeX\tex/latex/biblatex-apa\spanish-apa
.lbx
File: spanish-apa.lbx 2025/08/27 v9.20 APA biblatex localisation
Package biblatex Info: Trying to load language 'spanish'...
Package biblatex Info: ... file 'spanish.lbx' found.

(C:\Users\User\AppData\Local\Programs\MiKTeX\tex/latex/biblatex/lbx\spanish.lbx
File: spanish.lbx 2025/07/10 v3.21 biblatex localization (PK/MW)
)
Package biblatex Info: Trying to load language 'spanish'...
Package biblatex Info: ... file 'spanish.lbx' found.

(C:\Users\User\AppData\Local\Programs\MiKTeX\tex/latex/biblatex/lbx\spanish.lbx
File: spanish.lbx 2025/07/10 v3.21 biblatex localization (PK/MW)
))
Package biblatex Info: Input encoding 'utf8' detected.
Package biblatex Info: Automatic encoding selection.
(biblatex)             Assuming data encoding 'utf8'.
\openout3 = `main.bcf'.

Package biblatex Info: Trying to load bibliographic data...
Package biblatex Info: ... file 'main.bbl' found.

(c:\Users\User\Desktop\ProyectoFinal-Grupo5-VariadorDeFrecuencia\Tesina\out\mai
n.bbl)
Package biblatex Info: Reference section=0 on input line 47.
Package biblatex Info: Reference segment=0 on input line 47.
Package hyperref Info: Link coloring ON on input line 47.

(c:\Users\User\Desktop\ProyectoFinal-Grupo5-VariadorDeFrecuencia\Tesina\out\mai
n.out)
(c:\Users\User\Desktop\ProyectoFinal-Grupo5-VariadorDeFrecuencia\Tesina\out\mai
n.out)
\@outlinefile=\write4
\openout4 = `main.out'.

<utn.jpg, id=235, 2001.4775pt x 627.34375pt>
File: utn.jpg Graphic file (type jpg)
<use utn.jpg>
Package pdftex.def Info: utn.jpg  used on input line 52.
(pdftex.def)             Requested size: 300.20868pt x 94.09749pt.
LaTeX Font Info:    Font shape `OT1/ntxtlf/m/n' will be
(Font)              scaled to size 17.28pt on input line 55.
LaTeX Font Info:    Font shape `OT1/ntxtlf/m/n' will be
(Font)              scaled to size 20.74pt on input line 58.
LaTeX Font Info:    Font shape `OT1/ntxtlf/b/n' will be
(Font)              scaled to size 20.74pt on input line 58.
LaTeX Font Info:    Font shape `OT1/ntxtlf/m/n' will be
(Font)              scaled to size 14.4pt on input line 62.
LaTeX Font Info:    Font shape `OT1/ntxtlf/m/it' will be
(Font)              scaled to size 14.4pt on input line 62.
 [1

{C:/Users/User/AppData/Local/MiKTeX/fonts/map/pdftex/pdftex.map}{C:/Users/User/
AppData/Local/Programs/MiKTeX/fonts/enc/dvips/newtx/ntx-ot1-tlf.enc} <./utn.jpg
>]
LaTeX Font Info:    Font shape `OT1/ntxtlf/b/n' will be
(Font)              scaled to size 14.4pt on input line 66.

(c:\Users\User\Desktop\ProyectoFinal-Grupo5-VariadorDeFrecuencia\Tesina\out\mai
n.toc
LaTeX Info: Redefining \sptext on input line 1.
LaTeX Info: Redefining \. on input line 1.
LaTeX Info: Redefining \% on input line 1.
LaTeX Font Info:    Font shape `OT1/ntxtlf/b/n' will be
(Font)              scaled to size 10.0pt on input line 2.
LaTeX Font Info:    Trying to load font information for OT1+minntx on input lin
e 4.
 (C:\Users\User\AppData\Local\Programs\MiKTeX\tex/latex/newtx\ot1minntx.fd
File: ot1minntx.fd 2023/09/09 v1.1 font definition file for OT1/minntx
)
LaTeX Font Info:    Font shape `OT1/minntx/m/n' will be
(Font)              scaled to size 10.0pt on input line 4.
LaTeX Font Info:    Font shape `OT1/minntx/m/n' will be
(Font)              scaled to size 7.3pt on input line 4.
LaTeX Font Info:    Font shape `OT1/minntx/m/n' will be
(Font)              scaled to size 5.5pt on input line 4.
LaTeX Font Info:    Font shape `OML/ntxmi/m/it' will be
(Font)              scaled to size 10.0pt on input line 4.
LaTeX Font Info:    Font shape `OML/ntxmi/m/it' will be
(Font)              scaled to size 7.3pt on input line 4.
LaTeX Font Info:    Font shape `OML/ntxmi/m/it' will be
(Font)              scaled to size 5.5pt on input line 4.
LaTeX Font Info:    Font shape `LMS/ntxsy/m/n' will be
(Font)              scaled to size 10.0pt on input line 4.
LaTeX Font Info:    Font shape `LMS/ntxsy/m/n' will be
(Font)              scaled to size 7.3pt on input line 4.
LaTeX Font Info:    Font shape `LMS/ntxsy/m/n' will be
(Font)              scaled to size 5.5pt on input line 4.
LaTeX Font Info:    Font shape `LMX/ntxexx/m/n' will be
(Font)              scaled to size 10.0pt on input line 4.
LaTeX Font Info:    Font shape `LMX/ntxexx/m/n' will be
(Font)              scaled to size 7.3pt on input line 4.
LaTeX Font Info:    Font shape `LMX/ntxexx/m/n' will be
(Font)              scaled to size 5.5pt on input line 4.
LaTeX Font Info:    Trying to load font information for U+ntxmia on input line 
4.
 (C:\Users\User\AppData\Local\Programs\MiKTeX\tex/latex/newtx\untxmia.fd
File: untxmia.fd 2024/04/09 Fontinst v1.933 font definitions for U/ntxmia.
)
LaTeX Font Info:    Font shape `U/ntxmia/m/it' will be
(Font)              scaled to size 10.0pt on input line 4.
LaTeX Font Info:    Font shape `U/ntxmia/m/it' will be
(Font)              scaled to size 7.3pt on input line 4.
LaTeX Font Info:    Font shape `U/ntxmia/m/it' will be
(Font)              scaled to size 5.5pt on input line 4.
LaTeX Font Info:    Trying to load font information for U+ntxsym on input line 
4.

(C:\Users\User\AppData\Local\Programs\MiKTeX\tex/latex/newtx\untxsym.fd
File: untxsym.fd 2023/08/16 Fontinst v1.933 font definitions for U/ntxsym.
)
LaTeX Font Info:    Font shape `U/ntxsym/m/n' will be
(Font)              scaled to size 10.0pt on input line 4.
LaTeX Font Info:    Font shape `U/ntxsym/m/n' will be
(Font)              scaled to size 7.3pt on input line 4.
LaTeX Font Info:    Font shape `U/ntxsym/m/n' will be
(Font)              scaled to size 5.5pt on input line 4.
LaTeX Font Info:    Trying to load font information for U+ntxsyc on input line 
4.

(C:\Users\User\AppData\Local\Programs\MiKTeX\tex/latex/newtx\untxsyc.fd
File: untxsyc.fd 2012/04/12 Fontinst v1.933 font definitions for U/ntxsyc.
)
LaTeX Font Info:    Font shape `U/ntxsyc/m/n' will be
(Font)              scaled to size 10.0pt on input line 4.
LaTeX Font Info:    Font shape `U/ntxsyc/m/n' will be
(Font)              scaled to size 7.3pt on input line 4.
LaTeX Font Info:    Font shape `U/ntxsyc/m/n' will be
(Font)              scaled to size 5.5pt on input line 4.
LaTeX Font Info:    Font shape `U/ntxexa/m/n' will be
(Font)              scaled to size 10.0pt on input line 4.
LaTeX Font Info:    Font shape `U/ntxexa/m/n' will be
(Font)              scaled to size 7.3pt on input line 4.
LaTeX Font Info:    Font shape `U/ntxexa/m/n' will be
(Font)              scaled to size 5.5pt on input line 4.

pdfTeX warning (ext4): destination with the same identifier (name{page.1}) has 
been already used, duplicate ignored
<to be read again> 
                   \relax 
l.73 ...{4.2}Ensayo funcional}{67}{subsection.4.2}
                                                  % [1])
\tf@toc=\write5
\openout5 = `main.toc'.

 [2] (abstract.tex)
[3] (mt/cnv/cnv.tex
LaTeX Font Info:    Font shape `OT1/ntxtlf/m/n' will be
(Font)              scaled to size 12.0pt on input line 3.
LaTeX Font Info:    Font shape `OT1/ntxtlf/b/n' will be
(Font)              scaled to size 12.0pt on input line 3.
 [4]
LaTeX Font Info:    Font shape `OT1/ntxtlf/m/n' will be
(Font)              scaled to size 7.3pt on input line 38.
LaTeX Font Info:    Font shape `OT1/ntxtlf/m/n' will be
(Font)              scaled to size 8.0pt on input line 38.
LaTeX Font Info:    Font shape `OT1/minntx/m/n' will be
(Font)              scaled to size 8.0pt on input line 38.
LaTeX Font Info:    Font shape `OT1/minntx/m/n' will be
(Font)              scaled to size 6.0pt on input line 38.
LaTeX Font Info:    Font shape `OML/ntxmi/m/it' will be
(Font)              scaled to size 8.0pt on input line 38.
LaTeX Font Info:    Font shape `OML/ntxmi/m/it' will be
(Font)              scaled to size 6.0pt on input line 38.
LaTeX Font Info:    Font shape `LMS/ntxsy/m/n' will be
(Font)              scaled to size 8.0pt on input line 38.
LaTeX Font Info:    Font shape `LMS/ntxsy/m/n' will be
(Font)              scaled to size 6.0pt on input line 38.
LaTeX Font Info:    Font shape `LMX/ntxexx/m/n' will be
(Font)              scaled to size 8.0pt on input line 38.
LaTeX Font Info:    Font shape `LMX/ntxexx/m/n' will be
(Font)              scaled to size 6.0pt on input line 38.
LaTeX Font Info:    Font shape `U/ntxmia/m/it' will be
(Font)              scaled to size 8.0pt on input line 38.
LaTeX Font Info:    Font shape `U/ntxmia/m/it' will be
(Font)              scaled to size 6.0pt on input line 38.
LaTeX Font Info:    Font shape `U/ntxsym/m/n' will be
(Font)              scaled to size 8.0pt on input line 38.
LaTeX Font Info:    Font shape `U/ntxsym/m/n' will be
(Font)              scaled to size 6.0pt on input line 38.
LaTeX Font Info:    Font shape `U/ntxsyc/m/n' will be
(Font)              scaled to size 8.0pt on input line 38.
LaTeX Font Info:    Font shape `U/ntxsyc/m/n' will be
(Font)              scaled to size 6.0pt on input line 38.
LaTeX Font Info:    Font shape `U/ntxexa/m/n' will be
(Font)              scaled to size 8.0pt on input line 38.
LaTeX Font Info:    Font shape `U/ntxexa/m/n' will be
(Font)              scaled to size 6.0pt on input line 38.
LaTeX Font Info:    Font shape `OT1/ntxtlf/m/n' will be
(Font)              scaled to size 6.0pt on input line 38.
<mt/cnv/img/EsqConvPuente.png, id=321, 984.67876pt x 443.40656pt>
File: mt/cnv/img/EsqConvPuente.png Graphic file (type png)
<use mt/cnv/img/EsqConvPuente.png>
Package pdftex.def Info: mt/cnv/img/EsqConvPuente.png  used on input line 50.
(pdftex.def)             Requested size: 310.4979pt x 139.81589pt.


LaTeX Warning: `h' float specifier changed to `ht'.

<mt/cnv/img/EsqConvPushPull.png, id=322, 949.74825pt x 424.58624pt>
File: mt/cnv/img/EsqConvPushPull.png Graphic file (type png)
<use mt/cnv/img/EsqConvPushPull.png>
Package pdftex.def Info: mt/cnv/img/EsqConvPushPull.png  used on input line 57.

(pdftex.def)             Requested size: 310.4979pt x 138.81168pt.

LaTeX Warning: `h' float specifier changed to `ht'.

[5] [6 <./mt/cnv/img/EsqConvPuente.png> <./mt/cnv/img/EsqConvPushPull.png>]
[7] [8] [9]
<mt/cnv/img/EsqMedioFerrite-Areas.png, id=360, 564.60938pt x 588.69937pt>
File: mt/cnv/img/EsqMedioFerrite-Areas.png Graphic file (type png)
<use mt/cnv/img/EsqMedioFerrite-Areas.png>
Package pdftex.def Info: mt/cnv/img/EsqMedioFerrite-Areas.png  used on input li
ne 136.
(pdftex.def)             Requested size: 310.4979pt x 323.74971pt.
 [10 <./mt/cnv/img/EsqMedioFerrite-Areas.png>]
LaTeX Font Info:    Trying to load font information for TS1+ntxtlf on input lin
e 149.

(C:\Users\User\AppData\Local\Programs\MiKTeX\tex/latex/newtx\ts1ntxtlf.fd
File: ts1ntxtlf.fd 2015/01/18 v1.0 fd file for TS1/ntxtlf
)
LaTeX Font Info:    Font shape `TS1/ntxtlf/m/n' will be
(Font)              scaled to size 10.0pt on input line 149.

Overfull \hbox (1.19705pt too wide) in paragraph at lines 154--165
[]$[]$ $[]$ 
 []

LaTeX Font Info:    Font shape `OT1/ntxtlf/m/n' will be
(Font)              scaled to size 5.5pt on input line 189.
[11{C:/Users/User/AppData/Local/Programs/MiKTeX/fonts/enc/dvips/tex-gyre/q-ts1.
enc}] [12] [13] [14]) (mt/mod/mod.tex [15]
<mt/mod/img/modHexagonVectors.jpg, id=442, 1313.90875pt x 1177.39874pt>
File: mt/mod/img/modHexagonVectors.jpg Graphic file (type jpg)
<use mt/mod/img/modHexagonVectors.jpg>
Package pdftex.def Info: mt/mod/img/modHexagonVectors.jpg  used on input line 2
1.
(pdftex.def)             Requested size: 241.49895pt x 216.39607pt.
 [16]
<mt/mod/img/modVectors.png, id=451, 2386.41562pt x 2571.6075pt>
File: mt/mod/img/modVectors.png Graphic file (type png)
<use mt/mod/img/modVectors.png>
Package pdftex.def Info: mt/mod/img/modVectors.png  used on input line 30.
(pdftex.def)             Requested size: 241.49895pt x 260.2365pt.
 [17 <./mt/mod/img/modHexagonVectors.jpg>] [18 <./mt/mod/img/modVectors.png>]
<mt/mod/img/SwitchingPattern.png, id=469, 622.325pt x 513.92pt>
File: mt/mod/img/SwitchingPattern.png Graphic file (type png)
<use mt/mod/img/SwitchingPattern.png>
Package pdftex.def Info: mt/mod/img/SwitchingPattern.png  used on input line 72
.
(pdftex.def)             Requested size: 241.49895pt x 199.43208pt.
) (mt/motor/motor.tex [19 <./mt/mod/img/SwitchingPattern.png>]) (mt/inv/inv.tex
 [20]) (mt/hmi/hmi.tex
<mt/hmi/img/bit_transfer.png, id=488, 208.98074pt x 90.93974pt>
File: mt/hmi/img/bit_transfer.png Graphic file (type png)
<use mt/hmi/img/bit_transfer.png>
Package pdftex.def Info: mt/hmi/img/bit_transfer.png  used on input line 27.
(pdftex.def)             Requested size: 310.4979pt x 135.12291pt.
 [21]
LaTeX Font Info:    Font shape `OT1/ntxtlf/m/it' will be
(Font)              scaled to size 10.0pt on input line 33.
LaTeX Font Info:    Font shape `OT1/ntxtlf/b/it' will be
(Font)              scaled to size 10.0pt on input line 33.
<mt/hmi/img/start_stop_condition.png, id=494, 272.81924pt x 96.36pt>
File: mt/hmi/img/start_stop_condition.png Graphic file (type png)
<use mt/hmi/img/start_stop_condition.png>
Package pdftex.def Info: mt/hmi/img/start_stop_condition.png  used on input lin
e 37.
(pdftex.def)             Requested size: 310.4979pt x 109.66919pt.
<mt/hmi/img/acknowledge.png, id=496, 384.2355pt x 134.904pt>
File: mt/hmi/img/acknowledge.png Graphic file (type png)
<use mt/hmi/img/acknowledge.png>
Package pdftex.def Info: mt/hmi/img/acknowledge.png  used on input line 50.
(pdftex.def)             Requested size: 310.4979pt x 109.01845pt.
<mt/hmi/img/I2C_Interface.png, id=498, 257.16075pt x 389.65575pt>
File: mt/hmi/img/I2C_Interface.png Graphic file (type png)
<use mt/hmi/img/I2C_Interface.png>
Package pdftex.def Info: mt/hmi/img/I2C_Interface.png  used on input line 59.
(pdftex.def)             Requested size: 310.4979pt x 470.48009pt.

[22 <./mt/hmi/img/bit_transfer.png> <./mt/hmi/img/start_stop_condition.png>]
Overfull \vbox (41.65605pt too high) has occurred while \output is active []


[23 <./mt/hmi/img/acknowledge.png> <./mt/hmi/img/I2C_Interface.png>]) [24]
[25] (dev/cnv/cnv.tex [26] [27]
<mt/cnv/img/EsqDimEDT42.png, id=540, 501.072pt x 153.57375pt>
File: mt/cnv/img/EsqDimEDT42.png Graphic file (type png)
<use mt/cnv/img/EsqDimEDT42.png>
Package pdftex.def Info: mt/cnv/img/EsqDimEDT42.png  used on input line 123.
(pdftex.def)             Requested size: 310.4979pt x 95.16551pt.
<dev/cnv/img/Trafo.jpg, id=541, 1204.5pt x 1606.0pt>
File: dev/cnv/img/Trafo.jpg Graphic file (type jpg)
<use dev/cnv/img/Trafo.jpg>
Package pdftex.def Info: dev/cnv/img/Trafo.jpg  used on input line 143.
(pdftex.def)             Requested size: 137.9979pt x 183.9877pt.
 [28 <./mt/cnv/img/EsqDimEDT42.png>]
<mt/cnv/img/EsqCircConv.jpg, id=551, 858.8085pt x 467.346pt>
File: mt/cnv/img/EsqCircConv.jpg Graphic file (type jpg)
<use mt/cnv/img/EsqCircConv.jpg>
Package pdftex.def Info: mt/cnv/img/EsqCircConv.jpg  used on input line 153.
(pdftex.def)             Requested size: 310.4979pt x 168.96466pt.
 [29 <./dev/cnv/img/Trafo.jpg> <./mt/cnv/img/EsqCircConv.jpg>]
<dev/cnv/img/SOA-IRFB4110.png, id=558, 459.51675pt x 434.8245pt>
File: dev/cnv/img/SOA-IRFB4110.png Graphic file (type png)
<use dev/cnv/img/SOA-IRFB4110.png>
Package pdftex.def Info: dev/cnv/img/SOA-IRFB4110.png  used on input line 196.
(pdftex.def)             Requested size: 310.4979pt x 293.81895pt.
 [30]
<dev/cnv/img/EsqSimpleSim.jpg, id=566, 947.03813pt x 386.94562pt>
File: dev/cnv/img/EsqSimpleSim.jpg Graphic file (type jpg)
<use dev/cnv/img/EsqSimpleSim.jpg>
Package pdftex.def Info: dev/cnv/img/EsqSimpleSim.jpg  used on input line 209.
(pdftex.def)             Requested size: 310.4979pt x 126.85994pt.
 [31 <./dev/cnv/img/SOA-IRFB4110.png>]
<dev/cnv/img/SimVgs.png, id=574, 712.16063pt x 384.6872pt>
File: dev/cnv/img/SimVgs.png Graphic file (type png)
<use dev/cnv/img/SimVgs.png>
Package pdftex.def Info: dev/cnv/img/SimVgs.png  used on input line 218.
(pdftex.def)             Requested size: 310.4979pt x 167.71912pt.
<dev/cnv/img/SimVds.png, id=575, 712.16063pt x 384.6872pt>
File: dev/cnv/img/SimVds.png Graphic file (type png)
<use dev/cnv/img/SimVds.png>
Package pdftex.def Info: dev/cnv/img/SimVds.png  used on input line 227.
(pdftex.def)             Requested size: 310.4979pt x 167.71912pt.
 [32 <./dev/cnv/img/EsqSimpleSim.jpg> <./dev/cnv/img/SimVgs.png>]
<dev/cnv/img/SimVds-Id.png, id=582, 712.16063pt x 384.6872pt>
File: dev/cnv/img/SimVds-Id.png Graphic file (type png)
<use dev/cnv/img/SimVds-Id.png>
Package pdftex.def Info: dev/cnv/img/SimVds-Id.png  used on input line 236.
(pdftex.def)             Requested size: 310.4979pt x 167.71912pt.
<dev/cnv/img/SimId.png, id=583, 712.16063pt x 384.6872pt>
File: dev/cnv/img/SimId.png Graphic file (type png)
<use dev/cnv/img/SimId.png>
Package pdftex.def Info: dev/cnv/img/SimId.png  used on input line 245.
(pdftex.def)             Requested size: 310.4979pt x 167.71912pt.
[33 <./dev/cnv/img/SimVds.png> <./dev/cnv/img/SimVds-Id.png>]
<dev/cnv/img/SimVout-Iout.png, id=590, 712.16063pt x 384.6872pt>
File: dev/cnv/img/SimVout-Iout.png Graphic file (type png)
<use dev/cnv/img/SimVout-Iout.png>
Package pdftex.def Info: dev/cnv/img/SimVout-Iout.png  used on input line 254.
(pdftex.def)             Requested size: 310.4979pt x 167.71912pt.
<dev/cnv/img/SimVout.png, id=591, 712.16063pt x 384.6872pt>
File: dev/cnv/img/SimVout.png Graphic file (type png)
<use dev/cnv/img/SimVout.png>
Package pdftex.def Info: dev/cnv/img/SimVout.png  used on input line 263.
(pdftex.def)             Requested size: 310.4979pt x 167.71912pt.
 [34 <./dev/cnv/img/SimId.png> <./dev/cnv/img/SimVout-Iout.png>]
<dev/cnv/img/EsqMosfetDriver-TotemPole.png, id=598, 675.12225pt x 464.33475pt>
File: dev/cnv/img/EsqMosfetDriver-TotemPole.png Graphic file (type png)
<use dev/cnv/img/EsqMosfetDriver-TotemPole.png>
Package pdftex.def Info: dev/cnv/img/EsqMosfetDriver-TotemPole.png  used on inp
ut line 282.
(pdftex.def)             Requested size: 310.4979pt x 213.56114pt.
 [35 <./dev/cnv/img/SimVout.png> <./dev/cnv/img/EsqMosfetDriver-TotemPole.png>]
<dev/cnv/img/EsqTL494.png, id=608, 406.51875pt x 248.72925pt>
File: dev/cnv/img/EsqTL494.png Graphic file (type png)
<use dev/cnv/img/EsqTL494.png>
Package pdftex.def Info: dev/cnv/img/EsqTL494.png  used on input line 297.
(pdftex.def)             Requested size: 310.4979pt x 189.98502pt.
<dev/cnv/img/EsqTL494Comp.png, id=609, 356.532pt x 218.0145pt>
File: dev/cnv/img/EsqTL494Comp.png Graphic file (type png)
<use dev/cnv/img/EsqTL494Comp.png>
Package pdftex.def Info: dev/cnv/img/EsqTL494Comp.png  used on input line 306.
(pdftex.def)             Requested size: 310.4979pt x 189.88065pt.
 [36 <./dev/cnv/img/EsqTL494.png>]
<dev/cnv/img/EsqTL431-PC817.png, id=617, 408.3255pt x 289.68225pt>
File: dev/cnv/img/EsqTL431-PC817.png Graphic file (type png)
<use dev/cnv/img/EsqTL431-PC817.png>
Package pdftex.def Info: dev/cnv/img/EsqTL431-PC817.png  used on input line 317
.
(pdftex.def)             Requested size: 310.4979pt x 220.28455pt.
 [37 <./dev/cnv/img/EsqTL494Comp.png> <./dev/cnv/img/EsqTL431-PC817.png>]
<dev/cnv/img/Dif_Trafo1.jpg, id=628, 722.7pt x 963.6pt>
File: dev/cnv/img/Dif_Trafo1.jpg Graphic file (type jpg)
<use dev/cnv/img/Dif_Trafo1.jpg>
Package pdftex.def Info: dev/cnv/img/Dif_Trafo1.jpg  used on input line 338.
(pdftex.def)             Requested size: 310.4979pt x 414.00175pt.

[38]
<dev/cnv/img/Dif_PuenteHTrafo1.jpg, id=633, 584.1825pt x 306.39468pt>
File: dev/cnv/img/Dif_PuenteHTrafo1.jpg Graphic file (type jpg)
<use dev/cnv/img/Dif_PuenteHTrafo1.jpg>
Package pdftex.def Info: dev/cnv/img/Dif_PuenteHTrafo1.jpg  used on input line 
347.
(pdftex.def)             Requested size: 310.4979pt x 162.85593pt.
 [39 <./dev/cnv/img/Dif_Trafo1.jpg>]
<dev/cnv/img/Dif_PuenteHTrafo2.jpg, id=639, 859.71187pt x 788.9475pt>
File: dev/cnv/img/Dif_PuenteHTrafo2.jpg Graphic file (type jpg)
<use dev/cnv/img/Dif_PuenteHTrafo2.jpg>
Package pdftex.def Info: dev/cnv/img/Dif_PuenteHTrafo2.jpg  used on input line 
357.
(pdftex.def)             Requested size: 310.4979pt x 284.93579pt.
 [40 <./dev/cnv/img/Dif_PuenteHTrafo1.jpg> <./dev/cnv/img/Dif_PuenteHTrafo2.jpg
>]
<dev/cnv/img/Dif_PuenteHTrafo3.jpg, id=646, 639.89063pt x 903.375pt>
File: dev/cnv/img/Dif_PuenteHTrafo3.jpg Graphic file (type jpg)
<use dev/cnv/img/Dif_PuenteHTrafo3.jpg>
Package pdftex.def Info: dev/cnv/img/Dif_PuenteHTrafo3.jpg  used on input line 
366.
(pdftex.def)             Requested size: 310.4979pt x 438.3569pt.
 [41 <./dev/cnv/img/Dif_PuenteHTrafo3.jpg>]
<dev/cnv/img/Dif_PushPull.jpg, id=652, 1164.60094pt x 664.73344pt>
File: dev/cnv/img/Dif_PushPull.jpg Graphic file (type jpg)
<use dev/cnv/img/Dif_PushPull.jpg>
Package pdftex.def Info: dev/cnv/img/Dif_PushPull.jpg  used on input line 379.
(pdftex.def)             Requested size: 310.4979pt x 177.21854pt.
<dev/cnv/img/Dif_PushpullEtapa2.jpg, id=653, 1204.5pt x 1606.0pt>
File: dev/cnv/img/Dif_PushpullEtapa2.jpg Graphic file (type jpg)
<use dev/cnv/img/Dif_PushpullEtapa2.jpg>
Package pdftex.def Info: dev/cnv/img/Dif_PushpullEtapa2.jpg  used on input line
 390.
(pdftex.def)             Requested size: 310.4979pt x 413.99686pt.
 [42 <./dev/cnv/img/Dif_PushPull.jpg>]
<dev/cnv/img/Dif_PushPullEtapa3.jpg, id=660, 1606.0pt x 1204.5pt>
File: dev/cnv/img/Dif_PushPullEtapa3.jpg Graphic file (type jpg)
<use dev/cnv/img/Dif_PushPullEtapa3.jpg>
Package pdftex.def Info: dev/cnv/img/Dif_PushPullEtapa3.jpg  used on input line
 399.
(pdftex.def)             Requested size: 310.4979pt x 232.86403pt.
 [43 <./dev/cnv/img/Dif_PushpullEtapa2.jpg>]) (dev/inv/inv.tex) (dev/hmi/hmi.te
x
<dev/hmi/img/DC-DC_PS.png, id=667, 709.4505pt x 235.47975pt>
File: dev/hmi/img/DC-DC_PS.png Graphic file (type png)
<use dev/hmi/img/DC-DC_PS.png>
Package pdftex.def Info: dev/hmi/img/DC-DC_PS.png  used on input line 12.
(pdftex.def)             Requested size: 310.4979pt x 103.05806pt.

Overfull \hbox (82.20654pt too wide) in paragraph at lines 23--34
 [][] 
 []

[44 <./dev/cnv/img/Dif_PushPullEtapa3.jpg>]
Overfull \hbox (82.20654pt too wide) in paragraph at lines 43--50
 [][] 
 []


Overfull \hbox (82.20654pt too wide) in paragraph at lines 57--67
 [][] 
 []

[45 <./dev/hmi/img/DC-DC_PS.png>]
<dev/hmi/img/DC-DC_PS_PCB.png, id=682, 443.85825pt x 241.50224pt>
File: dev/hmi/img/DC-DC_PS_PCB.png Graphic file (type png)
<use dev/hmi/img/DC-DC_PS_PCB.png>
Package pdftex.def Info: dev/hmi/img/DC-DC_PS_PCB.png  used on input line 74.
(pdftex.def)             Requested size: 310.4979pt x 168.94353pt.
<dev/hmi/img/DC-DC_PS_PCB_3D.png, id=683, 711.25725pt x 318.59026pt>
File: dev/hmi/img/DC-DC_PS_PCB_3D.png Graphic file (type png)
<use dev/hmi/img/DC-DC_PS_PCB_3D.png>
Package pdftex.def Info: dev/hmi/img/DC-DC_PS_PCB_3D.png  used on input line 81
.
(pdftex.def)             Requested size: 310.4979pt x 139.07663pt.
 [46 <./dev/hmi/img/DC-DC_PS_PCB.png> <./dev/hmi/img/DC-DC_PS_PCB_3D.png>]
<dev/hmi/img/pantallasVFLVdc-Estructura-de-codigo.png, id=694, 442.65375pt x 77
3.89125pt>
File: dev/hmi/img/pantallasVFLVdc-Estructura-de-codigo.png Graphic file (type p
ng)
<use dev/hmi/img/pantallasVFLVdc-Estructura-de-codigo.png>
Package pdftex.def Info: dev/hmi/img/pantallasVFLVdc-Estructura-de-codigo.png  
used on input line 92.
(pdftex.def)             Requested size: 310.4979pt x 542.86562pt.
 [47] [48 <./dev/hmi/img/pantallasVFLVdc-Estructura-de-codigo.png>]
<dev/hmi/img/I2C_Interface_KCD.png, id=708, 551.05875pt x 281.853pt>
File: dev/hmi/img/I2C_Interface_KCD.png Graphic file (type png)
<use dev/hmi/img/I2C_Interface_KCD.png>
Package pdftex.def Info: dev/hmi/img/I2C_Interface_KCD.png  used on input line 
103.
(pdftex.def)             Requested size: 310.4979pt x 158.81717pt.
<dev/hmi/img/OLED_PCB.png, id=709, 342.078pt x 327.02174pt>
File: dev/hmi/img/OLED_PCB.png Graphic file (type png)
<use dev/hmi/img/OLED_PCB.png>
Package pdftex.def Info: dev/hmi/img/OLED_PCB.png  used on input line 110.
(pdftex.def)             Requested size: 310.4979pt x 296.84175pt.
 [49 <./dev/hmi/img/I2C_Interface_KCD.png> <./dev/hmi/img/OLED_PCB.png>]
<dev/hmi/img/pantallasVFLVdc-Display.png, id=719, 592.2125pt x 423.5825pt>
File: dev/hmi/img/pantallasVFLVdc-Display.png Graphic file (type png)
<use dev/hmi/img/pantallasVFLVdc-Display.png>
Package pdftex.def Info: dev/hmi/img/pantallasVFLVdc-Display.png  used on input
 line 125.
(pdftex.def)             Requested size: 310.4979pt x 222.09329pt.
 [50 <./dev/hmi/img/pantallasVFLVdc-Display.png>] [51]
<dev/hmi/img/MaquinaEstados_HMI.png, id=731, 1170.3725pt x 924.45375pt>
File: dev/hmi/img/MaquinaEstados_HMI.png Graphic file (type png)
<use dev/hmi/img/MaquinaEstados_HMI.png>
Package pdftex.def Info: dev/hmi/img/MaquinaEstados_HMI.png  used on input line
 225.
(pdftex.def)             Requested size: 1170.36964pt x 924.45149pt.
 [52]
Overfull \vbox (79.17198pt too high) has occurred while \output is active []


[53 <./dev/hmi/img/MaquinaEstados_HMI.png>]
<dev/hmi/img/Estructura-de-mensajes-SPI.png, id=743, 323.2075pt x 202.7575pt>
File: dev/hmi/img/Estructura-de-mensajes-SPI.png Graphic file (type png)
<use dev/hmi/img/Estructura-de-mensajes-SPI.png>
Package pdftex.def Info: dev/hmi/img/Estructura-de-mensajes-SPI.png  used on in
put line 238.
(pdftex.def)             Requested size: 310.4979pt x 194.79349pt.
 [54 <./dev/hmi/img/Estructura-de-mensajes-SPI.png>]
<dev/hmi/img/IOExpander_SCH.png, id=752, 589.60275pt x 396.2805pt>
File: dev/hmi/img/IOExpander_SCH.png Graphic file (type png)
<use dev/hmi/img/IOExpander_SCH.png>
Package pdftex.def Info: dev/hmi/img/IOExpander_SCH.png  used on input line 258
.
(pdftex.def)             Requested size: 310.4979pt x 208.69133pt.
 [55 <./dev/hmi/img/IOExpander_SCH.png>]
<dev/hmi/img/Relay_SCH.png, id=761, 437.2335pt x 252.34274pt>
File: dev/hmi/img/Relay_SCH.png Graphic file (type png)
<use dev/hmi/img/Relay_SCH.png>
Package pdftex.def Info: dev/hmi/img/Relay_SCH.png  used on input line 279.
(pdftex.def)             Requested size: 310.4979pt x 179.2031pt.
<dev/hmi/img/Relay_PCB2D.png, id=764, 239.6955pt x 328.22626pt>
File: dev/hmi/img/Relay_PCB2D.png Graphic file (type png)
<use dev/hmi/img/Relay_PCB2D.png>
Package pdftex.def Info: dev/hmi/img/Relay_PCB2D.png  used on input line 288.
(pdftex.def)             Requested size: 310.4979pt x 425.19157pt.
 [56 <./dev/hmi/img/Relay_SCH.png>]
<dev/hmi/img/Relay_PCB3D.png, id=773, 339.669pt x 514.3215pt>
File: dev/hmi/img/Relay_PCB3D.png Graphic file (type png)
<use dev/hmi/img/Relay_PCB3D.png>
Package pdftex.def Info: dev/hmi/img/Relay_PCB3D.png  used on input line 295.
(pdftex.def)             Requested size: 310.4979pt x 470.16008pt.
 [57 <./dev/hmi/img/Relay_PCB2D.png>]
<dev/hmi/img/Relay_PCB3D_2.png, id=780, 981.06525pt x 290.2845pt>
File: dev/hmi/img/Relay_PCB3D_2.png Graphic file (type png)
<use dev/hmi/img/Relay_PCB3D_2.png>
Package pdftex.def Info: dev/hmi/img/Relay_PCB3D_2.png  used on input line 304.

(pdftex.def)             Requested size: 310.4979pt x 91.86974pt.
 [58 <./dev/hmi/img/Relay_PCB3D.png>]
LaTeX Font Info:    Font shape `OT1/minntx/m/n' will be
(Font)              scaled to size 12.0pt on input line 315.
LaTeX Font Info:    Font shape `OT1/minntx/m/n' will be
(Font)              scaled to size 8.8pt on input line 315.
LaTeX Font Info:    Font shape `OT1/minntx/m/n' will be
(Font)              scaled to size 6.6pt on input line 315.
LaTeX Font Info:    Font shape `OML/ntxmi/m/it' will be
(Font)              scaled to size 12.0pt on input line 315.
LaTeX Font Info:    Font shape `OML/ntxmi/m/it' will be
(Font)              scaled to size 8.8pt on input line 315.
LaTeX Font Info:    Font shape `OML/ntxmi/m/it' will be
(Font)              scaled to size 6.6pt on input line 315.
LaTeX Font Info:    Font shape `LMS/ntxsy/m/n' will be
(Font)              scaled to size 12.0pt on input line 315.
LaTeX Font Info:    Font shape `LMS/ntxsy/m/n' will be
(Font)              scaled to size 8.8pt on input line 315.
LaTeX Font Info:    Font shape `LMS/ntxsy/m/n' will be
(Font)              scaled to size 6.6pt on input line 315.
LaTeX Font Info:    Font shape `LMX/ntxexx/m/n' will be
(Font)              scaled to size 12.0pt on input line 315.
LaTeX Font Info:    Font shape `LMX/ntxexx/m/n' will be
(Font)              scaled to size 8.8pt on input line 315.
LaTeX Font Info:    Font shape `LMX/ntxexx/m/n' will be
(Font)              scaled to size 6.6pt on input line 315.
LaTeX Font Info:    Font shape `U/ntxmia/m/it' will be
(Font)              scaled to size 12.0pt on input line 315.
LaTeX Font Info:    Font shape `U/ntxmia/m/it' will be
(Font)              scaled to size 8.8pt on input line 315.
LaTeX Font Info:    Font shape `U/ntxmia/m/it' will be
(Font)              scaled to size 6.6pt on input line 315.
LaTeX Font Info:    Font shape `U/ntxsym/m/n' will be
(Font)              scaled to size 12.0pt on input line 315.
LaTeX Font Info:    Font shape `U/ntxsym/m/n' will be
(Font)              scaled to size 8.8pt on input line 315.
LaTeX Font Info:    Font shape `U/ntxsym/m/n' will be
(Font)              scaled to size 6.6pt on input line 315.
LaTeX Font Info:    Font shape `U/ntxsyc/m/n' will be
(Font)              scaled to size 12.0pt on input line 315.
LaTeX Font Info:    Font shape `U/ntxsyc/m/n' will be
(Font)              scaled to size 8.8pt on input line 315.
LaTeX Font Info:    Font shape `U/ntxsyc/m/n' will be
(Font)              scaled to size 6.6pt on input line 315.
LaTeX Font Info:    Font shape `U/ntxexa/m/n' will be
(Font)              scaled to size 12.0pt on input line 315.
LaTeX Font Info:    Font shape `U/ntxexa/m/n' will be
(Font)              scaled to size 8.8pt on input line 315.
LaTeX Font Info:    Font shape `U/ntxexa/m/n' will be
(Font)              scaled to size 6.6pt on input line 315.
LaTeX Font Info:    Font shape `OT1/ntxtlf/m/n' will be
(Font)              scaled to size 8.8pt on input line 315.
LaTeX Font Info:    Font shape `OT1/ntxtlf/m/it' will be
(Font)              scaled to size 12.0pt on input line 315.
<dev/hmi/img/Buzzer_SCH.png, id=790, 273.4215pt x 344.487pt>
File: dev/hmi/img/Buzzer_SCH.png Graphic file (type png)
<use dev/hmi/img/Buzzer_SCH.png>
Package pdftex.def Info: dev/hmi/img/Buzzer_SCH.png  used on input line 321.
(pdftex.def)             Requested size: 310.4979pt x 391.2159pt.
 [59 <./dev/hmi/img/Relay_PCB3D_2.png>] [60 <./dev/hmi/img/Buzzer_SCH.png>]
<dev/hmi/img/ISO_Input_SCH.png, id=808, 426.99525pt x 195.73125pt>
File: dev/hmi/img/ISO_Input_SCH.png Graphic file (type png)
<use dev/hmi/img/ISO_Input_SCH.png>
Package pdftex.def Info: dev/hmi/img/ISO_Input_SCH.png  used on input line 338.

(pdftex.def)             Requested size: 310.4979pt x 142.33606pt.
<dev/hmi/img/ISO_0-10V_SCH.png, id=809, 664.884pt x 335.45325pt>
File: dev/hmi/img/ISO_0-10V_SCH.png Graphic file (type png)
<use dev/hmi/img/ISO_0-10V_SCH.png>
Package pdftex.def Info: dev/hmi/img/ISO_0-10V_SCH.png  used on input line 345.

(pdftex.def)             Requested size: 310.4979pt x 156.65466pt.
<dev/hmi/img/ISO_Thermoswitch_SCH.png, id=810, 530.58224pt x 286.06876pt>
File: dev/hmi/img/ISO_Thermoswitch_SCH.png Graphic file (type png)
<use dev/hmi/img/ISO_Thermoswitch_SCH.png>
Package pdftex.def Info: dev/hmi/img/ISO_Thermoswitch_SCH.png  used on input li
ne 352.
(pdftex.def)             Requested size: 310.4979pt x 167.41284pt.
 [61 <./dev/hmi/img/ISO_Input_SCH.png> <./dev/hmi/img/ISO_0-10V_SCH.png>]
<dev/hmi/img/ISO_IO_PCB.png, id=822, 423.38174pt x 436.63126pt>
File: dev/hmi/img/ISO_IO_PCB.png Graphic file (type png)
<use dev/hmi/img/ISO_IO_PCB.png>
Package pdftex.def Info: dev/hmi/img/ISO_IO_PCB.png  used on input line 361.
(pdftex.def)             Requested size: 310.4979pt x 320.21722pt.
<dev/hmi/img/ISO_IO_PCB3D.png, id=823, 494.44725pt x 483.60675pt>
File: dev/hmi/img/ISO_IO_PCB3D.png Graphic file (type png)
<use dev/hmi/img/ISO_IO_PCB3D.png>
Package pdftex.def Info: dev/hmi/img/ISO_IO_PCB3D.png  used on input line 368.
(pdftex.def)             Requested size: 310.4979pt x 303.69241pt.

[62 <./dev/hmi/img/ISO_Thermoswitch_SCH.png> <./dev/hmi/img/ISO_IO_PCB.png>]
<dev/hmi/img/ISO_0-10V_SIM.png, id=834, 423.38174pt x 187.902pt>
File: dev/hmi/img/ISO_0-10V_SIM.png Graphic file (type png)
<use dev/hmi/img/ISO_0-10V_SIM.png>
Package pdftex.def Info: dev/hmi/img/ISO_0-10V_SIM.png  used on input line 379.

(pdftex.def)             Requested size: 310.4979pt x 137.80382pt.

[63 <./dev/hmi/img/ISO_IO_PCB3D.png>]
<dev/hmi/img/ISO_0-10V_signal_output.png, id=842, 569.12625pt x 517.935pt>
File: dev/hmi/img/ISO_0-10V_signal_output.png Graphic file (type png)
<use dev/hmi/img/ISO_0-10V_signal_output.png>
Package pdftex.def Info: dev/hmi/img/ISO_0-10V_signal_output.png  used on input
 line 386.
(pdftex.def)             Requested size: 310.4979pt x 282.58113pt.
 [64 <./dev/hmi/img/ISO_0-10V_SIM.png> <./dev/hmi/img/ISO_0-10V_signal_output.p
ng>]
<dev/hmi/img/MatrizPulsadoresSCH.png, id=850, 808.82175pt x 357.13425pt>
File: dev/hmi/img/MatrizPulsadoresSCH.png Graphic file (type png)
<use dev/hmi/img/MatrizPulsadoresSCH.png>
Package pdftex.def Info: dev/hmi/img/MatrizPulsadoresSCH.png  used on input lin
e 403.
(pdftex.def)             Requested size: 310.4979pt x 137.09657pt.
<dev/hmi/img/MatrizPulsadoresPCB2D.png, id=853, 669.09975pt x 236.68425pt>
File: dev/hmi/img/MatrizPulsadoresPCB2D.png Graphic file (type png)
<use dev/hmi/img/MatrizPulsadoresPCB2D.png>
Package pdftex.def Info: dev/hmi/img/MatrizPulsadoresPCB2D.png  used on input l
ine 412.
(pdftex.def)             Requested size: 310.4979pt x 109.83311pt.
<dev/hmi/img/MatrizPulsadoresPCB3D.png, id=854, 841.34325pt x 296.90926pt>
File: dev/hmi/img/MatrizPulsadoresPCB3D.png Graphic file (type png)
<use dev/hmi/img/MatrizPulsadoresPCB3D.png>
Package pdftex.def Info: dev/hmi/img/MatrizPulsadoresPCB3D.png  used on input l
ine 419.
(pdftex.def)             Requested size: 310.4979pt x 109.5738pt.
 [65 <./dev/hmi/img/MatrizPulsadoresSCH.png> <./dev/hmi/img/MatrizPulsadoresPCB
2D.png>]) (dev/mont/mont.tex) [66 <./dev/hmi/img/MatrizPulsadoresPCB3D.png>] (e
ns/ens.tex
<ens/img/func/DiagConexion.png, id=870, 272.217pt x 334.851pt>
File: ens/img/func/DiagConexion.png Graphic file (type png)
<use ens/img/func/DiagConexion.png>
Package pdftex.def Info: ens/img/func/DiagConexion.png  used on input line 17.
(pdftex.def)             Requested size: 137.9979pt x 169.75497pt.
<ens/img/func/SetupMedicion.jpg, id=871, 1606.0pt x 1204.5pt>
File: ens/img/func/SetupMedicion.jpg Graphic file (type jpg)
<use ens/img/func/SetupMedicion.jpg>
Package pdftex.def Info: ens/img/func/SetupMedicion.jpg  used on input line 25.

(pdftex.def)             Requested size: 310.4979pt x 232.86403pt.
 [67 <./ens/img/func/DiagConexion.png>]
<ens/img/func/FrenoMotor.jpg, id=878, 1606.0pt x 1204.5pt>
File: ens/img/func/FrenoMotor.jpg Graphic file (type jpg)
<use ens/img/func/FrenoMotor.jpg>
Package pdftex.def Info: ens/img/func/FrenoMotor.jpg  used on input line 38.
(pdftex.def)             Requested size: 310.4979pt x 232.86403pt.
 [68 <./ens/img/func/SetupMedicion.jpg>]
<ens/img/func/EstadoIdle.jpg, id=884, 1606.0pt x 1204.5pt>
File: ens/img/func/EstadoIdle.jpg Graphic file (type jpg)
<use ens/img/func/EstadoIdle.jpg>
Package pdftex.def Info: ens/img/func/EstadoIdle.jpg  used on input line 47.
(pdftex.def)             Requested size: 310.4979pt x 232.86403pt.
 [69 <./ens/img/func/FrenoMotor.jpg> <./ens/img/func/EstadoIdle.jpg>]
<ens/img/mod/Dif_MedFrec.jpg, id=891, 301.125pt x 180.675pt>
File: ens/img/mod/Dif_MedFrec.jpg Graphic file (type jpg)
<use ens/img/mod/Dif_MedFrec.jpg>
Package pdftex.def Info: ens/img/mod/Dif_MedFrec.jpg  used on input line 63.
(pdftex.def)             Requested size: 310.4979pt x 186.31511pt.
<ens/img/mod/Dif_MedDesf.jpg, id=892, 301.125pt x 180.675pt>
File: ens/img/mod/Dif_MedDesf.jpg Graphic file (type jpg)
<use ens/img/mod/Dif_MedDesf.jpg>
Package pdftex.def Info: ens/img/mod/Dif_MedDesf.jpg  used on input line 70.
(pdftex.def)             Requested size: 310.4979pt x 186.31511pt.
 [70 <./ens/img/mod/Dif_MedFrec.jpg>]
<ens/img/mod/Dif_Med10Hz.jpg, id=898, 301.125pt x 180.675pt>
File: ens/img/mod/Dif_Med10Hz.jpg Graphic file (type jpg)
<use ens/img/mod/Dif_Med10Hz.jpg>
Package pdftex.def Info: ens/img/mod/Dif_Med10Hz.jpg  used on input line 79.
(pdftex.def)             Requested size: 310.4979pt x 186.31511pt.
<ens/img/mod/Dif_Med150Hz.jpg, id=899, 301.125pt x 180.675pt>
File: ens/img/mod/Dif_Med150Hz.jpg Graphic file (type jpg)
<use ens/img/mod/Dif_Med150Hz.jpg>
Package pdftex.def Info: ens/img/mod/Dif_Med150Hz.jpg  used on input line 86.
(pdftex.def)             Requested size: 310.4979pt x 186.31511pt.

[71 <./ens/img/mod/Dif_MedDesf.jpg> <./ens/img/mod/Dif_Med10Hz.jpg>]
<ens/img/mod/Dif_Zoom1.jpg, id=906, 301.125pt x 180.675pt>
File: ens/img/mod/Dif_Zoom1.jpg Graphic file (type jpg)
<use ens/img/mod/Dif_Zoom1.jpg>
Package pdftex.def Info: ens/img/mod/Dif_Zoom1.jpg  used on input line 95.
(pdftex.def)             Requested size: 310.4979pt x 186.31511pt.
<ens/img/mod/Dif_Zoom2.jpg, id=907, 301.125pt x 180.675pt>
File: ens/img/mod/Dif_Zoom2.jpg Graphic file (type jpg)
<use ens/img/mod/Dif_Zoom2.jpg>
Package pdftex.def Info: ens/img/mod/Dif_Zoom2.jpg  used on input line 102.
(pdftex.def)             Requested size: 310.4979pt x 186.31511pt.
 [72 <./ens/img/mod/Dif_Med150Hz.jpg> <./ens/img/mod/Dif_Zoom1.jpg>]
<ens/img/mod/SimPulsoGral.jpg, id=915, 301.125pt x 180.675pt>
File: ens/img/mod/SimPulsoGral.jpg Graphic file (type jpg)
<use ens/img/mod/SimPulsoGral.jpg>
Package pdftex.def Info: ens/img/mod/SimPulsoGral.jpg  used on input line 113.
(pdftex.def)             Requested size: 310.4979pt x 186.31511pt.
<ens/img/mod/SimPulsoMed1.jpg, id=916, 301.125pt x 180.675pt>
File: ens/img/mod/SimPulsoMed1.jpg Graphic file (type jpg)
<use ens/img/mod/SimPulsoMed1.jpg>
Package pdftex.def Info: ens/img/mod/SimPulsoMed1.jpg  used on input line 122.
(pdftex.def)             Requested size: 310.4979pt x 186.31511pt.
 [73 <./ens/img/mod/Dif_Zoom2.jpg> <./ens/img/mod/SimPulsoGral.jpg>]
<ens/img/mod/SimPulsoMed2.jpg, id=923, 301.125pt x 180.675pt>
File: ens/img/mod/SimPulsoMed2.jpg Graphic file (type jpg)
<use ens/img/mod/SimPulsoMed2.jpg>
Package pdftex.def Info: ens/img/mod/SimPulsoMed2.jpg  used on input line 129.
(pdftex.def)             Requested size: 310.4979pt x 186.31511pt.
 [74 <./ens/img/mod/SimPulsoMed1.jpg> <./ens/img/mod/SimPulsoMed2.jpg>]
<ens/img/mod/ModFrec5Hz.jpg, id=930, 1606.0pt x 1204.5pt>
File: ens/img/mod/ModFrec5Hz.jpg Graphic file (type jpg)
<use ens/img/mod/ModFrec5Hz.jpg>
Package pdftex.def Info: ens/img/mod/ModFrec5Hz.jpg  used on input line 153.
(pdftex.def)             Requested size: 310.4979pt x 232.86403pt.
<ens/img/mod/ModFrec10Hz.jpg, id=931, 1606.0pt x 1204.5pt>
File: ens/img/mod/ModFrec10Hz.jpg Graphic file (type jpg)
<use ens/img/mod/ModFrec10Hz.jpg>
Package pdftex.def Info: ens/img/mod/ModFrec10Hz.jpg  used on input line 160.
(pdftex.def)             Requested size: 310.4979pt x 232.86403pt.
 [75 <./ens/img/mod/ModFrec5Hz.jpg>]
<ens/img/mod/ModFrec20Hz.jpg, id=941, 1606.0pt x 1204.5pt>
File: ens/img/mod/ModFrec20Hz.jpg Graphic file (type jpg)
<use ens/img/mod/ModFrec20Hz.jpg>
Package pdftex.def Info: ens/img/mod/ModFrec20Hz.jpg  used on input line 167.
(pdftex.def)             Requested size: 310.4979pt x 232.86403pt.
<ens/img/mod/ModFrec30Hz.jpg, id=942, 1606.0pt x 1204.5pt>
File: ens/img/mod/ModFrec30Hz.jpg Graphic file (type jpg)
<use ens/img/mod/ModFrec30Hz.jpg>
Package pdftex.def Info: ens/img/mod/ModFrec30Hz.jpg  used on input line 174.
(pdftex.def)             Requested size: 310.4979pt x 232.86403pt.

[76 <./ens/img/mod/ModFrec10Hz.jpg> <./ens/img/mod/ModFrec20Hz.jpg>]
<ens/img/mod/ModFrec50Hz.jpg, id=949, 1606.0pt x 1204.5pt>
File: ens/img/mod/ModFrec50Hz.jpg Graphic file (type jpg)
<use ens/img/mod/ModFrec50Hz.jpg>
Package pdftex.def Info: ens/img/mod/ModFrec50Hz.jpg  used on input line 181.
(pdftex.def)             Requested size: 310.4979pt x 232.86403pt.
 [77 <./ens/img/mod/ModFrec30Hz.jpg> <./ens/img/mod/ModFrec50Hz.jpg>]
<ens/img/rend/Cnv_50W_Med1.jpg, id=956, 1204.5pt x 903.375pt>
File: ens/img/rend/Cnv_50W_Med1.jpg Graphic file (type jpg)
<use ens/img/rend/Cnv_50W_Med1.jpg>
Package pdftex.def Info: ens/img/rend/Cnv_50W_Med1.jpg  used on input line 204.

(pdftex.def)             Requested size: 310.4979pt x 232.87323pt.
 [78 <./ens/img/rend/Cnv_50W_Med1.jpg>]
<ens/img/rend/Cnv_50W_Med2.jpg, id=963, 301.125pt x 180.675pt>
File: ens/img/rend/Cnv_50W_Med2.jpg Graphic file (type jpg)
<use ens/img/rend/Cnv_50W_Med2.jpg>
Package pdftex.def Info: ens/img/rend/Cnv_50W_Med2.jpg  used on input line 213.

(pdftex.def)             Requested size: 310.4979pt x 186.31511pt.
<ens/img/rend/Cnv_300W_Med1.jpg, id=964, 1017.04968pt x 576.65437pt>
File: ens/img/rend/Cnv_300W_Med1.jpg Graphic file (type jpg)
<use ens/img/rend/Cnv_300W_Med1.jpg>
Package pdftex.def Info: ens/img/rend/Cnv_300W_Med1.jpg  used on input line 230
.
(pdftex.def)             Requested size: 310.4979pt x 176.0509pt.
 [79 <./ens/img/rend/Cnv_50W_Med2.jpg>]
<ens/img/rend/Cnv_300W_Med2.jpg, id=970, 301.125pt x 180.675pt>
File: ens/img/rend/Cnv_300W_Med2.jpg Graphic file (type jpg)
<use ens/img/rend/Cnv_300W_Med2.jpg>
Package pdftex.def Info: ens/img/rend/Cnv_300W_Med2.jpg  used on input line 237
.
(pdftex.def)             Requested size: 310.4979pt x 186.31511pt.
 [80 <./ens/img/rend/Cnv_300W_Med1.jpg> <./ens/img/rend/Cnv_300W_Med2.jpg>]
<ens/img/rend/Inv_120W.jpg, id=977, 1084.05pt x 903.375pt>
File: ens/img/rend/Inv_120W.jpg Graphic file (type jpg)
<use ens/img/rend/Inv_120W.jpg>
Package pdftex.def Info: ens/img/rend/Inv_120W.jpg  used on input line 258.
(pdftex.def)             Requested size: 310.4979pt x 258.74649pt.
 [81 <./ens/img/rend/Inv_120W.jpg>]) [82] [83] [84]
(c:\Users\User\Desktop\ProyectoFinal-Grupo5-VariadorDeFrecuencia\Tesina\out\mai
n.aux
LaTeX Info: Redefining \sptext on input line 12.
LaTeX Info: Redefining \. on input line 12.
LaTeX Info: Redefining \% on input line 12.
)
 ***********
LaTeX2e <2025-11-01>
L3 programming layer <2020/03/25>
 ***********


LaTeX Warning: There were multiply-defined labels.

Package rerunfilecheck Info: File `main.out' has not changed.
(rerunfilecheck)             Checksum: 0BE47C8F66F89F6D4302CC68D8013EBA;9387.
Package logreq Info: Writing requests to 'main.run.xml'.
\openout1 = `main.run.xml'.

 ) 
Here is how much of TeX's memory you used:
 27248 strings out of 467871
 479001 string characters out of 5418860
 1389137 words of memory out of 5000000
 55404 multiletter control sequences out of 15000+600000
 690402 words of font info for 165 fonts, out of 8000000 for 9000
 1141 hyphenation exceptions out of 8191
 74i,12n,77p,1199b,2903s stack positions out of 10000i,1000n,20000p,200000b,200000s

pdfTeX warning (dest): name{Hfootnote.3} has been referenced but does not exist
, replaced by a fixed one

<C:/Users/User/AppData/Local/Programs/MiKTeX/fonts/type1/public/newtx/NewTXMI.p
fb><C:/Users/User/AppData/Local/Programs/MiKTeX/fonts/type1/public/newtx/NewTXM
I7.pfb><C:/Users/User/AppData/Local/Programs/MiKTeX/fonts/type1/public/tex-gyre
/qtmr.pfb><C:/Users/User/AppData/Local/Programs/MiKTeX/fonts/type1/public/newtx
/txexs.pfb><C:/Users/User/AppData/Local/Programs/MiKTeX/fonts/type1/public/newt
x/txmiaX.pfb><C:/Users/User/AppData/Local/Programs/MiKTeX/fonts/type1/public/tx
fonts/txsyc.pfb><C:/Users/User/AppData/Local/Programs/MiKTeX/fonts/type1/public
/newtx/txsys.pfb><C:/Users/User/AppData/Local/Programs/MiKTeX/fonts/type1/publi
c/newtx/ztmb.pfb><C:/Users/User/AppData/Local/Programs/MiKTeX/fonts/type1/publi
c/newtx/ztmbi.pfb><C:/Users/User/AppData/Local/Programs/MiKTeX/fonts/type1/publ
ic/newtx/ztmr.pfb><C:/Users/User/AppData/Local/Programs/MiKTeX/fonts/type1/publ
ic/newtx/ztmri.pfb>
Output written on c:\Users\User\Desktop\ProyectoFinal-Grupo5-VariadorDeFrecuenc
ia\Tesina\out\main.pdf (85 pages, 8292420 bytes).
PDF statistics:
 1119 PDF objects out of 1200 (max. 8388607)
 305 named destinations out of 1000 (max. 500000)
 870 words of extra memory for PDF output out of 10000 (max. 10000000)

